#
# There is insufficient memory for the Java Runtime Environment to continue.
# Native memory allocation (mmap) failed to map 109051904 bytes for Failed to commit area from 0x0000000091000000 to 0x0000000097800000 of length 109051904.
# Possible reasons:
#   The system is out of physical RAM or swap space
#   The process is running with CompressedOops enabled, and the Java Heap may be blocking the growth of the native heap
# Possible solutions:
#   Reduce memory load on the system
#   Increase physical memory or swap space
#   Check if swap backing store is full
#   Decrease Java heap size (-Xmx/-Xms)
#   Decrease number of Java threads
#   Decrease Java thread stack sizes (-Xss)
#   Set larger code cache with -XX:ReservedCodeCacheSize=
#   JVM is running with Unscaled Compressed Oops mode in which the Java heap is
#     placed in the first 4GB address space. The Java Heap base address is the
#     maximum limit for the native heap growth. Please use -XX:HeapBaseMinAddress
#     to set the Java Heap base and to place the Java Heap above 4GB virtual address.
# This output file may be truncated or incomplete.
#
#  Out of Memory Error (./open/src/hotspot/os/windows/os_windows.cpp:3283), pid=9208, tid=11936
#
# JRE version: Java(TM) SE Runtime Environment 18.9 (11.0.17+10) (build 11.0.17+10-LTS-269)
# Java VM: Java HotSpot(TM) 64-Bit Server VM 18.9 (11.0.17+10-LTS-269, mixed mode, tiered, compressed oops, g1 gc, windows-amd64)
# No core dump will be written. Minidumps are not enabled by default on client versions of Windows
#

---------------  S U M M A R Y ------------

Command Line: -XX:MaxMetaspaceSize=512m --add-opens=java.base/java.util=ALL-UNNAMED --add-opens=java.base/java.lang=ALL-UNNAMED --add-opens=java.base/java.lang.invoke=ALL-UNNAMED --add-opens=java.base/java.util=ALL-UNNAMED --add-opens=java.prefs/java.util.prefs=ALL-UNNAMED --add-opens=java.prefs/java.util.prefs=ALL-UNNAMED --add-opens=java.base/java.nio.charset=ALL-UNNAMED --add-opens=java.base/java.net=ALL-UNNAMED --add-opens=java.base/java.util.concurrent.atomic=ALL-UNNAMED -Xmx2048m -Dfile.encoding=windows-1252 -Duser.country=US -Duser.language=en -Duser.variant org.gradle.launcher.daemon.bootstrap.GradleDaemon 7.5.1

Host: Intel(R) Core(TM) i3-6100U CPU @ 2.30GHz, 4 cores, 7G,  Windows 10 , 64 bit Build 19041 (10.0.19041.3031)
Time: Sat Jun 17 23:21:19 2023 Pakistan Standard Time elapsed time: 53.978603 seconds (0d 0h 0m 53s)

---------------  T H R E A D  ---------------

Current thread (0x000001b07a9eb800):  VMThread "VM Thread" [stack: 0x00000070afc00000,0x00000070afd00000] [id=11936]

Stack: [0x00000070afc00000,0x00000070afd00000]
[error occurred during error reporting (printing stack bounds), id 0xc0000005, EXCEPTION_ACCESS_VIOLATION (0xc0000005) at pc=0x000001b0641b0f2d]

Native frames: (J=compiled Java code, j=interpreted, Vv=VM code, C=native code)
V  [jvm.dll+0x62b5da]
V  [jvm.dll+0x7653df]
V  [jvm.dll+0x766a89]
V  [jvm.dll+0x767075]
V  [jvm.dll+0x76702b]
V  [jvm.dll+0x62aac3]
V  [jvm.dll+0x62b1d8]
C  [ntdll.dll+0xa247f]
C  [ntdll.dll+0x514f4]
C  [ntdll.dll+0xa0f8e]
C  0x000001b0641b0f2d

VM_Operation (0x00000070b0ff93c0): G1CollectForAllocation, mode: safepoint, requested by thread 0x000001b07e0f9000


---------------  P R O C E S S  ---------------

Threads class SMR info:
_java_thread_list=0x000001b0015502a0, length=87, elements={
0x000001b05b2e0800, 0x000001b07a9ef800, 0x000001b07a9f8800, 0x000001b07b360800,
0x000001b07b362000, 0x000001b07b363000, 0x000001b07b368800, 0x000001b07b36d000,
0x000001b07aa58000, 0x000001b07b4ce800, 0x000001b07d325000, 0x000001b07cb93800,
0x000001b07cb0b800, 0x000001b07d7c0800, 0x000001b07d42c800, 0x000001b07e6a2800,
0x000001b07e0f9000, 0x000001b07cad2000, 0x000001b07dc1a000, 0x000001b07cdee800,
0x000001b07cdef800, 0x000001b07cdf0000, 0x000001b07cded800, 0x000001b07cdf1000,
0x000001b07cdec000, 0x000001b07cdeb800, 0x000001b07cded000, 0x000001b07cdf2000,
0x000001b07d9bd800, 0x000001b07d9c1800, 0x000001b07d9c2800, 0x000001b07d9be800,
0x000001b07d9c0000, 0x000001b07db05000, 0x000001b07db06800, 0x000001b07db03800,
0x000001b07db07800, 0x000001b07db09000, 0x000001b07db0a000, 0x000001b07db0b000,
0x000001b07db0b800, 0x000001b07db06000, 0x000001b07db0c800, 0x000001b07db0d800,
0x000001b07db0e000, 0x000001b07db0f000, 0x000001b07db0f800, 0x000001b07db10800,
0x000001b07db11800, 0x000001b0009ac800, 0x000001b0009aa000, 0x000001b0009ad000,
0x000001b0009ae000, 0x000001b0009a8800, 0x000001b0009af000, 0x000001b0009a9000,
0x000001b0009af800, 0x000001b0009b0800, 0x000001b0009ab000, 0x000001b0009b1800,
0x000001b0009ab800, 0x000001b0009b3800, 0x000001b0009b2000, 0x000001b0009b5800,
0x000001b0009b6000, 0x000001b0009b3000, 0x000001b0009b4800, 0x000001b0009b7000,
0x000001b07bcd5000, 0x000001b07bcd2800, 0x000001b07bcd7800, 0x000001b07bcd6800,
0x000001b07bcd3800, 0x000001b07bcd6000, 0x000001b07bcd9000, 0x000001b07bcda000,
0x000001b07bcd4000, 0x000001b07bcdc800, 0x000001b07bcda800, 0x000001b07bcdf800,
0x000001b07bcde800, 0x000001b07bce0800, 0x000001b07bcdd000, 0x000001b07bcdb800,
0x000001b07bce1000, 0x000001b07bcde000, 0x000001b0011d2800
}

Java Threads: ( => current thread )
  0x000001b05b2e0800 JavaThread "main" [_thread_blocked, id=9892, stack(0x00000070af600000,0x00000070af700000)]
  0x000001b07a9ef800 JavaThread "Reference Handler" daemon [_thread_blocked, id=12272, stack(0x00000070afd00000,0x00000070afe00000)]
  0x000001b07a9f8800 JavaThread "Finalizer" daemon [_thread_blocked, id=704, stack(0x00000070afe00000,0x00000070aff00000)]
  0x000001b07b360800 JavaThread "Signal Dispatcher" daemon [_thread_blocked, id=11324, stack(0x00000070aff00000,0x00000070b0000000)]
  0x000001b07b362000 JavaThread "Attach Listener" daemon [_thread_blocked, id=7736, stack(0x00000070b0000000,0x00000070b0100000)]
  0x000001b07b363000 JavaThread "Service Thread" daemon [_thread_blocked, id=11108, stack(0x00000070b0100000,0x00000070b0200000)]
  0x000001b07b368800 JavaThread "C2 CompilerThread0" daemon [_thread_in_native, id=8588, stack(0x00000070b0200000,0x00000070b0300000)]
  0x000001b07b36d000 JavaThread "C1 CompilerThread0" daemon [_thread_blocked, id=2532, stack(0x00000070b0300000,0x00000070b0400000)]
  0x000001b07aa58000 JavaThread "Sweeper thread" daemon [_thread_blocked, id=8640, stack(0x00000070b0400000,0x00000070b0500000)]
  0x000001b07b4ce800 JavaThread "Common-Cleaner" daemon [_thread_blocked, id=9380, stack(0x00000070b0500000,0x00000070b0600000)]
  0x000001b07d325000 JavaThread "Daemon health stats" [_thread_blocked, id=5228, stack(0x00000070b0900000,0x00000070b0a00000)]
  0x000001b07cb93800 JavaThread "Incoming local TCP Connector on port 56208" [_thread_in_native, id=6532, stack(0x00000070b0700000,0x00000070b0800000)]
  0x000001b07cb0b800 JavaThread "Daemon periodic checks" [_thread_blocked, id=9300, stack(0x00000070b0b00000,0x00000070b0c00000)]
  0x000001b07d7c0800 JavaThread "Daemon" [_thread_blocked, id=8416, stack(0x00000070b0c00000,0x00000070b0d00000)]
  0x000001b07d42c800 JavaThread "Handler for socket connection from /127.0.0.1:56208 to /127.0.0.1:56209" [_thread_in_native, id=7988, stack(0x00000070b0d00000,0x00000070b0e00000)]
  0x000001b07e6a2800 JavaThread "Cancel handler" [_thread_blocked, id=5892, stack(0x00000070b0e00000,0x00000070b0f00000)]
  0x000001b07e0f9000 JavaThread "Daemon worker" [_thread_blocked, id=8172, stack(0x00000070b0f00000,0x00000070b1000000)]
  0x000001b07cad2000 JavaThread "Asynchronous log dispatcher for DefaultDaemonConnection: socket connection from /127.0.0.1:56208 to /127.0.0.1:56209" [_thread_blocked, id=5000, stack(0x00000070b1000000,0x00000070b1100000)]
  0x000001b07dc1a000 JavaThread "Stdin handler" [_thread_blocked, id=12832, stack(0x00000070b1100000,0x00000070b1200000)]
  0x000001b07cdee800 JavaThread "Daemon client event forwarder" [_thread_blocked, id=9428, stack(0x00000070b1200000,0x00000070b1300000)]
  0x000001b07cdef800 JavaThread "Cache worker for journal cache (C:\Users\hafiz\.gradle\caches\journal-1)" [_thread_blocked, id=1776, stack(0x00000070b1300000,0x00000070b1400000)]
  0x000001b07cdf0000 JavaThread "File lock request listener" [_thread_in_native, id=13088, stack(0x00000070b1400000,0x00000070b1500000)]
  0x000001b07cded800 JavaThread "Cache worker for file hash cache (C:\Users\hafiz\.gradle\caches\7.5.1\fileHashes)" [_thread_blocked, id=11116, stack(0x00000070b1700000,0x00000070b1800000)]
  0x000001b07cdf1000 JavaThread "File watcher server" daemon [_thread_in_native, id=11852, stack(0x00000070b1800000,0x00000070b1900000)]
  0x000001b07cdec000 JavaThread "File watcher consumer" daemon [_thread_blocked, id=11932, stack(0x00000070b1900000,0x00000070b1a00000)]
  0x000001b07cdeb800 JavaThread "Cache worker for checksums cache (C:\Users\hafiz\OneDrive\Desktop\HelpSoEasy\video-call-aapp\android\.gradle\7.5.1\checksums)" [_thread_blocked, id=3536, stack(0x00000070b1a00000,0x00000070b1b00000)]
  0x000001b07cded000 JavaThread "Cache worker for cache directory md-rule (C:\Users\hafiz\.gradle\caches\7.5.1\md-rule)" [_thread_blocked, id=5176, stack(0x00000070b1b00000,0x00000070b1c00000)]
  0x000001b07cdf2000 JavaThread "Cache worker for file content cache (C:\Users\hafiz\.gradle\caches\7.5.1\fileContent)" [_thread_blocked, id=7444, stack(0x00000070b1c00000,0x00000070b1d00000)]
  0x000001b07d9bd800 JavaThread "Cache worker for file hash cache (C:\Users\hafiz\OneDrive\Desktop\HelpSoEasy\video-call-aapp\android\.gradle\7.5.1\fileHashes)" [_thread_blocked, id=2968, stack(0x00000070b1d00000,0x00000070b1e00000)]
  0x000001b07d9c1800 JavaThread "Cache worker for cache directory md-supplier (C:\Users\hafiz\.gradle\caches\7.5.1\md-supplier)" [_thread_blocked, id=11024, stack(0x00000070b1e00000,0x00000070b1f00000)]
  0x000001b07d9c2800 JavaThread "Cache worker for execution history cache (C:\Users\hafiz\.gradle\caches\7.5.1\executionHistory)" [_thread_blocked, id=2788, stack(0x00000070b1f00000,0x00000070b2000000)]
  0x000001b07d9be800 JavaThread "jar transforms" [_thread_blocked, id=7312, stack(0x00000070b2000000,0x00000070b2100000)]
  0x000001b07d9c0000 JavaThread "jar transforms Thread 2" [_thread_blocked, id=4640, stack(0x00000070b2100000,0x00000070b2200000)]
  0x000001b07db05000 JavaThread "jar transforms Thread 3" [_thread_blocked, id=10140, stack(0x00000070b2200000,0x00000070b2300000)]
  0x000001b07db06800 JavaThread "jar transforms Thread 4" [_thread_blocked, id=2716, stack(0x00000070b2300000,0x00000070b2400000)]
  0x000001b07db03800 JavaThread "Cache worker for kotlin-dsl (C:\Users\hafiz\.gradle\caches\7.5.1\kotlin-dsl)" [_thread_blocked, id=5820, stack(0x00000070b2400000,0x00000070b2500000)]
  0x000001b07db07800 JavaThread "Cache worker for dependencies-accessors (C:\Users\hafiz\OneDrive\Desktop\HelpSoEasy\video-call-aapp\android\.gradle\7.5.1\dependencies-accessors)" [_thread_blocked, id=9692, stack(0x00000070b2500000,0x00000070b2600000)]
  0x000001b07db09000 JavaThread "Cache worker for Build Output Cleanup Cache (C:\Users\hafiz\OneDrive\Desktop\HelpSoEasy\video-call-aapp\node_modules\react-native-gradle-plugin\.gradle\buildOutputCleanup)" [_thread_blocked, id=11780, stack(0x00000070b2600000,0x00000070b2700000)]
  0x000001b07db0a000 JavaThread "Unconstrained build operations" [_thread_blocked, id=12560, stack(0x00000070b2700000,0x00000070b2800000)]
  0x000001b07db0b000 JavaThread "Unconstrained build operations Thread 2" [_thread_blocked, id=7032, stack(0x00000070b2800000,0x00000070b2900000)]
  0x000001b07db0b800 JavaThread "Unconstrained build operations Thread 3" [_thread_blocked, id=2668, stack(0x00000070b2900000,0x00000070b2a00000)]
  0x000001b07db06000 JavaThread "Unconstrained build operations Thread 4" [_thread_blocked, id=9688, stack(0x00000070b2a00000,0x00000070b2b00000)]
  0x000001b07db0c800 JavaThread "Unconstrained build operations Thread 5" [_thread_blocked, id=1948, stack(0x00000070b2b00000,0x00000070b2c00000)]
  0x000001b07db0d800 JavaThread "Unconstrained build operations Thread 6" [_thread_blocked, id=9488, stack(0x00000070b2c00000,0x00000070b2d00000)]
  0x000001b07db0e000 JavaThread "Unconstrained build operations Thread 7" [_thread_blocked, id=9264, stack(0x00000070b2d00000,0x00000070b2e00000)]
  0x000001b07db0f000 JavaThread "Unconstrained build operations Thread 8" [_thread_blocked, id=9116, stack(0x00000070b2e00000,0x00000070b2f00000)]
  0x000001b07db0f800 JavaThread "Unconstrained build operations Thread 9" [_thread_blocked, id=8992, stack(0x00000070b2f00000,0x00000070b3000000)]
  0x000001b07db10800 JavaThread "Unconstrained build operations Thread 10" [_thread_blocked, id=10724, stack(0x00000070b3000000,0x00000070b3100000)]
  0x000001b07db11800 JavaThread "Unconstrained build operations Thread 11" [_thread_blocked, id=9444, stack(0x00000070b3100000,0x00000070b3200000)]
  0x000001b0009ac800 JavaThread "Unconstrained build operations Thread 12" [_thread_blocked, id=7908, stack(0x00000070b3200000,0x00000070b3300000)]
  0x000001b0009aa000 JavaThread "Unconstrained build operations Thread 13" [_thread_blocked, id=6764, stack(0x00000070b3300000,0x00000070b3400000)]
  0x000001b0009ad000 JavaThread "Unconstrained build operations Thread 14" [_thread_blocked, id=8512, stack(0x00000070b3400000,0x00000070b3500000)]
  0x000001b0009ae000 JavaThread "Unconstrained build operations Thread 15" [_thread_blocked, id=8764, stack(0x00000070b3500000,0x00000070b3600000)]
  0x000001b0009a8800 JavaThread "Unconstrained build operations Thread 16" [_thread_blocked, id=5808, stack(0x00000070b3600000,0x00000070b3700000)]
  0x000001b0009af000 JavaThread "Unconstrained build operations Thread 17" [_thread_blocked, id=7332, stack(0x00000070b3700000,0x00000070b3800000)]
  0x000001b0009a9000 JavaThread "Unconstrained build operations Thread 18" [_thread_blocked, id=2064, stack(0x00000070b3800000,0x00000070b3900000)]
  0x000001b0009af800 JavaThread "Unconstrained build operations Thread 19" [_thread_blocked, id=9584, stack(0x00000070b3900000,0x00000070b3a00000)]
  0x000001b0009b0800 JavaThread "Unconstrained build operations Thread 20" [_thread_blocked, id=1988, stack(0x00000070b3a00000,0x00000070b3b00000)]
  0x000001b0009ab000 JavaThread "Unconstrained build operations Thread 21" [_thread_blocked, id=11028, stack(0x00000070b3b00000,0x00000070b3c00000)]
  0x000001b0009b1800 JavaThread "Unconstrained build operations Thread 22" [_thread_blocked, id=11680, stack(0x00000070b3c00000,0x00000070b3d00000)]
  0x000001b0009ab800 JavaThread "Unconstrained build operations Thread 23" [_thread_blocked, id=12744, stack(0x00000070b3d00000,0x00000070b3e00000)]
  0x000001b0009b3800 JavaThread "Unconstrained build operations Thread 24" [_thread_blocked, id=584, stack(0x00000070b3e00000,0x00000070b3f00000)]
  0x000001b0009b2000 JavaThread "Unconstrained build operations Thread 25" [_thread_blocked, id=8324, stack(0x00000070b3f00000,0x00000070b4000000)]
  0x000001b0009b5800 JavaThread "Unconstrained build operations Thread 26" [_thread_blocked, id=10224, stack(0x00000070b4000000,0x00000070b4100000)]
  0x000001b0009b6000 JavaThread "Unconstrained build operations Thread 27" [_thread_blocked, id=11812, stack(0x00000070b4100000,0x00000070b4200000)]
  0x000001b0009b3000 JavaThread "Unconstrained build operations Thread 28" [_thread_blocked, id=3696, stack(0x00000070b4200000,0x00000070b4300000)]
  0x000001b0009b4800 JavaThread "Unconstrained build operations Thread 29" [_thread_blocked, id=8084, stack(0x00000070b4300000,0x00000070b4400000)]
  0x000001b0009b7000 JavaThread "Unconstrained build operations Thread 30" [_thread_blocked, id=3692, stack(0x00000070b4400000,0x00000070b4500000)]
  0x000001b07bcd5000 JavaThread "Unconstrained build operations Thread 31" [_thread_blocked, id=1556, stack(0x00000070b4500000,0x00000070b4600000)]
  0x000001b07bcd2800 JavaThread "Unconstrained build operations Thread 32" [_thread_blocked, id=6656, stack(0x00000070b4600000,0x00000070b4700000)]
  0x000001b07bcd7800 JavaThread "Unconstrained build operations Thread 33" [_thread_blocked, id=10256, stack(0x00000070b4700000,0x00000070b4800000)]
  0x000001b07bcd6800 JavaThread "build event listener" [_thread_blocked, id=7008, stack(0x00000070b4800000,0x00000070b4900000)]
  0x000001b07bcd3800 JavaThread "Memory manager" [_thread_blocked, id=11704, stack(0x00000070b4900000,0x00000070b4a00000)]
  0x000001b07bcd6000 JavaThread "Cache worker for Build Output Cleanup Cache (C:\Users\hafiz\OneDrive\Desktop\HelpSoEasy\video-call-aapp\android\.gradle\buildOutputCleanup)" [_thread_blocked, id=9988, stack(0x00000070b0a00000,0x00000070b0b00000)]
  0x000001b07bcd9000 JavaThread "included builds" [_thread_blocked, id=13240, stack(0x00000070b4b00000,0x00000070b4c00000)]
  0x000001b07bcda000 JavaThread "Execution worker" [_thread_blocked, id=6760, stack(0x00000070b4c00000,0x00000070b4d00000)]
  0x000001b07bcd4000 JavaThread "Execution worker Thread 2" [_thread_blocked, id=8656, stack(0x00000070b4d00000,0x00000070b4e00000)]
  0x000001b07bcdc800 JavaThread "Execution worker Thread 3" [_thread_blocked, id=10828, stack(0x00000070b4e00000,0x00000070b4f00000)]
  0x000001b07bcda800 JavaThread "Cache worker for execution history cache (C:\Users\hafiz\OneDrive\Desktop\HelpSoEasy\video-call-aapp\node_modules\react-native-gradle-plugin\.gradle\7.5.1\executionHistory)" [_thread_blocked, id=504, stack(0x00000070b4f00000,0x00000070b5000000)]
  0x000001b07bcdf800 JavaThread "Unconstrained build operations Thread 34" [_thread_blocked, id=12320, stack(0x00000070b5000000,0x00000070b5100000)]
  0x000001b07bcde800 JavaThread "Unconstrained build operations Thread 35" [_thread_blocked, id=13152, stack(0x00000070b5100000,0x00000070b5200000)]
  0x000001b07bce0800 JavaThread "Unconstrained build operations Thread 36" [_thread_blocked, id=2324, stack(0x00000070b5200000,0x00000070b5300000)]
  0x000001b07bcdd000 JavaThread "Unconstrained build operations Thread 37" [_thread_blocked, id=7152, stack(0x00000070b5300000,0x00000070b5400000)]
  0x000001b07bcdb800 JavaThread "Unconstrained build operations Thread 38" [_thread_blocked, id=5156, stack(0x00000070b5400000,0x00000070b5500000)]
  0x000001b07bce1000 JavaThread "Unconstrained build operations Thread 39" [_thread_blocked, id=7060, stack(0x00000070b5500000,0x00000070b5600000)]
  0x000001b07bcde000 JavaThread "Unconstrained build operations Thread 40" [_thread_blocked, id=2088, stack(0x00000070b5600000,0x00000070b5700000)]
  0x000001b0011d2800 JavaThread "C2 CompilerThread1" daemon [_thread_in_native, id=8712, stack(0x00000070b5800000,0x00000070b5900000)]

Other Threads:
=>0x000001b07a9eb800 VMThread "VM Thread" [stack: 0x00000070afc00000,0x00000070afd00000] [id=11936]
  0x000001b07b4d6000 WatcherThread [stack: 0x00000070b0600000,0x00000070b0700000] [id=4452]
  0x000001b05b2f6000 GCTaskThread "GC Thread#0" [stack: 0x00000070af700000,0x00000070af800000] [id=1228]
  0x000001b07b8d6000 GCTaskThread "GC Thread#1" [stack: 0x00000070b0800000,0x00000070b0900000] [id=12596]
  0x000001b07c7ce000 GCTaskThread "GC Thread#2" [stack: 0x00000070b1500000,0x00000070b1600000] [id=5696]
  0x000001b07d647000 GCTaskThread "GC Thread#3" [stack: 0x00000070b1600000,0x00000070b1700000] [id=13276]
  0x000001b05b326000 ConcurrentGCThread "G1 Main Marker" [stack: 0x00000070af800000,0x00000070af900000] [id=12240]
  0x000001b05b327800 ConcurrentGCThread "G1 Conc#0" [stack: 0x00000070af900000,0x00000070afa00000] [id=11860]
  0x000001b05b3b7000 ConcurrentGCThread "G1 Refine#0" [stack: 0x00000070afa00000,0x00000070afb00000] [id=10432]
  0x000001b05b3b8000 ConcurrentGCThread "G1 Young RemSet Sampling" [stack: 0x00000070afb00000,0x00000070afc00000] [id=9032]

Threads with active compile tasks:
C2 CompilerThread0    54034 14174       4       org.gradle.internal.component.model.ComponentAttributeMatcher::match (259 bytes)
C2 CompilerThread1    54034 14252       4       org.gradle.api.internal.artifacts.configurations.Configurations::collectCapabilities (73 bytes)

VM state:at safepoint (normal execution)

VM Mutex/Monitor currently owned by a thread:  ([mutex/lock_event])
[0x000001b05b2dcb40] Threads_lock - owner thread: 0x000001b07a9eb800
[0x000001b05b2dd560] Heap_lock - owner thread: 0x000001b07e0f9000

Heap address: 0x0000000080000000, size: 2048 MB, Compressed Oops mode: 32-bit
Narrow klass base: 0x0000000000000000, Narrow klass shift: 3
Compressed class space size: 528482304 Address: 0x0000000100000000

Heap:
 garbage-first heap   total 385024K, used 179063K [0x0000000080000000, 0x0000000100000000)
  region size 1024K, 6 young (6144K), 6 survivors (6144K)
 Metaspace       used 108061K, capacity 112860K, committed 113180K, reserved 614400K
  class space    used 14397K, capacity 16205K, committed 16288K, reserved 516096K
Heap Regions: E=young(eden), S=young(survivor), O=old, HS=humongous(starts), HC=humongous(continues), CS=collection set, F=free, A=archive, TAMS=top-at-mark-start (previous, next)
|   0|0x0000000080000000, 0x0000000080100000, 0x0000000080100000|100%|HS|  |TAMS 0x0000000080100000, 0x0000000080100000| Complete 
|   1|0x0000000080100000, 0x0000000080200000, 0x0000000080200000|100%|HC|  |TAMS 0x0000000080200000, 0x0000000080200000| Complete 
|   2|0x0000000080200000, 0x0000000080300000, 0x0000000080300000|100%|HC|  |TAMS 0x0000000080300000, 0x0000000080300000| Complete 
|   3|0x0000000080300000, 0x0000000080400000, 0x0000000080400000|100%| O|  |TAMS 0x0000000080400000, 0x0000000080400000| Untracked 
|   4|0x0000000080400000, 0x0000000080500000, 0x0000000080500000|100%| O|  |TAMS 0x0000000080500000, 0x0000000080500000| Untracked 
|   5|0x0000000080500000, 0x0000000080600000, 0x0000000080600000|100%| O|  |TAMS 0x0000000080600000, 0x0000000080600000| Untracked 
|   6|0x0000000080600000, 0x0000000080700000, 0x0000000080700000|100%| O|  |TAMS 0x0000000080700000, 0x0000000080700000| Untracked 
|   7|0x0000000080700000, 0x0000000080800000, 0x0000000080800000|100%| O|  |TAMS 0x0000000080800000, 0x0000000080800000| Untracked 
|   8|0x0000000080800000, 0x0000000080900000, 0x0000000080900000|100%| O|  |TAMS 0x0000000080900000, 0x0000000080900000| Untracked 
|   9|0x0000000080900000, 0x0000000080a00000, 0x0000000080a00000|100%| O|  |TAMS 0x0000000080a00000, 0x0000000080a00000| Untracked 
|  10|0x0000000080a00000, 0x0000000080b00000, 0x0000000080b00000|100%| O|  |TAMS 0x0000000080b00000, 0x0000000080b00000| Untracked 
|  11|0x0000000080b00000, 0x0000000080c00000, 0x0000000080c00000|100%| O|  |TAMS 0x0000000080c00000, 0x0000000080c00000| Untracked 
|  12|0x0000000080c00000, 0x0000000080d00000, 0x0000000080d00000|100%| O|  |TAMS 0x0000000080d00000, 0x0000000080d00000| Untracked 
|  13|0x0000000080d00000, 0x0000000080e00000, 0x0000000080e00000|100%| O|  |TAMS 0x0000000080e00000, 0x0000000080e00000| Untracked 
|  14|0x0000000080e00000, 0x0000000080f00000, 0x0000000080f00000|100%|HS|  |TAMS 0x0000000080f00000, 0x0000000080f00000| Complete 
|  15|0x0000000080f00000, 0x0000000081000000, 0x0000000081000000|100%| O|  |TAMS 0x0000000081000000, 0x0000000081000000| Untracked 
|  16|0x0000000081000000, 0x0000000081100000, 0x0000000081100000|100%| O|  |TAMS 0x0000000081100000, 0x0000000081100000| Untracked 
|  17|0x0000000081100000, 0x0000000081200000, 0x0000000081200000|100%| O|  |TAMS 0x0000000081200000, 0x0000000081200000| Untracked 
|  18|0x0000000081200000, 0x0000000081300000, 0x0000000081300000|100%| O|  |TAMS 0x0000000081300000, 0x0000000081300000| Untracked 
|  19|0x0000000081300000, 0x0000000081400000, 0x0000000081400000|100%| O|  |TAMS 0x0000000081400000, 0x0000000081400000| Untracked 
|  20|0x0000000081400000, 0x0000000081500000, 0x0000000081500000|100%| O|  |TAMS 0x0000000081500000, 0x0000000081500000| Untracked 
|  21|0x0000000081500000, 0x0000000081600000, 0x0000000081600000|100%| O|  |TAMS 0x0000000081600000, 0x0000000081600000| Untracked 
|  22|0x0000000081600000, 0x0000000081700000, 0x0000000081700000|100%| O|  |TAMS 0x0000000081700000, 0x0000000081700000| Untracked 
|  23|0x0000000081700000, 0x0000000081800000, 0x0000000081800000|100%| O|  |TAMS 0x0000000081800000, 0x0000000081800000| Untracked 
|  24|0x0000000081800000, 0x0000000081900000, 0x0000000081900000|100%|HS|  |TAMS 0x0000000081900000, 0x0000000081900000| Complete 
|  25|0x0000000081900000, 0x0000000081a00000, 0x0000000081a00000|100%|HC|  |TAMS 0x0000000081a00000, 0x0000000081a00000| Complete 
|  26|0x0000000081a00000, 0x0000000081b00000, 0x0000000081b00000|100%|HC|  |TAMS 0x0000000081b00000, 0x0000000081b00000| Complete 
|  27|0x0000000081b00000, 0x0000000081c00000, 0x0000000081c00000|100%| O|  |TAMS 0x0000000081c00000, 0x0000000081c00000| Untracked 
|  28|0x0000000081c00000, 0x0000000081d00000, 0x0000000081d00000|100%| O|  |TAMS 0x0000000081d00000, 0x0000000081d00000| Untracked 
|  29|0x0000000081d00000, 0x0000000081e00000, 0x0000000081e00000|100%| O|  |TAMS 0x0000000081e00000, 0x0000000081e00000| Untracked 
|  30|0x0000000081e00000, 0x0000000081f00000, 0x0000000081f00000|100%| O|  |TAMS 0x0000000081f00000, 0x0000000081f00000| Untracked 
|  31|0x0000000081f00000, 0x0000000082000000, 0x0000000082000000|100%| O|  |TAMS 0x0000000082000000, 0x0000000082000000| Untracked 
|  32|0x0000000082000000, 0x0000000082100000, 0x0000000082100000|100%| O|  |TAMS 0x0000000082100000, 0x0000000082100000| Untracked 
|  33|0x0000000082100000, 0x0000000082200000, 0x0000000082200000|100%| O|  |TAMS 0x0000000082200000, 0x0000000082200000| Untracked 
|  34|0x0000000082200000, 0x0000000082300000, 0x0000000082300000|100%| O|  |TAMS 0x0000000082300000, 0x0000000082300000| Untracked 
|  35|0x0000000082300000, 0x0000000082400000, 0x0000000082400000|100%| O|  |TAMS 0x0000000082400000, 0x0000000082400000| Untracked 
|  36|0x0000000082400000, 0x0000000082500000, 0x0000000082500000|100%| O|  |TAMS 0x0000000082500000, 0x0000000082500000| Untracked 
|  37|0x0000000082500000, 0x0000000082600000, 0x0000000082600000|100%| O|  |TAMS 0x0000000082600000, 0x0000000082600000| Untracked 
|  38|0x0000000082600000, 0x0000000082700000, 0x0000000082700000|100%| O|  |TAMS 0x0000000082700000, 0x0000000082700000| Untracked 
|  39|0x0000000082700000, 0x0000000082800000, 0x0000000082800000|100%| O|  |TAMS 0x0000000082800000, 0x0000000082800000| Untracked 
|  40|0x0000000082800000, 0x0000000082900000, 0x0000000082900000|100%| O|  |TAMS 0x0000000082900000, 0x0000000082900000| Untracked 
|  41|0x0000000082900000, 0x0000000082a00000, 0x0000000082a00000|100%| O|  |TAMS 0x0000000082a00000, 0x0000000082a00000| Untracked 
|  42|0x0000000082a00000, 0x0000000082b00000, 0x0000000082b00000|100%| O|  |TAMS 0x0000000082b00000, 0x0000000082b00000| Untracked 
|  43|0x0000000082b00000, 0x0000000082c00000, 0x0000000082c00000|100%|HS|  |TAMS 0x0000000082c00000, 0x0000000082c00000| Complete 
|  44|0x0000000082c00000, 0x0000000082d00000, 0x0000000082d00000|100%|HS|  |TAMS 0x0000000082d00000, 0x0000000082d00000| Complete 
|  45|0x0000000082d00000, 0x0000000082e00000, 0x0000000082e00000|100%| O|  |TAMS 0x0000000082e00000, 0x0000000082e00000| Untracked 
|  46|0x0000000082e00000, 0x0000000082f00000, 0x0000000082f00000|100%|HS|  |TAMS 0x0000000082f00000, 0x0000000082f00000| Complete 
|  47|0x0000000082f00000, 0x0000000083000000, 0x0000000083000000|100%|HC|  |TAMS 0x0000000083000000, 0x0000000083000000| Complete 
|  48|0x0000000083000000, 0x0000000083100000, 0x0000000083100000|100%| O|  |TAMS 0x0000000083100000, 0x0000000083100000| Untracked 
|  49|0x0000000083100000, 0x0000000083200000, 0x0000000083200000|100%| O|  |TAMS 0x0000000083200000, 0x0000000083200000| Untracked 
|  50|0x0000000083200000, 0x0000000083300000, 0x0000000083300000|100%| O|  |TAMS 0x0000000083300000, 0x0000000083300000| Untracked 
|  51|0x0000000083300000, 0x0000000083400000, 0x0000000083400000|100%| O|  |TAMS 0x0000000083400000, 0x0000000083400000| Untracked 
|  52|0x0000000083400000, 0x0000000083500000, 0x0000000083500000|100%| O|  |TAMS 0x0000000083500000, 0x0000000083500000| Untracked 
|  53|0x0000000083500000, 0x0000000083600000, 0x0000000083600000|100%| O|  |TAMS 0x0000000083600000, 0x0000000083600000| Untracked 
|  54|0x0000000083600000, 0x0000000083700000, 0x0000000083700000|100%| O|  |TAMS 0x0000000083700000, 0x0000000083700000| Untracked 
|  55|0x0000000083700000, 0x0000000083800000, 0x0000000083800000|100%| O|  |TAMS 0x0000000083800000, 0x0000000083800000| Untracked 
|  56|0x0000000083800000, 0x0000000083900000, 0x0000000083900000|100%| O|  |TAMS 0x0000000083900000, 0x0000000083900000| Untracked 
|  57|0x0000000083900000, 0x0000000083a00000, 0x0000000083a00000|100%| O|  |TAMS 0x0000000083a00000, 0x0000000083a00000| Untracked 
|  58|0x0000000083a00000, 0x0000000083b00000, 0x0000000083b00000|100%| O|  |TAMS 0x0000000083b00000, 0x0000000083b00000| Untracked 
|  59|0x0000000083b00000, 0x0000000083c00000, 0x0000000083c00000|100%| O|  |TAMS 0x0000000083c00000, 0x0000000083c00000| Untracked 
|  60|0x0000000083c00000, 0x0000000083d00000, 0x0000000083d00000|100%| O|  |TAMS 0x0000000083d00000, 0x0000000083d00000| Untracked 
|  61|0x0000000083d00000, 0x0000000083e00000, 0x0000000083e00000|100%| O|  |TAMS 0x0000000083e00000, 0x0000000083e00000| Untracked 
|  62|0x0000000083e00000, 0x0000000083f00000, 0x0000000083f00000|100%| O|  |TAMS 0x0000000083f00000, 0x0000000083f00000| Untracked 
|  63|0x0000000083f00000, 0x0000000084000000, 0x0000000084000000|100%| O|  |TAMS 0x0000000084000000, 0x0000000084000000| Untracked 
|  64|0x0000000084000000, 0x0000000084100000, 0x0000000084100000|100%| O|  |TAMS 0x0000000084100000, 0x0000000084100000| Untracked 
|  65|0x0000000084100000, 0x0000000084200000, 0x0000000084200000|100%| O|  |TAMS 0x0000000084200000, 0x0000000084200000| Untracked 
|  66|0x0000000084200000, 0x0000000084300000, 0x0000000084300000|100%| O|  |TAMS 0x0000000084300000, 0x0000000084300000| Untracked 
|  67|0x0000000084300000, 0x0000000084400000, 0x0000000084400000|100%| O|  |TAMS 0x0000000084400000, 0x0000000084400000| Untracked 
|  68|0x0000000084400000, 0x0000000084500000, 0x0000000084500000|100%| O|  |TAMS 0x0000000084500000, 0x0000000084500000| Untracked 
|  69|0x0000000084500000, 0x0000000084600000, 0x0000000084600000|100%| O|  |TAMS 0x0000000084600000, 0x0000000084600000| Untracked 
|  70|0x0000000084600000, 0x0000000084700000, 0x0000000084700000|100%| O|  |TAMS 0x0000000084700000, 0x0000000084700000| Untracked 
|  71|0x0000000084700000, 0x0000000084800000, 0x0000000084800000|100%| O|  |TAMS 0x0000000084800000, 0x0000000084800000| Untracked 
|  72|0x0000000084800000, 0x0000000084900000, 0x0000000084900000|100%| O|  |TAMS 0x0000000084900000, 0x0000000084900000| Untracked 
|  73|0x0000000084900000, 0x0000000084a00000, 0x0000000084a00000|100%| O|  |TAMS 0x0000000084a00000, 0x0000000084a00000| Untracked 
|  74|0x0000000084a00000, 0x0000000084b00000, 0x0000000084b00000|100%| O|  |TAMS 0x0000000084b00000, 0x0000000084b00000| Untracked 
|  75|0x0000000084b00000, 0x0000000084c00000, 0x0000000084c00000|100%| O|  |TAMS 0x0000000084c00000, 0x0000000084c00000| Untracked 
|  76|0x0000000084c00000, 0x0000000084d00000, 0x0000000084d00000|100%| O|  |TAMS 0x0000000084d00000, 0x0000000084d00000| Untracked 
|  77|0x0000000084d00000, 0x0000000084e00000, 0x0000000084e00000|100%| O|  |TAMS 0x0000000084e00000, 0x0000000084e00000| Untracked 
|  78|0x0000000084e00000, 0x0000000084f00000, 0x0000000084f00000|100%| O|  |TAMS 0x0000000084f00000, 0x0000000084f00000| Untracked 
|  79|0x0000000084f00000, 0x0000000085000000, 0x0000000085000000|100%| O|  |TAMS 0x0000000085000000, 0x0000000085000000| Untracked 
|  80|0x0000000085000000, 0x0000000085100000, 0x0000000085100000|100%| O|  |TAMS 0x0000000085100000, 0x0000000085100000| Untracked 
|  81|0x0000000085100000, 0x0000000085200000, 0x0000000085200000|100%| O|  |TAMS 0x0000000085200000, 0x0000000085200000| Untracked 
|  82|0x0000000085200000, 0x0000000085300000, 0x0000000085300000|100%| O|  |TAMS 0x0000000085300000, 0x0000000085300000| Untracked 
|  83|0x0000000085300000, 0x0000000085400000, 0x0000000085400000|100%| O|  |TAMS 0x0000000085400000, 0x0000000085400000| Untracked 
|  84|0x0000000085400000, 0x0000000085500000, 0x0000000085500000|100%|HS|  |TAMS 0x0000000085500000, 0x0000000085500000| Complete 
|  85|0x0000000085500000, 0x0000000085600000, 0x0000000085600000|100%|HC|  |TAMS 0x0000000085600000, 0x0000000085600000| Complete 
|  86|0x0000000085600000, 0x0000000085700000, 0x0000000085700000|100%|HS|  |TAMS 0x0000000085700000, 0x0000000085700000| Complete 
|  87|0x0000000085700000, 0x0000000085800000, 0x0000000085800000|100%|HC|  |TAMS 0x0000000085800000, 0x0000000085800000| Complete 
|  88|0x0000000085800000, 0x0000000085900000, 0x0000000085900000|100%|HC|  |TAMS 0x0000000085900000, 0x0000000085900000| Complete 
|  89|0x0000000085900000, 0x0000000085a00000, 0x0000000085a00000|100%|HC|  |TAMS 0x0000000085a00000, 0x0000000085a00000| Complete 
|  90|0x0000000085a00000, 0x0000000085b00000, 0x0000000085b00000|100%| O|  |TAMS 0x0000000085b00000, 0x0000000085b00000| Untracked 
|  91|0x0000000085b00000, 0x0000000085c00000, 0x0000000085c00000|100%| O|  |TAMS 0x0000000085c00000, 0x0000000085c00000| Untracked 
|  92|0x0000000085c00000, 0x0000000085d00000, 0x0000000085d00000|100%| O|  |TAMS 0x0000000085d00000, 0x0000000085d00000| Untracked 
|  93|0x0000000085d00000, 0x0000000085e00000, 0x0000000085e00000|100%| O|  |TAMS 0x0000000085e00000, 0x0000000085e00000| Untracked 
|  94|0x0000000085e00000, 0x0000000085f00000, 0x0000000085f00000|100%| O|  |TAMS 0x0000000085f00000, 0x0000000085f00000| Untracked 
|  95|0x0000000085f00000, 0x0000000086000000, 0x0000000086000000|100%| O|  |TAMS 0x0000000086000000, 0x0000000086000000| Untracked 
|  96|0x0000000086000000, 0x0000000086100000, 0x0000000086100000|100%| O|  |TAMS 0x0000000086100000, 0x0000000086100000| Untracked 
|  97|0x0000000086100000, 0x0000000086200000, 0x0000000086200000|100%| O|  |TAMS 0x0000000086200000, 0x0000000086200000| Untracked 
|  98|0x0000000086200000, 0x0000000086300000, 0x0000000086300000|100%| O|  |TAMS 0x0000000086300000, 0x0000000086300000| Untracked 
|  99|0x0000000086300000, 0x0000000086400000, 0x0000000086400000|100%| O|  |TAMS 0x0000000086400000, 0x0000000086400000| Untracked 
| 100|0x0000000086400000, 0x0000000086500000, 0x0000000086500000|100%| O|  |TAMS 0x0000000086500000, 0x0000000086500000| Untracked 
| 101|0x0000000086500000, 0x0000000086600000, 0x0000000086600000|100%| O|  |TAMS 0x0000000086600000, 0x0000000086600000| Untracked 
| 102|0x0000000086600000, 0x0000000086700000, 0x0000000086700000|100%| O|  |TAMS 0x0000000086700000, 0x0000000086700000| Untracked 
| 103|0x0000000086700000, 0x0000000086800000, 0x0000000086800000|100%|HS|  |TAMS 0x0000000086800000, 0x0000000086800000| Complete 
| 104|0x0000000086800000, 0x0000000086900000, 0x0000000086900000|100%|HS|  |TAMS 0x0000000086900000, 0x0000000086900000| Complete 
| 105|0x0000000086900000, 0x0000000086a00000, 0x0000000086a00000|100%|HS|  |TAMS 0x0000000086a00000, 0x0000000086a00000| Complete 
| 106|0x0000000086a00000, 0x0000000086b00000, 0x0000000086b00000|100%|HS|  |TAMS 0x0000000086b00000, 0x0000000086b00000| Complete 
| 107|0x0000000086b00000, 0x0000000086c00000, 0x0000000086c00000|100%|HC|  |TAMS 0x0000000086c00000, 0x0000000086c00000| Complete 
| 108|0x0000000086c00000, 0x0000000086d00000, 0x0000000086d00000|100%|HC|  |TAMS 0x0000000086d00000, 0x0000000086d00000| Complete 
| 109|0x0000000086d00000, 0x0000000086e00000, 0x0000000086e00000|100%| O|  |TAMS 0x0000000086e00000, 0x0000000086e00000| Untracked 
| 110|0x0000000086e00000, 0x0000000086f00000, 0x0000000086f00000|100%| O|  |TAMS 0x0000000086f00000, 0x0000000086f00000| Untracked 
| 111|0x0000000086f00000, 0x0000000087000000, 0x0000000087000000|100%| O|  |TAMS 0x0000000087000000, 0x0000000087000000| Untracked 
| 112|0x0000000087000000, 0x0000000087100000, 0x0000000087100000|100%| O|  |TAMS 0x0000000087100000, 0x0000000087100000| Untracked 
| 113|0x0000000087100000, 0x0000000087200000, 0x0000000087200000|100%| O|  |TAMS 0x0000000087200000, 0x0000000087200000| Untracked 
| 114|0x0000000087200000, 0x0000000087300000, 0x0000000087300000|100%| O|  |TAMS 0x0000000087300000, 0x0000000087300000| Untracked 
| 115|0x0000000087300000, 0x0000000087400000, 0x0000000087400000|100%| O|  |TAMS 0x0000000087400000, 0x0000000087400000| Untracked 
| 116|0x0000000087400000, 0x0000000087500000, 0x0000000087500000|100%| O|  |TAMS 0x0000000087500000, 0x0000000087500000| Untracked 
| 117|0x0000000087500000, 0x0000000087600000, 0x0000000087600000|100%| O|  |TAMS 0x0000000087600000, 0x0000000087600000| Untracked 
| 118|0x0000000087600000, 0x0000000087700000, 0x0000000087700000|100%| O|  |TAMS 0x0000000087700000, 0x0000000087700000| Untracked 
| 119|0x0000000087700000, 0x0000000087800000, 0x0000000087800000|100%| O|  |TAMS 0x0000000087800000, 0x0000000087800000| Untracked 
| 120|0x0000000087800000, 0x0000000087900000, 0x0000000087900000|100%| O|  |TAMS 0x0000000087900000, 0x0000000087900000| Untracked 
| 121|0x0000000087900000, 0x0000000087a00000, 0x0000000087a00000|100%| O|  |TAMS 0x0000000087a00000, 0x0000000087a00000| Untracked 
| 122|0x0000000087a00000, 0x0000000087b00000, 0x0000000087b00000|100%| O|  |TAMS 0x0000000087b00000, 0x0000000087b00000| Untracked 
| 123|0x0000000087b00000, 0x0000000087c00000, 0x0000000087c00000|100%| O|  |TAMS 0x0000000087c00000, 0x0000000087c00000| Untracked 
| 124|0x0000000087c00000, 0x0000000087d00000, 0x0000000087d00000|100%| O|  |TAMS 0x0000000087d00000, 0x0000000087d00000| Untracked 
| 125|0x0000000087d00000, 0x0000000087e00000, 0x0000000087e00000|100%| O|  |TAMS 0x0000000087e00000, 0x0000000087e00000| Untracked 
| 126|0x0000000087e00000, 0x0000000087f00000, 0x0000000087f00000|100%| O|  |TAMS 0x0000000087f00000, 0x0000000087f00000| Untracked 
| 127|0x0000000087f00000, 0x0000000088000000, 0x0000000088000000|100%| O|  |TAMS 0x0000000088000000, 0x0000000088000000| Untracked 
| 128|0x0000000088000000, 0x0000000088100000, 0x0000000088100000|100%| O|  |TAMS 0x0000000088100000, 0x0000000088100000| Untracked 
| 129|0x0000000088100000, 0x0000000088200000, 0x0000000088200000|100%|HS|  |TAMS 0x0000000088200000, 0x0000000088200000| Complete 
| 130|0x0000000088200000, 0x0000000088300000, 0x0000000088300000|100%|HS|  |TAMS 0x0000000088300000, 0x0000000088300000| Complete 
| 131|0x0000000088300000, 0x0000000088400000, 0x0000000088400000|100%|HC|  |TAMS 0x0000000088400000, 0x0000000088400000| Complete 
| 132|0x0000000088400000, 0x0000000088500000, 0x0000000088500000|100%|HC|  |TAMS 0x0000000088500000, 0x0000000088500000| Complete 
| 133|0x0000000088500000, 0x0000000088600000, 0x0000000088600000|100%| O|  |TAMS 0x0000000088600000, 0x0000000088600000| Untracked 
| 134|0x0000000088600000, 0x0000000088700000, 0x0000000088700000|100%| O|  |TAMS 0x0000000088700000, 0x0000000088700000| Untracked 
| 135|0x0000000088700000, 0x0000000088800000, 0x0000000088800000|100%| O|  |TAMS 0x0000000088800000, 0x0000000088800000| Untracked 
| 136|0x0000000088800000, 0x0000000088900000, 0x0000000088900000|100%|HS|  |TAMS 0x0000000088900000, 0x0000000088900000| Complete 
| 137|0x0000000088900000, 0x0000000088a00000, 0x0000000088a00000|100%| O|  |TAMS 0x0000000088a00000, 0x0000000088a00000| Untracked 
| 138|0x0000000088a00000, 0x0000000088b00000, 0x0000000088b00000|100%| O|  |TAMS 0x0000000088b00000, 0x0000000088b00000| Untracked 
| 139|0x0000000088b00000, 0x0000000088c00000, 0x0000000088c00000|100%| O|  |TAMS 0x0000000088c00000, 0x0000000088c00000| Untracked 
| 140|0x0000000088c00000, 0x0000000088d00000, 0x0000000088d00000|100%| O|  |TAMS 0x0000000088d00000, 0x0000000088d00000| Untracked 
| 141|0x0000000088d00000, 0x0000000088e00000, 0x0000000088e00000|100%| O|  |TAMS 0x0000000088e00000, 0x0000000088e00000| Untracked 
| 142|0x0000000088e00000, 0x0000000088f00000, 0x0000000088f00000|100%| O|  |TAMS 0x0000000088f00000, 0x0000000088f00000| Untracked 
| 143|0x0000000088f00000, 0x0000000089000000, 0x0000000089000000|100%| O|  |TAMS 0x0000000089000000, 0x0000000089000000| Untracked 
| 144|0x0000000089000000, 0x0000000089100000, 0x0000000089100000|100%| O|  |TAMS 0x0000000089100000, 0x0000000089100000| Untracked 
| 145|0x0000000089100000, 0x0000000089200000, 0x0000000089200000|100%| O|  |TAMS 0x0000000089200000, 0x0000000089200000| Untracked 
| 146|0x0000000089200000, 0x0000000089300000, 0x0000000089300000|100%| O|  |TAMS 0x0000000089300000, 0x0000000089300000| Untracked 
| 147|0x0000000089300000, 0x0000000089400000, 0x0000000089400000|100%| O|  |TAMS 0x0000000089400000, 0x0000000089400000| Untracked 
| 148|0x0000000089400000, 0x0000000089500000, 0x0000000089500000|100%| O|  |TAMS 0x0000000089500000, 0x0000000089500000| Untracked 
| 149|0x0000000089500000, 0x0000000089600000, 0x0000000089600000|100%| O|  |TAMS 0x0000000089600000, 0x0000000089600000| Untracked 
| 150|0x0000000089600000, 0x0000000089700000, 0x0000000089700000|100%| O|  |TAMS 0x0000000089700000, 0x0000000089700000| Untracked 
| 151|0x0000000089700000, 0x0000000089800000, 0x0000000089800000|100%| O|  |TAMS 0x0000000089800000, 0x0000000089800000| Untracked 
| 152|0x0000000089800000, 0x0000000089900000, 0x0000000089900000|100%| O|  |TAMS 0x0000000089900000, 0x0000000089900000| Untracked 
| 153|0x0000000089900000, 0x0000000089a00000, 0x0000000089a00000|100%| O|  |TAMS 0x0000000089a00000, 0x0000000089a00000| Untracked 
| 154|0x0000000089a00000, 0x0000000089b00000, 0x0000000089b00000|100%| O|  |TAMS 0x0000000089b00000, 0x0000000089b00000| Untracked 
| 155|0x0000000089b00000, 0x0000000089c00000, 0x0000000089c00000|100%| O|  |TAMS 0x0000000089c00000, 0x0000000089c00000| Untracked 
| 156|0x0000000089c00000, 0x0000000089d00000, 0x0000000089d00000|100%| O|  |TAMS 0x0000000089c30c00, 0x0000000089d00000| Untracked 
| 157|0x0000000089d00000, 0x0000000089e00000, 0x0000000089e00000|100%| O|  |TAMS 0x0000000089d00000, 0x0000000089e00000| Untracked 
| 158|0x0000000089e00000, 0x0000000089f00000, 0x0000000089f00000|100%| O|  |TAMS 0x0000000089e00000, 0x0000000089f00000| Untracked 
| 159|0x0000000089f00000, 0x000000008a000000, 0x000000008a000000|100%| O|  |TAMS 0x0000000089f00000, 0x000000008a000000| Untracked 
| 160|0x000000008a000000, 0x000000008a100000, 0x000000008a100000|100%| O|  |TAMS 0x000000008a000000, 0x000000008a100000| Untracked 
| 161|0x000000008a100000, 0x000000008a200000, 0x000000008a200000|100%| O|  |TAMS 0x000000008a100000, 0x000000008a200000| Untracked 
| 162|0x000000008a200000, 0x000000008a300000, 0x000000008a300000|100%| O|  |TAMS 0x000000008a200000, 0x000000008a300000| Untracked 
| 163|0x000000008a300000, 0x000000008a400000, 0x000000008a400000|100%| O|  |TAMS 0x000000008a300000, 0x000000008a400000| Untracked 
| 164|0x000000008a400000, 0x000000008a500000, 0x000000008a500000|100%| O|  |TAMS 0x000000008a400000, 0x000000008a500000| Untracked 
| 165|0x000000008a500000, 0x000000008a600000, 0x000000008a600000|100%| O|  |TAMS 0x000000008a500000, 0x000000008a600000| Untracked 
| 166|0x000000008a600000, 0x000000008a700000, 0x000000008a700000|100%| O|  |TAMS 0x000000008a600000, 0x000000008a700000| Untracked 
| 167|0x000000008a700000, 0x000000008a800000, 0x000000008a800000|100%| O|  |TAMS 0x000000008a700000, 0x000000008a800000| Untracked 
| 168|0x000000008a800000, 0x000000008a900000, 0x000000008a900000|100%| O|  |TAMS 0x000000008a800000, 0x000000008a900000| Untracked 
| 169|0x000000008a900000, 0x000000008a994600, 0x000000008aa00000| 57%| O|  |TAMS 0x000000008a900000, 0x000000008a994600| Untracked 
| 170|0x000000008aa00000, 0x000000008aa00000, 0x000000008ab00000|  0%| F|  |TAMS 0x000000008aa00000, 0x000000008aa00000| Untracked 
| 171|0x000000008ab00000, 0x000000008ab00000, 0x000000008ac00000|  0%| F|  |TAMS 0x000000008ab00000, 0x000000008ab00000| Untracked 
| 172|0x000000008ac00000, 0x000000008ac00000, 0x000000008ad00000|  0%| F|  |TAMS 0x000000008ac00000, 0x000000008ac00000| Untracked 
| 173|0x000000008ad00000, 0x000000008ad00000, 0x000000008ae00000|  0%| F|  |TAMS 0x000000008ad00000, 0x000000008ad00000| Untracked 
| 174|0x000000008ae00000, 0x000000008ae00000, 0x000000008af00000|  0%| F|  |TAMS 0x000000008ae00000, 0x000000008ae00000| Untracked 
| 175|0x000000008af00000, 0x000000008af00000, 0x000000008b000000|  0%| F|  |TAMS 0x000000008af00000, 0x000000008af00000| Untracked 
| 176|0x000000008b000000, 0x000000008b000000, 0x000000008b100000|  0%| F|  |TAMS 0x000000008b000000, 0x000000008b000000| Untracked 
| 177|0x000000008b100000, 0x000000008b100000, 0x000000008b200000|  0%| F|  |TAMS 0x000000008b100000, 0x000000008b100000| Untracked 
| 178|0x000000008b200000, 0x000000008b200000, 0x000000008b300000|  0%| F|  |TAMS 0x000000008b200000, 0x000000008b200000| Untracked 
| 179|0x000000008b300000, 0x000000008b300000, 0x000000008b400000|  0%| F|  |TAMS 0x000000008b300000, 0x000000008b300000| Untracked 
| 180|0x000000008b400000, 0x000000008b400000, 0x000000008b500000|  0%| F|  |TAMS 0x000000008b400000, 0x000000008b400000| Untracked 
| 181|0x000000008b500000, 0x000000008b500000, 0x000000008b600000|  0%| F|  |TAMS 0x000000008b500000, 0x000000008b500000| Untracked 
| 182|0x000000008b600000, 0x000000008b600000, 0x000000008b700000|  0%| F|  |TAMS 0x000000008b600000, 0x000000008b600000| Untracked 
| 183|0x000000008b700000, 0x000000008b700000, 0x000000008b800000|  0%| F|  |TAMS 0x000000008b700000, 0x000000008b700000| Untracked 
| 184|0x000000008b800000, 0x000000008b800000, 0x000000008b900000|  0%| F|  |TAMS 0x000000008b800000, 0x000000008b800000| Untracked 
| 185|0x000000008b900000, 0x000000008b900000, 0x000000008ba00000|  0%| F|  |TAMS 0x000000008b900000, 0x000000008b900000| Untracked 
| 186|0x000000008ba00000, 0x000000008ba00000, 0x000000008bb00000|  0%| F|  |TAMS 0x000000008ba00000, 0x000000008ba00000| Untracked 
| 187|0x000000008bb00000, 0x000000008bb00000, 0x000000008bc00000|  0%| F|  |TAMS 0x000000008bb00000, 0x000000008bb00000| Untracked 
| 188|0x000000008bc00000, 0x000000008bc00000, 0x000000008bd00000|  0%| F|  |TAMS 0x000000008bc00000, 0x000000008bc00000| Untracked 
| 189|0x000000008bd00000, 0x000000008bd00000, 0x000000008be00000|  0%| F|  |TAMS 0x000000008bd00000, 0x000000008bd00000| Untracked 
| 190|0x000000008be00000, 0x000000008be00000, 0x000000008bf00000|  0%| F|  |TAMS 0x000000008be00000, 0x000000008be00000| Untracked 
| 191|0x000000008bf00000, 0x000000008bf00000, 0x000000008c000000|  0%| F|  |TAMS 0x000000008bf00000, 0x000000008bf00000| Untracked 
| 192|0x000000008c000000, 0x000000008c000000, 0x000000008c100000|  0%| F|  |TAMS 0x000000008c000000, 0x000000008c000000| Untracked 
| 193|0x000000008c100000, 0x000000008c100000, 0x000000008c200000|  0%| F|  |TAMS 0x000000008c100000, 0x000000008c100000| Untracked 
| 194|0x000000008c200000, 0x000000008c200000, 0x000000008c300000|  0%| F|  |TAMS 0x000000008c200000, 0x000000008c200000| Untracked 
| 195|0x000000008c300000, 0x000000008c300000, 0x000000008c400000|  0%| F|  |TAMS 0x000000008c300000, 0x000000008c300000| Untracked 
| 196|0x000000008c400000, 0x000000008c400000, 0x000000008c500000|  0%| F|  |TAMS 0x000000008c400000, 0x000000008c400000| Untracked 
| 197|0x000000008c500000, 0x000000008c500000, 0x000000008c600000|  0%| F|  |TAMS 0x000000008c500000, 0x000000008c500000| Untracked 
| 198|0x000000008c600000, 0x000000008c600000, 0x000000008c700000|  0%| F|  |TAMS 0x000000008c600000, 0x000000008c600000| Untracked 
| 199|0x000000008c700000, 0x000000008c700000, 0x000000008c800000|  0%| F|  |TAMS 0x000000008c700000, 0x000000008c700000| Untracked 
| 200|0x000000008c800000, 0x000000008c800000, 0x000000008c900000|  0%| F|  |TAMS 0x000000008c800000, 0x000000008c800000| Untracked 
| 201|0x000000008c900000, 0x000000008c900000, 0x000000008ca00000|  0%| F|  |TAMS 0x000000008c900000, 0x000000008c900000| Untracked 
| 202|0x000000008ca00000, 0x000000008ca00000, 0x000000008cb00000|  0%| F|  |TAMS 0x000000008ca00000, 0x000000008ca00000| Untracked 
| 203|0x000000008cb00000, 0x000000008cb00000, 0x000000008cc00000|  0%| F|  |TAMS 0x000000008cb00000, 0x000000008cb00000| Untracked 
| 204|0x000000008cc00000, 0x000000008cc00000, 0x000000008cd00000|  0%| F|  |TAMS 0x000000008cc00000, 0x000000008cc00000| Untracked 
| 205|0x000000008cd00000, 0x000000008cd00000, 0x000000008ce00000|  0%| F|  |TAMS 0x000000008cd00000, 0x000000008cd00000| Untracked 
| 206|0x000000008ce00000, 0x000000008ce00000, 0x000000008cf00000|  0%| F|  |TAMS 0x000000008ce00000, 0x000000008ce00000| Untracked 
| 207|0x000000008cf00000, 0x000000008cf00000, 0x000000008d000000|  0%| F|  |TAMS 0x000000008cf00000, 0x000000008cf00000| Untracked 
| 208|0x000000008d000000, 0x000000008d000000, 0x000000008d100000|  0%| F|  |TAMS 0x000000008d000000, 0x000000008d000000| Untracked 
| 209|0x000000008d100000, 0x000000008d100000, 0x000000008d200000|  0%| F|  |TAMS 0x000000008d100000, 0x000000008d100000| Untracked 
| 210|0x000000008d200000, 0x000000008d200000, 0x000000008d300000|  0%| F|  |TAMS 0x000000008d200000, 0x000000008d200000| Untracked 
| 211|0x000000008d300000, 0x000000008d300000, 0x000000008d400000|  0%| F|  |TAMS 0x000000008d300000, 0x000000008d300000| Untracked 
| 212|0x000000008d400000, 0x000000008d400000, 0x000000008d500000|  0%| F|  |TAMS 0x000000008d400000, 0x000000008d400000| Untracked 
| 213|0x000000008d500000, 0x000000008d500000, 0x000000008d600000|  0%| F|  |TAMS 0x000000008d500000, 0x000000008d500000| Untracked 
| 214|0x000000008d600000, 0x000000008d600000, 0x000000008d700000|  0%| F|  |TAMS 0x000000008d600000, 0x000000008d600000| Untracked 
| 215|0x000000008d700000, 0x000000008d700000, 0x000000008d800000|  0%| F|  |TAMS 0x000000008d700000, 0x000000008d700000| Untracked 
| 216|0x000000008d800000, 0x000000008d800000, 0x000000008d900000|  0%| F|  |TAMS 0x000000008d800000, 0x000000008d800000| Untracked 
| 217|0x000000008d900000, 0x000000008d900000, 0x000000008da00000|  0%| F|  |TAMS 0x000000008d900000, 0x000000008d900000| Untracked 
| 218|0x000000008da00000, 0x000000008da00000, 0x000000008db00000|  0%| F|  |TAMS 0x000000008da00000, 0x000000008da00000| Untracked 
| 219|0x000000008db00000, 0x000000008db00000, 0x000000008dc00000|  0%| F|  |TAMS 0x000000008db00000, 0x000000008db00000| Untracked 
| 220|0x000000008dc00000, 0x000000008dc00000, 0x000000008dd00000|  0%| F|  |TAMS 0x000000008dc00000, 0x000000008dc00000| Untracked 
| 221|0x000000008dd00000, 0x000000008dd49838, 0x000000008de00000| 28%| S|CS|TAMS 0x000000008dd00000, 0x000000008dd00000| Complete 
| 222|0x000000008de00000, 0x000000008df00000, 0x000000008df00000|100%| S|CS|TAMS 0x000000008de00000, 0x000000008de00000| Complete 
| 223|0x000000008df00000, 0x000000008e000000, 0x000000008e000000|100%| S|CS|TAMS 0x000000008df00000, 0x000000008df00000| Complete 
| 224|0x000000008e000000, 0x000000008e100000, 0x000000008e100000|100%| S|CS|TAMS 0x000000008e000000, 0x000000008e000000| Complete 
| 225|0x000000008e100000, 0x000000008e200000, 0x000000008e200000|100%| S|CS|TAMS 0x000000008e100000, 0x000000008e100000| Complete 
| 226|0x000000008e200000, 0x000000008e300000, 0x000000008e300000|100%| S|CS|TAMS 0x000000008e200000, 0x000000008e200000| Complete 
| 227|0x000000008e300000, 0x000000008e300000, 0x000000008e400000|  0%| F|  |TAMS 0x000000008e300000, 0x000000008e300000| Untracked 
| 228|0x000000008e400000, 0x000000008e400000, 0x000000008e500000|  0%| F|  |TAMS 0x000000008e400000, 0x000000008e400000| Untracked 
| 229|0x000000008e500000, 0x000000008e500000, 0x000000008e600000|  0%| F|  |TAMS 0x000000008e500000, 0x000000008e500000| Untracked 
| 230|0x000000008e600000, 0x000000008e600000, 0x000000008e700000|  0%| F|  |TAMS 0x000000008e600000, 0x000000008e600000| Untracked 
| 231|0x000000008e700000, 0x000000008e700000, 0x000000008e800000|  0%| F|  |TAMS 0x000000008e700000, 0x000000008e700000| Untracked 
| 232|0x000000008e800000, 0x000000008e800000, 0x000000008e900000|  0%| F|  |TAMS 0x000000008e800000, 0x000000008e800000| Untracked 
| 233|0x000000008e900000, 0x000000008e900000, 0x000000008ea00000|  0%| F|  |TAMS 0x000000008e900000, 0x000000008e900000| Untracked 
| 234|0x000000008ea00000, 0x000000008ea00000, 0x000000008eb00000|  0%| F|  |TAMS 0x000000008ea00000, 0x000000008ea00000| Untracked 
| 235|0x000000008eb00000, 0x000000008eb00000, 0x000000008ec00000|  0%| F|  |TAMS 0x000000008eb00000, 0x000000008eb00000| Untracked 
| 236|0x000000008ec00000, 0x000000008ec00000, 0x000000008ed00000|  0%| F|  |TAMS 0x000000008ec00000, 0x000000008ec00000| Untracked 
| 237|0x000000008ed00000, 0x000000008ed00000, 0x000000008ee00000|  0%| F|  |TAMS 0x000000008ed00000, 0x000000008ed00000| Untracked 
| 238|0x000000008ee00000, 0x000000008ee00000, 0x000000008ef00000|  0%| F|  |TAMS 0x000000008ee00000, 0x000000008ee00000| Untracked 
| 239|0x000000008ef00000, 0x000000008ef00000, 0x000000008f000000|  0%| F|  |TAMS 0x000000008ef00000, 0x000000008ef00000| Untracked 
| 240|0x000000008f000000, 0x000000008f000000, 0x000000008f100000|  0%| F|  |TAMS 0x000000008f000000, 0x000000008f000000| Untracked 
| 241|0x000000008f100000, 0x000000008f100000, 0x000000008f200000|  0%| F|  |TAMS 0x000000008f100000, 0x000000008f100000| Untracked 
| 242|0x000000008f200000, 0x000000008f200000, 0x000000008f300000|  0%| F|  |TAMS 0x000000008f200000, 0x000000008f200000| Untracked 
| 243|0x000000008f300000, 0x000000008f300000, 0x000000008f400000|  0%| F|  |TAMS 0x000000008f300000, 0x000000008f300000| Untracked 
| 244|0x000000008f400000, 0x000000008f400000, 0x000000008f500000|  0%| F|  |TAMS 0x000000008f400000, 0x000000008f400000| Untracked 
| 245|0x000000008f500000, 0x000000008f500000, 0x000000008f600000|  0%| F|  |TAMS 0x000000008f500000, 0x000000008f500000| Untracked 
| 246|0x000000008f600000, 0x000000008f600000, 0x000000008f700000|  0%| F|  |TAMS 0x000000008f600000, 0x000000008f600000| Untracked 
| 247|0x000000008f700000, 0x000000008f700000, 0x000000008f800000|  0%| F|  |TAMS 0x000000008f700000, 0x000000008f700000| Untracked 
| 248|0x000000008f800000, 0x000000008f800000, 0x000000008f900000|  0%| F|  |TAMS 0x000000008f800000, 0x000000008f800000| Untracked 
| 249|0x000000008f900000, 0x000000008f900000, 0x000000008fa00000|  0%| F|  |TAMS 0x000000008f900000, 0x000000008f900000| Untracked 
| 250|0x000000008fa00000, 0x000000008fa00000, 0x000000008fb00000|  0%| F|  |TAMS 0x000000008fa00000, 0x000000008fa00000| Untracked 
| 251|0x000000008fb00000, 0x000000008fb00000, 0x000000008fc00000|  0%| F|  |TAMS 0x000000008fb00000, 0x000000008fb00000| Untracked 
| 252|0x000000008fc00000, 0x000000008fc00000, 0x000000008fd00000|  0%| F|  |TAMS 0x000000008fc00000, 0x000000008fc00000| Untracked 
| 253|0x000000008fd00000, 0x000000008fd00000, 0x000000008fe00000|  0%| F|  |TAMS 0x000000008fd00000, 0x000000008fd00000| Untracked 
| 254|0x000000008fe00000, 0x000000008fe00000, 0x000000008ff00000|  0%| F|  |TAMS 0x000000008fe00000, 0x000000008fe00000| Untracked 
| 255|0x000000008ff00000, 0x000000008ff00000, 0x0000000090000000|  0%| F|  |TAMS 0x000000008ff00000, 0x000000008ff00000| Untracked 
| 256|0x0000000090000000, 0x0000000090000000, 0x0000000090100000|  0%| F|  |TAMS 0x0000000090000000, 0x0000000090000000| Untracked 
| 257|0x0000000090100000, 0x0000000090100000, 0x0000000090200000|  0%| F|  |TAMS 0x0000000090100000, 0x0000000090100000| Untracked 
| 258|0x0000000090200000, 0x0000000090200000, 0x0000000090300000|  0%| F|  |TAMS 0x0000000090200000, 0x0000000090200000| Untracked 
| 259|0x0000000090300000, 0x0000000090300000, 0x0000000090400000|  0%| F|  |TAMS 0x0000000090300000, 0x0000000090300000| Untracked 
| 260|0x0000000090400000, 0x0000000090400000, 0x0000000090500000|  0%| F|  |TAMS 0x0000000090400000, 0x0000000090400000| Untracked 
| 261|0x0000000090500000, 0x0000000090500000, 0x0000000090600000|  0%| F|  |TAMS 0x0000000090500000, 0x0000000090500000| Untracked 
| 262|0x0000000090600000, 0x0000000090600000, 0x0000000090700000|  0%| F|  |TAMS 0x0000000090600000, 0x0000000090600000| Untracked 
| 263|0x0000000090700000, 0x0000000090700000, 0x0000000090800000|  0%| F|  |TAMS 0x0000000090700000, 0x0000000090700000| Untracked 
| 264|0x0000000090800000, 0x0000000090800000, 0x0000000090900000|  0%| F|  |TAMS 0x0000000090800000, 0x0000000090800000| Untracked 
| 265|0x0000000090900000, 0x0000000090900000, 0x0000000090a00000|  0%| F|  |TAMS 0x0000000090900000, 0x0000000090900000| Untracked 
| 266|0x0000000090a00000, 0x0000000090a00000, 0x0000000090b00000|  0%| F|  |TAMS 0x0000000090a00000, 0x0000000090a00000| Untracked 
| 267|0x0000000090b00000, 0x0000000090b00000, 0x0000000090c00000|  0%| F|  |TAMS 0x0000000090b00000, 0x0000000090b00000| Untracked 
| 268|0x0000000090c00000, 0x0000000090c00000, 0x0000000090d00000|  0%| F|  |TAMS 0x0000000090c00000, 0x0000000090c00000| Untracked 
| 269|0x0000000090d00000, 0x0000000090d00000, 0x0000000090e00000|  0%| F|  |TAMS 0x0000000090d00000, 0x0000000090d00000| Untracked 
| 270|0x0000000090e00000, 0x0000000090e00000, 0x0000000090f00000|  0%| F|  |TAMS 0x0000000090e00000, 0x0000000090e00000| Untracked 
| 271|0x0000000090f00000, 0x0000000090f00000, 0x0000000091000000|  0%| F|  |TAMS 0x0000000090f00000, 0x0000000090f00000| Untracked 

Card table byte_map: [0x000001b073bd0000,0x000001b073fd0000] _byte_map_base: 0x000001b0737d0000

Marking Bits (Prev, Next): (CMBitMap*) 0x000001b05b31d4e0, (CMBitMap*) 0x000001b05b31d4a8
 Prev Bits: [0x000001b0763d0000, 0x000001b0783d0000)
 Next Bits: [0x000001b0743d0000, 0x000001b0763d0000)

Polling page: 0x000001b05b3c0000

Metaspace:

Usage:
  Non-class:     94.39 MB capacity,    91.47 MB ( 97%) used,     2.59 MB (  3%) free+waste,   338.31 KB ( <1%) overhead. 
      Class:     15.83 MB capacity,    14.06 MB ( 89%) used,     1.61 MB ( 10%) free+waste,   162.56 KB (  1%) overhead. 
       Both:    110.21 MB capacity,   105.53 MB ( 96%) used,     4.20 MB (  4%) free+waste,   500.88 KB ( <1%) overhead. 

Virtual space:
  Non-class space:       96.00 MB reserved,      94.62 MB ( 99%) committed 
      Class space:      504.00 MB reserved,      15.91 MB (  3%) committed 
             Both:      600.00 MB reserved,     110.53 MB ( 18%) committed 

Chunk freelists:
   Non-Class:  5.63 KB
       Class:  2.38 KB
        Both:  8.00 KB

CodeHeap 'non-profiled nmethods': size=120064Kb used=8481Kb max_used=8481Kb free=111582Kb
 bounds [0x000001b06bc70000, 0x000001b06c4c0000, 0x000001b0731b0000]
CodeHeap 'profiled nmethods': size=120000Kb used=30120Kb max_used=30120Kb free=89879Kb
 bounds [0x000001b064740000, 0x000001b0664b0000, 0x000001b06bc70000]
CodeHeap 'non-nmethods': size=5696Kb used=2314Kb max_used=2366Kb free=3381Kb
 bounds [0x000001b0641b0000, 0x000001b064420000, 0x000001b064740000]
 total_blobs=15086 nmethods=14156 adapters=841
 compilation: enabled
              stopped_count=0, restarted_count=0
 full_count=0

Compilation events (10 events):
Event: 53.934 Thread 0x000001b07b36d000 14351       3       org.gradle.api.internal.artifacts.repositories.resolver.MavenResolver::getWholePattern (14 bytes)
Event: 53.934 Thread 0x000001b07b36d000 nmethod 14351 0x000001b0664a6e10 code [0x000001b0664a7000, 0x000001b0664a75a8]
Event: 53.934 Thread 0x000001b07b36d000 14347       3       org.gradle.api.internal.artifacts.ivyservice.resolveengine.result.CachingComponentSelectionDescriptorFactory$$Lambda$1214/0x0000000100ead840::get$Lambda (11 bytes)
Event: 53.935 Thread 0x000001b07b36d000 nmethod 14347 0x000001b0664a7810 code [0x000001b0664a79c0, 0x000001b0664a7cd8]
Event: 53.935 Thread 0x000001b07b36d000 14348       3       org.gradle.api.internal.artifacts.ivyservice.resolveengine.result.CachingComponentSelectionDescriptorFactory$$Lambda$1214/0x0000000100ead840::<init> (20 bytes)
Event: 53.935 Thread 0x000001b07b36d000 nmethod 14348 0x000001b0664a7e10 code [0x000001b0664a7fc0, 0x000001b0664a8238]
Event: 53.936 Thread 0x000001b07b36d000 14352       3       org.gradle.api.internal.DefaultNamedDomainObjectSet::withType (10 bytes)
Event: 53.936 Thread 0x000001b07b36d000 nmethod 14352 0x000001b0664a8310 code [0x000001b0664a8500, 0x000001b0664a8a88]
Event: 53.940 Thread 0x000001b07b36d000 14353       3       org.gradle.api.internal.attributes.DefaultAttributesSchema$MergedSchema::disambiguate (139 bytes)
Event: 53.942 Thread 0x000001b07b36d000 nmethod 14353 0x000001b0664a8c90 code [0x000001b0664a8f40, 0x000001b0664a9e48]

GC Heap History (10 events):
Event: 49.369 GC heap after
{Heap after GC invocations=50 (full 0):
 garbage-first heap   total 220160K, used 150957K [0x0000000080000000, 0x0000000100000000)
  region size 1024K, 4 young (4096K), 4 survivors (4096K)
 Metaspace       used 98856K, capacity 103180K, committed 103452K, reserved 606208K
  class space    used 13237K, capacity 14892K, committed 15008K, reserved 516096K
}
Event: 49.824 GC heap before
{Heap before GC invocations=50 (full 0):
 garbage-first heap   total 220160K, used 174509K [0x0000000080000000, 0x0000000100000000)
  region size 1024K, 27 young (27648K), 4 survivors (4096K)
 Metaspace       used 99898K, capacity 104555K, committed 104604K, reserved 606208K
  class space    used 13374K, capacity 15129K, committed 15136K, reserved 516096K
}
Event: 49.845 GC heap after
{Heap after GC invocations=51 (full 0):
 garbage-first heap   total 278528K, used 155948K [0x0000000080000000, 0x0000000100000000)
  region size 1024K, 4 young (4096K), 4 survivors (4096K)
 Metaspace       used 99898K, capacity 104555K, committed 104604K, reserved 606208K
  class space    used 13374K, capacity 15129K, committed 15136K, reserved 516096K
}
Event: 50.952 GC heap before
{Heap before GC invocations=52 (full 0):
 garbage-first heap   total 278528K, used 196908K [0x0000000080000000, 0x0000000100000000)
  region size 1024K, 44 young (45056K), 4 survivors (4096K)
 Metaspace       used 104443K, capacity 109093K, committed 109212K, reserved 610304K
  class space    used 14017K, capacity 15794K, committed 15904K, reserved 516096K
}
Event: 50.969 GC heap after
{Heap after GC invocations=53 (full 0):
 garbage-first heap   total 278528K, used 158600K [0x0000000080000000, 0x0000000100000000)
  region size 1024K, 3 young (3072K), 3 survivors (3072K)
 Metaspace       used 104443K, capacity 109093K, committed 109212K, reserved 610304K
  class space    used 14017K, capacity 15794K, committed 15904K, reserved 516096K
}
Event: 51.854 GC heap before
{Heap before GC invocations=53 (full 0):
 garbage-first heap   total 278528K, used 201608K [0x0000000080000000, 0x0000000100000000)
  region size 1024K, 45 young (46080K), 3 survivors (3072K)
 Metaspace       used 106255K, capacity 111042K, committed 111132K, reserved 612352K
  class space    used 14224K, capacity 16014K, committed 16032K, reserved 516096K
}
Event: 51.886 GC heap after
{Heap after GC invocations=54 (full 0):
 garbage-first heap   total 278528K, used 166083K [0x0000000080000000, 0x0000000100000000)
  region size 1024K, 6 young (6144K), 6 survivors (6144K)
 Metaspace       used 106255K, capacity 111042K, committed 111132K, reserved 612352K
  class space    used 14224K, capacity 16014K, committed 16032K, reserved 516096K
}
Event: 53.019 GC heap before
{Heap before GC invocations=55 (full 0):
 garbage-first heap   total 278528K, used 208067K [0x0000000080000000, 0x0000000100000000)
  region size 1024K, 47 young (48128K), 6 survivors (6144K)
 Metaspace       used 107759K, capacity 112469K, committed 112668K, reserved 614400K
  class space    used 14386K, capacity 16205K, committed 16288K, reserved 516096K
}
Event: 53.060 GC heap after
{Heap after GC invocations=56 (full 0):
 garbage-first heap   total 278528K, used 173056K [0x0000000080000000, 0x0000000100000000)
  region size 1024K, 6 young (6144K), 6 survivors (6144K)
 Metaspace       used 107759K, capacity 112469K, committed 112668K, reserved 614400K
  class space    used 14386K, capacity 16205K, committed 16288K, reserved 516096K
}
Event: 53.943 GC heap before
{Heap before GC invocations=56 (full 0):
 garbage-first heap   total 278528K, used 215040K [0x0000000080000000, 0x0000000100000000)
  region size 1024K, 47 young (48128K), 6 survivors (6144K)
 Metaspace       used 108061K, capacity 112860K, committed 113180K, reserved 614400K
  class space    used 14397K, capacity 16205K, committed 16288K, reserved 516096K
}

Deoptimization events (10 events):
Event: 52.956 Thread 0x000001b07cad2000 Uncommon trap: reason=unstable_if action=reinterpret pc=0x000001b06c2a3044 method=com.esotericsoftware.kryo.io.Output.writeVarLong(JZ)I @ 55 c2
Event: 53.156 Thread 0x000001b07e0f9000 Uncommon trap: reason=profile_predicate action=maybe_recompile pc=0x000001b06c479c08 method=org.gradle.internal.Actions$CompositeAction.execute(Ljava/lang/Object;)V @ 16 c2
Event: 53.156 Thread 0x000001b07e0f9000 Uncommon trap: reason=profile_predicate action=maybe_recompile pc=0x000001b06c479c08 method=org.gradle.internal.Actions$CompositeAction.execute(Ljava/lang/Object;)V @ 16 c2
Event: 53.156 Thread 0x000001b07e0f9000 Uncommon trap: reason=profile_predicate action=maybe_recompile pc=0x000001b06c479c08 method=org.gradle.internal.Actions$CompositeAction.execute(Ljava/lang/Object;)V @ 16 c2
Event: 53.156 Thread 0x000001b07e0f9000 Uncommon trap: reason=profile_predicate action=maybe_recompile pc=0x000001b06c479c08 method=org.gradle.internal.Actions$CompositeAction.execute(Ljava/lang/Object;)V @ 16 c2
Event: 53.309 Thread 0x000001b07e0f9000 Uncommon trap: reason=bimorphic_or_optimized_type_check action=maybe_recompile pc=0x000001b06be98d50 method=java.lang.Throwable.<init>(Ljava/lang/String;Ljava/lang/Throwable;)V @ 24 c2
Event: 53.326 Thread 0x000001b07e0f9000 Uncommon trap: reason=unstable_if action=reinterpret pc=0x000001b06c489e90 method=org.gradle.internal.logging.slf4j.OutputEventListenerBackedLogger.isLevelAtMost(Lorg/gradle/api/logging/LogLevel;)Z @ 11 c2
Event: 53.326 Thread 0x000001b07e0f9000 Uncommon trap: reason=class_check action=maybe_recompile pc=0x000001b06c29c0d4 method=org.gradle.internal.logging.sink.OutputEventTransformer.onOutput(Lorg/gradle/internal/logging/events/OutputEvent;)V @ 328 c2
Event: 53.326 Thread 0x000001b07e0f9000 Uncommon trap: reason=class_check action=maybe_recompile pc=0x000001b06c292138 method=org.gradle.internal.operations.logging.LoggingBuildOperationProgressBroadcaster.onOutput(Lorg/gradle/internal/logging/events/OutputEvent;)V @ 8 c2
Event: 53.756 Thread 0x000001b07e0f9000 Uncommon trap: reason=unstable_if action=reinterpret pc=0x000001b06c0e9f7c method=java.lang.ClassLoader.definePackage(Ljava/lang/String;Ljava/lang/Module;)Ljava/lang/Package; @ 4 c2

Classes redefined (0 events):
No events

Internal exceptions (10 events):
Event: 51.310 Thread 0x000001b07e0f9000 Implicit null exception at 0x000001b06c3da7ce to 0x000001b06c3daed8
Event: 51.320 Thread 0x000001b07e0f9000 Implicit null exception at 0x000001b06c3e6214 to 0x000001b06c3e6aec
Event: 51.361 Thread 0x000001b07e0f9000 Implicit null exception at 0x000001b06c3e9482 to 0x000001b06c3e9a44
Event: 52.236 Thread 0x000001b07e0f9000 Implicit null exception at 0x000001b06c0e75f4 to 0x000001b06c0e7bbc
Event: 52.903 Thread 0x000001b07e0f9000 Implicit null exception at 0x000001b06c3ebd89 to 0x000001b06c3ec498
Event: 52.921 Thread 0x000001b07e0f9000 Exception <a 'java/lang/NoSuchMethodError'{0x000000008eb1ac58}: java.lang.invoke.DirectMethodHandle$Holder.invokeStatic(Ljava/lang/Object;IILjava/lang/Object;)I> (0x000000008eb1ac58) thrown at [./open/src/hotspot/share/interpreter/linkResolver.cpp, line 7
Event: 53.144 Thread 0x000001b07e0f9000 Exception <a 'sun/nio/fs/WindowsException'{0x0000000090b457d0}> (0x0000000090b457d0) thrown at [./open/src/hotspot/share/prims/jni.cpp, line 611]
Event: 53.144 Thread 0x000001b07e0f9000 Exception <a 'sun/nio/fs/WindowsException'{0x0000000090b46b38}> (0x0000000090b46b38) thrown at [./open/src/hotspot/share/prims/jni.cpp, line 611]
Event: 53.144 Thread 0x000001b07e0f9000 Exception <a 'sun/nio/fs/WindowsException'{0x0000000090b47ef0}> (0x0000000090b47ef0) thrown at [./open/src/hotspot/share/prims/jni.cpp, line 611]
Event: 53.144 Thread 0x000001b07e0f9000 Exception <a 'sun/nio/fs/WindowsException'{0x0000000090b492a8}> (0x0000000090b492a8) thrown at [./open/src/hotspot/share/prims/jni.cpp, line 611]

Events (10 events):
Event: 53.594 Executing VM operation: ICBufferFull
Event: 53.594 Executing VM operation: ICBufferFull done
Event: 53.668 Thread 0x000001b07e0f9000 DEOPT PACKING pc=0x000001b066106f53 sp=0x00000070b0ff9770
Event: 53.668 Thread 0x000001b07e0f9000 DEOPT UNPACKING pc=0x000001b0641d6dde sp=0x00000070b0ff8c40 mode 0
Event: 53.756 Thread 0x000001b07e0f9000 Uncommon trap: trap_request=0xffffff4d fr.pc=0x000001b06c0e9f7c relative=0x000000000000059c
Event: 53.756 Thread 0x000001b07e0f9000 DEOPT PACKING pc=0x000001b06c0e9f7c sp=0x00000070b0ff9f00
Event: 53.756 Thread 0x000001b07e0f9000 DEOPT UNPACKING pc=0x000001b0641d662f sp=0x00000070b0ff9eb0 mode 2
Event: 53.831 Thread 0x000001b07e0f9000 DEOPT PACKING pc=0x000001b066410a1d sp=0x00000070b0ffa0b0
Event: 53.831 Thread 0x000001b07e0f9000 DEOPT UNPACKING pc=0x000001b0641d6dde sp=0x00000070b0ff9688 mode 0
Event: 53.942 Executing VM operation: G1CollectForAllocation


Dynamic libraries:
0x00007ff7d3950000 - 0x00007ff7d395f000 	C:\Program Files\Java\jdk\bin\java.exe
0x00007ff8da4f0000 - 0x00007ff8da6e8000 	C:\Windows\SYSTEM32\ntdll.dll
0x00007ff8da390000 - 0x00007ff8da44f000 	C:\Windows\System32\KERNEL32.DLL
0x00007ff8d81c0000 - 0x00007ff8d84b6000 	C:\Windows\System32\KERNELBASE.dll
0x00007ff8d7df0000 - 0x00007ff8d7ef0000 	C:\Windows\System32\ucrtbase.dll
0x00007ff8cc380000 - 0x00007ff8cc398000 	C:\Program Files\Java\jdk\bin\jli.dll
0x00007ff8c04c0000 - 0x00007ff8c04d5000 	C:\Program Files\Java\jdk\bin\VCRUNTIME140.dll
0x00007ff8d9f20000 - 0x00007ff8d9fcf000 	C:\Windows\System32\ADVAPI32.dll
0x00007ff8d8b00000 - 0x00007ff8d8b9e000 	C:\Windows\System32\msvcrt.dll
0x00007ff8d9000000 - 0x00007ff8d909c000 	C:\Windows\System32\sechost.dll
0x00007ff8d9df0000 - 0x00007ff8d9f16000 	C:\Windows\System32\RPCRT4.dll
0x00007ff8d9220000 - 0x00007ff8d93bd000 	C:\Windows\System32\USER32.dll
0x00007ff8d7d90000 - 0x00007ff8d7db2000 	C:\Windows\System32\win32u.dll
0x00007ff8d8ba0000 - 0x00007ff8d8bcc000 	C:\Windows\System32\GDI32.dll
0x00007ff8c2920000 - 0x00007ff8c2bba000 	C:\Windows\WinSxS\amd64_microsoft.windows.common-controls_6595b64144ccf1df_6.0.19041.1110_none_60b5254171f9507e\COMCTL32.dll
0x00007ff8d7bd0000 - 0x00007ff8d7ce5000 	C:\Windows\System32\gdi32full.dll
0x00007ff8d7cf0000 - 0x00007ff8d7d8d000 	C:\Windows\System32\msvcp_win.dll
0x00007ff8d0670000 - 0x00007ff8d067a000 	C:\Windows\SYSTEM32\VERSION.dll
0x00007ff8d94e0000 - 0x00007ff8d9510000 	C:\Windows\System32\IMM32.DLL
0x00007ff886c90000 - 0x00007ff886d2b000 	C:\Program Files\Java\jdk\bin\msvcp140.dll
0x00007ff886170000 - 0x00007ff886c8a000 	C:\Program Files\Java\jdk\bin\server\jvm.dll
0x00007ff8d9510000 - 0x00007ff8d9518000 	C:\Windows\System32\PSAPI.DLL
0x00007ff8bcf50000 - 0x00007ff8bcf59000 	C:\Windows\SYSTEM32\WSOCK32.dll
0x00007ff8b44e0000 - 0x00007ff8b4507000 	C:\Windows\SYSTEM32\WINMM.dll
0x00007ff8d8cb0000 - 0x00007ff8d8d1b000 	C:\Windows\System32\WS2_32.dll
0x00007ff8d5a40000 - 0x00007ff8d5a52000 	C:\Windows\SYSTEM32\kernel.appcore.dll
0x00007ff8d09b0000 - 0x00007ff8d09c0000 	C:\Program Files\Java\jdk\bin\verify.dll
0x00007ff8bcd60000 - 0x00007ff8bcf44000 	C:\Windows\SYSTEM32\DBGHELP.DLL
0x00007ff8bcc30000 - 0x00007ff8bcc64000 	C:\Windows\SYSTEM32\dbgcore.DLL
0x00007ff8d84c0000 - 0x00007ff8d8542000 	C:\Windows\System32\bcryptPrimitives.dll
0x00007ff89ce40000 - 0x00007ff89ce68000 	C:\Program Files\Java\jdk\bin\java.dll
0x00007ff8d09a0000 - 0x00007ff8d09aa000 	C:\Program Files\Java\jdk\bin\jimage.dll
0x00007ff8a92a0000 - 0x00007ff8a92b6000 	C:\Program Files\Java\jdk\bin\zip.dll
0x00007ff8d9520000 - 0x00007ff8d9c64000 	C:\Windows\System32\SHELL32.dll
0x00007ff8d5c40000 - 0x00007ff8d63d3000 	C:\Windows\SYSTEM32\windows.storage.dll
0x00007ff8da030000 - 0x00007ff8da384000 	C:\Windows\System32\combase.dll
0x00007ff8d7460000 - 0x00007ff8d748e000 	C:\Windows\SYSTEM32\Wldp.dll
0x00007ff8d9110000 - 0x00007ff8d91bd000 	C:\Windows\System32\SHCORE.dll
0x00007ff8d90b0000 - 0x00007ff8d9105000 	C:\Windows\System32\shlwapi.dll
0x00007ff8d7b10000 - 0x00007ff8d7b2f000 	C:\Windows\SYSTEM32\profapi.dll
0x00007ff8a2f40000 - 0x00007ff8a2f59000 	C:\Program Files\Java\jdk\bin\net.dll
0x00007ff8cf3d0000 - 0x00007ff8cf4da000 	C:\Windows\SYSTEM32\WINHTTP.dll
0x00007ff8d7240000 - 0x00007ff8d72aa000 	C:\Windows\system32\mswsock.dll
0x00007ff8a1990000 - 0x00007ff8a19a2000 	C:\Program Files\Java\jdk\bin\nio.dll
0x00007ff89e990000 - 0x00007ff89e9b7000 	C:\Users\hafiz\.gradle\native\e1d6ef7f7dcc3fd88c89a11ec53ec762bb8ba0a96d01ffa2cd45eb1d1d8dd5c5\windows-amd64\native-platform.dll
0x00007ff89e1a0000 - 0x00007ff89e2e4000 	C:\Users\hafiz\.gradle\native\0d407fdbe67a94daf76414ababcb853783967236a71b16ec16e742cd7a986fd3\windows-amd64\native-platform-file-events.dll
0x00007ff8cd710000 - 0x00007ff8cd719000 	C:\Program Files\Java\jdk\bin\management.dll
0x00007ff8cbb10000 - 0x00007ff8cbb1b000 	C:\Program Files\Java\jdk\bin\management_ext.dll
0x00007ff8d77e0000 - 0x00007ff8d77f8000 	C:\Windows\SYSTEM32\CRYPTSP.dll
0x00007ff8d6b80000 - 0x00007ff8d6bb4000 	C:\Windows\system32\rsaenh.dll
0x00007ff8d7dc0000 - 0x00007ff8d7de7000 	C:\Windows\System32\bcrypt.dll
0x00007ff8d7a90000 - 0x00007ff8d7abe000 	C:\Windows\SYSTEM32\USERENV.dll
0x00007ff8d73d0000 - 0x00007ff8d73dc000 	C:\Windows\SYSTEM32\CRYPTBASE.dll
0x00007ff8d6f50000 - 0x00007ff8d6f8c000 	C:\Windows\SYSTEM32\IPHLPAPI.DLL
0x00007ff8d8680000 - 0x00007ff8d8688000 	C:\Windows\System32\NSI.dll
0x00007ff8cf870000 - 0x00007ff8cf887000 	C:\Windows\SYSTEM32\dhcpcsvc6.DLL
0x00007ff8cf850000 - 0x00007ff8cf86d000 	C:\Windows\SYSTEM32\dhcpcsvc.DLL
0x00007ff8d6f90000 - 0x00007ff8d705a000 	C:\Windows\SYSTEM32\DNSAPI.dll

dbghelp: loaded successfully - version: 4.0.5 - missing functions: none
symbol engine: initialized successfully - sym options: 0x614 - pdb path: .;C:\Program Files\Java\jdk\bin;C:\Windows\SYSTEM32;C:\Windows\WinSxS\amd64_microsoft.windows.common-controls_6595b64144ccf1df_6.0.19041.1110_none_60b5254171f9507e;C:\Program Files\Java\jdk\bin\server;C:\Users\hafiz\.gradle\native\e1d6ef7f7dcc3fd88c89a11ec53ec762bb8ba0a96d01ffa2cd45eb1d1d8dd5c5\windows-amd64;C:\Users\hafiz\.gradle\native\0d407fdbe67a94daf76414ababcb853783967236a71b16ec16e742cd7a986fd3\windows-amd64

VM Arguments:
jvm_args: -XX:MaxMetaspaceSize=512m --add-opens=java.base/java.util=ALL-UNNAMED --add-opens=java.base/java.lang=ALL-UNNAMED --add-opens=java.base/java.lang.invoke=ALL-UNNAMED --add-opens=java.base/java.util=ALL-UNNAMED --add-opens=java.prefs/java.util.prefs=ALL-UNNAMED --add-opens=java.prefs/java.util.prefs=ALL-UNNAMED --add-opens=java.base/java.nio.charset=ALL-UNNAMED --add-opens=java.base/java.net=ALL-UNNAMED --add-opens=java.base/java.util.concurrent.atomic=ALL-UNNAMED -Xmx2048m -Dfile.encoding=windows-1252 -Duser.country=US -Duser.language=en -Duser.variant 
java_command: org.gradle.launcher.daemon.bootstrap.GradleDaemon 7.5.1
java_class_path (initial): C:\Users\hafiz\.gradle\wrapper\dists\gradle-7.5.1-all\1ehga6e77gqps5uk2kc5kf1vc\gradle-7.5.1\lib\gradle-launcher-7.5.1.jar
Launcher Type: SUN_STANDARD

[Global flags]
     intx CICompilerCount                          = 3                                         {product} {ergonomic}
   size_t CompressedClassSpaceSize                 = 528482304                                 {product} {ergonomic}
     uint ConcGCThreads                            = 1                                         {product} {ergonomic}
     uint G1ConcRefinementThreads                  = 4                                         {product} {ergonomic}
   size_t G1HeapRegionSize                         = 1048576                                   {product} {ergonomic}
    uintx GCDrainStackTargetSize                   = 64                                        {product} {ergonomic}
   size_t InitialHeapSize                          = 130023424                                 {product} {ergonomic}
   size_t MarkStackSize                            = 4194304                                   {product} {ergonomic}
   size_t MaxHeapSize                              = 2147483648                                {product} {command line}
   size_t MaxMetaspaceSize                         = 536870912                                 {product} {command line}
   size_t MaxNewSize                               = 1287651328                                {product} {ergonomic}
   size_t MinHeapDeltaBytes                        = 1048576                                   {product} {ergonomic}
    uintx NonNMethodCodeHeapSize                   = 5830732                                {pd product} {ergonomic}
    uintx NonProfiledCodeHeapSize                  = 122913754                              {pd product} {ergonomic}
    uintx ProfiledCodeHeapSize                     = 122913754                              {pd product} {ergonomic}
    uintx ReservedCodeCacheSize                    = 251658240                              {pd product} {ergonomic}
     bool SegmentedCodeCache                       = true                                      {product} {ergonomic}
     bool UseCompressedClassPointers               = true                                 {lp64_product} {ergonomic}
     bool UseCompressedOops                        = true                                 {lp64_product} {ergonomic}
     bool UseG1GC                                  = true                                      {product} {ergonomic}
     bool UseLargePagesIndividualAllocation        = false                                  {pd product} {ergonomic}

Logging:
Log output configuration:
 #0: stdout all=warning uptime,level,tags
 #1: stderr all=off uptime,level,tags

Environment Variables:
JAVA_HOME=C:\Program Files\Java\jdk
CLASSPATH=C:\Users\hafiz\OneDrive\Desktop\HelpSoEasy\video-call-aapp\android\\gradle\wrapper\gradle-wrapper.jar
PATH=C:\Users\hafiz\OneDrive\Desktop\HelpSoEasy\video-call-aapp\android\node_modules\.bin;C:\Users\hafiz\OneDrive\Desktop\HelpSoEasy\video-call-aapp\node_modules\.bin;C:\Users\hafiz\OneDrive\Desktop\HelpSoEasy\node_modules\.bin;C:\Users\hafiz\OneDrive\Desktop\node_modules\.bin;C:\Users\hafiz\OneDrive\node_modules\.bin;C:\Users\hafiz\node_modules\.bin;C:\Users\node_modules\.bin;C:\node_modules\.bin;C:\Program Files\nodejs;C:\Users\hafiz\OneDrive\Desktop\HelpSoEasy\video-call-aapp\node_modules\.bin;C:\Users\hafiz\OneDrive\Desktop\HelpSoEasy\video-call-aapp\node_modules\.bin;C:\Users\hafiz\OneDrive\Desktop\HelpSoEasy\node_modules\.bin;C:\Users\hafiz\OneDrive\Desktop\node_modules\.bin;C:\Users\hafiz\OneDrive\node_modules\.bin;C:\Users\hafiz\node_modules\.bin;C:\Users\node_modules\.bin;C:\node_modules\.bin;C:\Program Files\nodejs\node_modules\npm\node_modules\@npmcli\run-script\lib\node-gyp-bin;C:\Program Files\Common Files\Oracle\Java\javapath;C:\Windows\system32;C:\Windows;C:\Windows\System32\Wbem;C:\Windows\System32\WindowsPowerShell\v1.0\;C:\Windows\System32\OpenSSH\;D:\laragon\bin\php\php-8.1;D:\ComposerSetup;C:\ProgramData\chocolatey\bin;C:\Users\hafiz\AppData\Roaming\nvm;C:\Program Files\nodejs;C:\Program Files\nodejs\;C:\Users\hafiz\AppData\Local\Android\Sdk\platform-tools;C:\Program Files\Git\cmd;C:\Program Files\Microsoft SQL Server\Client SDK\ODBC\130\Tools\Binn\;C:\Program Files (x86)\Microsoft SQL Server\140\Tools\Binn\;C:\Program Files\Microsoft SQL Server\140\Tools\Binn\;C:\Program Files\Microsoft SQL Server\140\DTS\Binn\;C:\Program Files (x86)\Microsoft SQL Server\160\DTS\Binn\;C:\Program Files\Azure Data Studio\bin;C:\Program Files\dotnet\;C:\Users\hafiz\AppData\Local\Programs\Python\Python311\Scripts\;C:\Users\hafiz\AppData\Local\Programs\Python\Python311\;C:\Users\hafiz\AppData\Local\Microsoft\WindowsApps;C:\Users\hafiz\AppData\Local\Programs\Microsoft VS Code\bin;C:\Users\hafiz\AppData\Roaming\Composer\vendor\bin;C:\Users\hafiz\AppData\Roaming\nvm;C:\Pro
USERNAME=hafiz
OS=Windows_NT
PROCESSOR_IDENTIFIER=Intel64 Family 6 Model 78 Stepping 3, GenuineIntel



---------------  S Y S T E M  ---------------

OS: Windows 10 , 64 bit Build 19041 (10.0.19041.3031)
Hyper-V role detected

CPU:total 4 (initial active 4) (2 cores per cpu, 2 threads per core) family 6 model 78 stepping 3 microcode 0xcc, cmov, cx8, fxsr, mmx, sse, sse2, sse3, ssse3, sse4.1, sse4.2, popcnt, avx, avx2, aes, clmul, erms, rtm, 3dnowpref, lzcnt, ht, tsc, tscinvbit, bmi1, bmi2, adx, fma

Memory: 4k page, system-wide physical 7866M (866M free)
TotalPageFile size 9914M (AvailPageFile size 71M)
current process WorkingSet (physical memory assigned to process): 568M, peak: 568M
current process commit charge ("private bytes"): 619M, peak: 717M

vm_info: Java HotSpot(TM) 64-Bit Server VM (11.0.17+10-LTS-269) for windows-amd64 JRE (11.0.17+10-LTS-269), built on Sep 13 2022 19:26:37 by "mach5one" with MS VC++ 15.9 (VS2017)

END.
