#
# There is insufficient memory for the Java Runtime Environment to continue.
# Native memory allocation (malloc) failed to allocate 1054896 bytes for Chunk::new
# Possible reasons:
#   The system is out of physical RAM or swap space
#   The process is running with CompressedOops enabled, and the Java Heap may be blocking the growth of the native heap
# Possible solutions:
#   Reduce memory load on the system
#   Increase physical memory or swap space
#   Check if swap backing store is full
#   Decrease Java heap size (-Xmx/-Xms)
#   Decrease number of Java threads
#   Decrease Java thread stack sizes (-Xss)
#   Set larger code cache with -XX:ReservedCodeCacheSize=
#   JVM is running with Unscaled Compressed Oops mode in which the Java heap is
#     placed in the first 4GB address space. The Java Heap base address is the
#     maximum limit for the native heap growth. Please use -XX:HeapBaseMinAddress
#     to set the Java Heap base and to place the Java Heap above 4GB virtual address.
# This output file may be truncated or incomplete.
#
#  Out of Memory Error (./open/src/hotspot/share/memory/arena.cpp:197), pid=1884, tid=1104
#
# JRE version: Java(TM) SE Runtime Environment 18.9 (11.0.17+10) (build 11.0.17+10-LTS-269)
# Java VM: Java HotSpot(TM) 64-Bit Server VM 18.9 (11.0.17+10-LTS-269, mixed mode, tiered, compressed oops, g1 gc, windows-amd64)
# No core dump will be written. Minidumps are not enabled by default on client versions of Windows
#

---------------  S U M M A R Y ------------

Command Line: -XX:MaxMetaspaceSize=512m --add-opens=java.base/java.util=ALL-UNNAMED --add-opens=java.base/java.lang=ALL-UNNAMED --add-opens=java.base/java.lang.invoke=ALL-UNNAMED --add-opens=java.base/java.util=ALL-UNNAMED --add-opens=java.prefs/java.util.prefs=ALL-UNNAMED --add-opens=java.prefs/java.util.prefs=ALL-UNNAMED --add-opens=java.base/java.nio.charset=ALL-UNNAMED --add-opens=java.base/java.net=ALL-UNNAMED --add-opens=java.base/java.util.concurrent.atomic=ALL-UNNAMED -Xmx2048m -Dfile.encoding=windows-1252 -Duser.country=US -Duser.language=en -Duser.variant org.gradle.launcher.daemon.bootstrap.GradleDaemon 7.5.1

Host: Intel(R) Core(TM) i3-6100U CPU @ 2.30GHz, 4 cores, 7G,  Windows 10 , 64 bit Build 19041 (10.0.19041.3031)
Time: Sat Jun 17 23:23:22 2023 Pakistan Standard Time elapsed time: 26.916558 seconds (0d 0h 0m 26s)

---------------  T H R E A D  ---------------

Current thread (0x000002689f683800):  JavaThread "C2 CompilerThread1" daemon [_thread_in_native, id=1104, stack(0x000000f24a000000,0x000000f24a100000)]


Current CompileTask:
C2:  26916 8518 %     4       org.gradle.internal.instantiation.generator.AbstractClassGenerator::inspectType @ 107 (560 bytes)

Stack: [0x000000f24a000000,0x000000f24a100000]
Native frames: (J=compiled Java code, j=interpreted, Vv=VM code, C=native code)
V  [jvm.dll+0x62b5da]
V  [jvm.dll+0x7653df]
V  [jvm.dll+0x766a89]
V  [jvm.dll+0x767113]
V  [jvm.dll+0x23dd28]
V  [jvm.dll+0xb2a1c]
V  [jvm.dll+0xb2fdc]
V  [jvm.dll+0x2aeaa4]
V  [jvm.dll+0x53e83b]
V  [jvm.dll+0x1fa3f9]
V  [jvm.dll+0x1f77dd]
V  [jvm.dll+0x177c91]
V  [jvm.dll+0x207296]
V  [jvm.dll+0x20542b]
V  [jvm.dll+0x72b2c0]
V  [jvm.dll+0x723e64]
V  [jvm.dll+0x62a485]
C  [ucrtbase.dll+0x21bb2]
C  [KERNEL32.DLL+0x17614]
C  [ntdll.dll+0x526f1]


---------------  P R O C E S S  ---------------

Threads class SMR info:
_java_thread_list=0x00000268a34703e0, length=87, elements={
0x00000268fd90e000, 0x00000268feaac800, 0x00000268feab6000, 0x00000268feac4000,
0x00000268feac6000, 0x00000268ff420800, 0x00000268ff424800, 0x00000268ff42d000,
0x00000268ff42e800, 0x00000268ff58b800, 0x000002689d1ed800, 0x000002689e425800,
0x000002689c616000, 0x000002689db33800, 0x000002689da70800, 0x000002689f0d6800,
0x000002689e651000, 0x000002689e06f800, 0x000002689e448000, 0x000002689e1b2800,
0x000002689e1af000, 0x000002689e1b3000, 0x000002689e1b5800, 0x000002689e1b4000,
0x000002689e1b0000, 0x000002689e1b0800, 0x000002689e1b1800, 0x000002689e1b4800,
0x000002689eb5c800, 0x000002689eb5d000, 0x000002689eb60800, 0x000002689eb61000,
0x000002689eb5b800, 0x000002689eb63000, 0x000002689eb5f800, 0x000002689eb65800,
0x000002689eb62000, 0x000002689eb64800, 0x000002689eb63800, 0x000002689eb66000,
0x000002689eb68800, 0x000002689eb68000, 0x000002689eb6a000, 0x000002689eb69800,
0x000002689e994800, 0x000002689e996000, 0x000002689e995800, 0x000002689e997000,
0x000002689e997800, 0x000002689e998800, 0x000002689e999800, 0x000002689e993800,
0x000002689e99a000, 0x000002689fc06000, 0x000002689fc05000, 0x000002689fc06800,
0x000002689fc07800, 0x000002689fc08000, 0x000002689fc0a000, 0x000002689fc09000,
0x000002689fc04000, 0x000002689fc0f800, 0x000002689fc0a800, 0x000002689fc0c800,
0x000002689fc0d000, 0x000002689fc0e000, 0x000002689fc0f000, 0x000002689fc10800,
0x000002689fc11000, 0x000002689fc0b800, 0x000002689fc12000, 0x000002689fc13000,
0x000002689fcf7800, 0x000002689fcf8800, 0x000002689fcf7000, 0x000002689fcfb000,
0x000002689fcf9000, 0x000002689fcfb800, 0x000002689fcfd800, 0x000002689fcfc800,
0x00000268a3e3c800, 0x00000268a3e3b800, 0x00000268a3e3f000, 0x00000268a3e39000,
0x00000268a3e40000, 0x00000268a3e3d800, 0x000002689f683800
}

Java Threads: ( => current thread )
  0x00000268fd90e000 JavaThread "main" [_thread_blocked, id=4688, stack(0x000000f248400000,0x000000f248500000)]
  0x00000268feaac800 JavaThread "Reference Handler" daemon [_thread_blocked, id=2848, stack(0x000000f248b00000,0x000000f248c00000)]
  0x00000268feab6000 JavaThread "Finalizer" daemon [_thread_blocked, id=10492, stack(0x000000f248c00000,0x000000f248d00000)]
  0x00000268feac4000 JavaThread "Signal Dispatcher" daemon [_thread_blocked, id=10020, stack(0x000000f248d00000,0x000000f248e00000)]
  0x00000268feac6000 JavaThread "Attach Listener" daemon [_thread_blocked, id=12224, stack(0x000000f248e00000,0x000000f248f00000)]
  0x00000268ff420800 JavaThread "Service Thread" daemon [_thread_blocked, id=6820, stack(0x000000f248f00000,0x000000f249000000)]
  0x00000268ff424800 JavaThread "C2 CompilerThread0" daemon [_thread_blocked, id=8272, stack(0x000000f249000000,0x000000f249100000)]
  0x00000268ff42d000 JavaThread "C1 CompilerThread0" daemon [_thread_in_native, id=10192, stack(0x000000f249100000,0x000000f249200000)]
  0x00000268ff42e800 JavaThread "Sweeper thread" daemon [_thread_blocked, id=6056, stack(0x000000f249200000,0x000000f249300000)]
  0x00000268ff58b800 JavaThread "Common-Cleaner" daemon [_thread_blocked, id=5224, stack(0x000000f249300000,0x000000f249400000)]
  0x000002689d1ed800 JavaThread "Daemon health stats" [_thread_blocked, id=13216, stack(0x000000f249700000,0x000000f249800000)]
  0x000002689e425800 JavaThread "Incoming local TCP Connector on port 56234" [_thread_in_native, id=13284, stack(0x000000f249500000,0x000000f249600000)]
  0x000002689c616000 JavaThread "Daemon periodic checks" [_thread_blocked, id=4408, stack(0x000000f249800000,0x000000f249900000)]
  0x000002689db33800 JavaThread "Daemon" [_thread_blocked, id=5176, stack(0x000000f249900000,0x000000f249a00000)]
  0x000002689da70800 JavaThread "Handler for socket connection from /127.0.0.1:56234 to /127.0.0.1:56235" [_thread_in_native, id=6764, stack(0x000000f249a00000,0x000000f249b00000)]
  0x000002689f0d6800 JavaThread "Cancel handler" [_thread_blocked, id=7332, stack(0x000000f249b00000,0x000000f249c00000)]
  0x000002689e651000 JavaThread "Daemon worker" [_thread_in_Java, id=9584, stack(0x000000f249c00000,0x000000f249d00000)]
  0x000002689e06f800 JavaThread "Asynchronous log dispatcher for DefaultDaemonConnection: socket connection from /127.0.0.1:56234 to /127.0.0.1:56235" [_thread_blocked, id=11028, stack(0x000000f249d00000,0x000000f249e00000)]
  0x000002689e448000 JavaThread "Stdin handler" [_thread_blocked, id=7032, stack(0x000000f249e00000,0x000000f249f00000)]
  0x000002689e1b2800 JavaThread "Daemon client event forwarder" [_thread_in_vm, id=2668, stack(0x000000f249f00000,0x000000f24a000000)] _threads_hazard_ptr=0x00000268a34703e1
  0x000002689e1af000 JavaThread "Cache worker for journal cache (C:\Users\hafiz\.gradle\caches\journal-1)" [_thread_blocked, id=9692, stack(0x000000f24a300000,0x000000f24a400000)]
  0x000002689e1b3000 JavaThread "File lock request listener" [_thread_in_native, id=11780, stack(0x000000f24a400000,0x000000f24a500000)]
  0x000002689e1b5800 JavaThread "Cache worker for file hash cache (C:\Users\hafiz\.gradle\caches\7.5.1\fileHashes)" [_thread_blocked, id=2716, stack(0x000000f24a500000,0x000000f24a600000)]
  0x000002689e1b4000 JavaThread "File watcher server" daemon [_thread_in_native, id=9264, stack(0x000000f24a600000,0x000000f24a700000)]
  0x000002689e1b0000 JavaThread "File watcher consumer" daemon [_thread_blocked, id=9488, stack(0x000000f24a700000,0x000000f24a800000)]
  0x000002689e1b0800 JavaThread "Cache worker for checksums cache (C:\Users\hafiz\OneDrive\Desktop\HelpSoEasy\video-call-aapp\android\.gradle\7.5.1\checksums)" [_thread_blocked, id=10140, stack(0x000000f24a800000,0x000000f24a900000)]
  0x000002689e1b1800 JavaThread "Cache worker for cache directory md-rule (C:\Users\hafiz\.gradle\caches\7.5.1\md-rule)" [_thread_blocked, id=2788, stack(0x000000f24a900000,0x000000f24aa00000)]
  0x000002689e1b4800 JavaThread "Cache worker for file content cache (C:\Users\hafiz\.gradle\caches\7.5.1\fileContent)" [_thread_blocked, id=7312, stack(0x000000f24aa00000,0x000000f24ab00000)]
  0x000002689eb5c800 JavaThread "Cache worker for file hash cache (C:\Users\hafiz\OneDrive\Desktop\HelpSoEasy\video-call-aapp\android\.gradle\7.5.1\fileHashes)" [_thread_blocked, id=11024, stack(0x000000f24ab00000,0x000000f24ac00000)]
  0x000002689eb5d000 JavaThread "Cache worker for cache directory md-supplier (C:\Users\hafiz\.gradle\caches\7.5.1\md-supplier)" [_thread_blocked, id=3696, stack(0x000000f24ac00000,0x000000f24ad00000)]
  0x000002689eb60800 JavaThread "Cache worker for execution history cache (C:\Users\hafiz\.gradle\caches\7.5.1\executionHistory)" [_thread_blocked, id=11812, stack(0x000000f24ad00000,0x000000f24ae00000)]
  0x000002689eb61000 JavaThread "jar transforms" [_thread_blocked, id=8124, stack(0x000000f24ae00000,0x000000f24af00000)]
  0x000002689eb5b800 JavaThread "jar transforms Thread 2" [_thread_blocked, id=5460, stack(0x000000f24af00000,0x000000f24b000000)]
  0x000002689eb63000 JavaThread "jar transforms Thread 3" [_thread_blocked, id=3220, stack(0x000000f24b000000,0x000000f24b100000)]
  0x000002689eb5f800 JavaThread "jar transforms Thread 4" [_thread_blocked, id=5864, stack(0x000000f24b100000,0x000000f24b200000)]
  0x000002689eb65800 JavaThread "Cache worker for kotlin-dsl (C:\Users\hafiz\.gradle\caches\7.5.1\kotlin-dsl)" [_thread_blocked, id=5340, stack(0x000000f24b200000,0x000000f24b300000)]
  0x000002689eb62000 JavaThread "Cache worker for dependencies-accessors (C:\Users\hafiz\OneDrive\Desktop\HelpSoEasy\video-call-aapp\android\.gradle\7.5.1\dependencies-accessors)" [_thread_blocked, id=11088, stack(0x000000f24b300000,0x000000f24b400000)]
  0x000002689eb64800 JavaThread "Cache worker for Build Output Cleanup Cache (C:\Users\hafiz\OneDrive\Desktop\HelpSoEasy\video-call-aapp\node_modules\react-native-gradle-plugin\.gradle\buildOutputCleanup)" [_thread_blocked, id=8156, stack(0x000000f24b400000,0x000000f24b500000)]
  0x000002689eb63800 JavaThread "Unconstrained build operations" [_thread_blocked, id=3852, stack(0x000000f24b500000,0x000000f24b600000)]
  0x000002689eb66000 JavaThread "Unconstrained build operations Thread 2" [_thread_blocked, id=4496, stack(0x000000f24b600000,0x000000f24b700000)]
  0x000002689eb68800 JavaThread "Unconstrained build operations Thread 3" [_thread_blocked, id=12616, stack(0x000000f24b700000,0x000000f24b800000)]
  0x000002689eb68000 JavaThread "Unconstrained build operations Thread 4" [_thread_blocked, id=2744, stack(0x000000f24b800000,0x000000f24b900000)]
  0x000002689eb6a000 JavaThread "Unconstrained build operations Thread 5" [_thread_blocked, id=9392, stack(0x000000f24b900000,0x000000f24ba00000)]
  0x000002689eb69800 JavaThread "Unconstrained build operations Thread 6" [_thread_blocked, id=12168, stack(0x000000f24ba00000,0x000000f24bb00000)]
  0x000002689e994800 JavaThread "Unconstrained build operations Thread 7" [_thread_blocked, id=8944, stack(0x000000f24bb00000,0x000000f24bc00000)]
  0x000002689e996000 JavaThread "Unconstrained build operations Thread 8" [_thread_blocked, id=9072, stack(0x000000f24bc00000,0x000000f24bd00000)]
  0x000002689e995800 JavaThread "Unconstrained build operations Thread 9" [_thread_blocked, id=2484, stack(0x000000f24bd00000,0x000000f24be00000)]
  0x000002689e997000 JavaThread "Unconstrained build operations Thread 10" [_thread_blocked, id=6772, stack(0x000000f24be00000,0x000000f24bf00000)]
  0x000002689e997800 JavaThread "Unconstrained build operations Thread 11" [_thread_blocked, id=11684, stack(0x000000f24bf00000,0x000000f24c000000)]
  0x000002689e998800 JavaThread "Unconstrained build operations Thread 12" [_thread_blocked, id=9432, stack(0x000000f24c000000,0x000000f24c100000)]
  0x000002689e999800 JavaThread "Unconstrained build operations Thread 13" [_thread_blocked, id=10028, stack(0x000000f24c100000,0x000000f24c200000)]
  0x000002689e993800 JavaThread "Unconstrained build operations Thread 14" [_thread_blocked, id=9208, stack(0x000000f24c200000,0x000000f24c300000)]
  0x000002689e99a000 JavaThread "Unconstrained build operations Thread 15" [_thread_blocked, id=12388, stack(0x000000f24c300000,0x000000f24c400000)]
  0x000002689fc06000 JavaThread "Unconstrained build operations Thread 16" [_thread_blocked, id=13056, stack(0x000000f24c400000,0x000000f24c500000)]
  0x000002689fc05000 JavaThread "Unconstrained build operations Thread 17" [_thread_blocked, id=3960, stack(0x000000f24c500000,0x000000f24c600000)]
  0x000002689fc06800 JavaThread "Unconstrained build operations Thread 18" [_thread_blocked, id=3512, stack(0x000000f24c600000,0x000000f24c700000)]
  0x000002689fc07800 JavaThread "Unconstrained build operations Thread 19" [_thread_blocked, id=2144, stack(0x000000f24c700000,0x000000f24c800000)]
  0x000002689fc08000 JavaThread "Unconstrained build operations Thread 20" [_thread_blocked, id=2228, stack(0x000000f24c800000,0x000000f24c900000)]
  0x000002689fc0a000 JavaThread "Unconstrained build operations Thread 21" [_thread_blocked, id=9976, stack(0x000000f24c900000,0x000000f24ca00000)]
  0x000002689fc09000 JavaThread "Unconstrained build operations Thread 22" [_thread_blocked, id=10052, stack(0x000000f24ca00000,0x000000f24cb00000)]
  0x000002689fc04000 JavaThread "Unconstrained build operations Thread 23" [_thread_blocked, id=9920, stack(0x000000f24cb00000,0x000000f24cc00000)]
  0x000002689fc0f800 JavaThread "Unconstrained build operations Thread 24" [_thread_blocked, id=8792, stack(0x000000f24cc00000,0x000000f24cd00000)]
  0x000002689fc0a800 JavaThread "Unconstrained build operations Thread 25" [_thread_blocked, id=2672, stack(0x000000f24cd00000,0x000000f24ce00000)]
  0x000002689fc0c800 JavaThread "Unconstrained build operations Thread 26" [_thread_blocked, id=6188, stack(0x000000f24ce00000,0x000000f24cf00000)]
  0x000002689fc0d000 JavaThread "Unconstrained build operations Thread 27" [_thread_blocked, id=9624, stack(0x000000f24cf00000,0x000000f24d000000)]
  0x000002689fc0e000 JavaThread "Unconstrained build operations Thread 28" [_thread_blocked, id=10484, stack(0x000000f24d000000,0x000000f24d100000)]
  0x000002689fc0f000 JavaThread "Unconstrained build operations Thread 29" [_thread_blocked, id=3800, stack(0x000000f24d100000,0x000000f24d200000)]
  0x000002689fc10800 JavaThread "Unconstrained build operations Thread 30" [_thread_blocked, id=9368, stack(0x000000f24d200000,0x000000f24d300000)]
  0x000002689fc11000 JavaThread "Unconstrained build operations Thread 31" [_thread_blocked, id=12420, stack(0x000000f24d300000,0x000000f24d400000)]
  0x000002689fc0b800 JavaThread "Unconstrained build operations Thread 32" [_thread_blocked, id=10564, stack(0x000000f24d400000,0x000000f24d500000)]
  0x000002689fc12000 JavaThread "Unconstrained build operations Thread 33" [_thread_blocked, id=7524, stack(0x000000f24d500000,0x000000f24d600000)]
  0x000002689fc13000 JavaThread "build event listener" [_thread_blocked, id=4104, stack(0x000000f24d600000,0x000000f24d700000)]
  0x000002689fcf7800 JavaThread "Memory manager" [_thread_blocked, id=2272, stack(0x000000f24d700000,0x000000f24d800000)]
  0x000002689fcf8800 JavaThread "Cache worker for Build Output Cleanup Cache (C:\Users\hafiz\OneDrive\Desktop\HelpSoEasy\video-call-aapp\android\.gradle\buildOutputCleanup)" [_thread_blocked, id=6620, stack(0x000000f24d800000,0x000000f24d900000)]
  0x000002689fcf7000 JavaThread "included builds" [_thread_blocked, id=8556, stack(0x000000f24d900000,0x000000f24da00000)]
  0x000002689fcfb000 JavaThread "Execution worker" [_thread_blocked, id=3344, stack(0x000000f24da00000,0x000000f24db00000)]
  0x000002689fcf9000 JavaThread "Execution worker Thread 2" [_thread_blocked, id=5884, stack(0x000000f24db00000,0x000000f24dc00000)]
  0x000002689fcfb800 JavaThread "Execution worker Thread 3" [_thread_blocked, id=11808, stack(0x000000f24dc00000,0x000000f24dd00000)]
  0x000002689fcfd800 JavaThread "Cache worker for execution history cache (C:\Users\hafiz\OneDrive\Desktop\HelpSoEasy\video-call-aapp\node_modules\react-native-gradle-plugin\.gradle\7.5.1\executionHistory)" [_thread_blocked, id=12948, stack(0x000000f24dd00000,0x000000f24de00000)]
  0x000002689fcfc800 JavaThread "Unconstrained build operations Thread 34" [_thread_blocked, id=6004, stack(0x000000f24de00000,0x000000f24df00000)]
  0x00000268a3e3c800 JavaThread "Unconstrained build operations Thread 35" [_thread_blocked, id=10756, stack(0x000000f24df00000,0x000000f24e000000)]
  0x00000268a3e3b800 JavaThread "Unconstrained build operations Thread 36" [_thread_blocked, id=7896, stack(0x000000f24e000000,0x000000f24e100000)]
  0x00000268a3e3f000 JavaThread "Unconstrained build operations Thread 37" [_thread_blocked, id=7684, stack(0x000000f24e100000,0x000000f24e200000)]
  0x00000268a3e39000 JavaThread "Unconstrained build operations Thread 38" [_thread_blocked, id=5492, stack(0x000000f24e200000,0x000000f24e300000)]
  0x00000268a3e40000 JavaThread "Unconstrained build operations Thread 39" [_thread_blocked, id=2808, stack(0x000000f24e300000,0x000000f24e400000)]
  0x00000268a3e3d800 JavaThread "Unconstrained build operations Thread 40" [_thread_blocked, id=940, stack(0x000000f24e400000,0x000000f24e500000)]
=>0x000002689f683800 JavaThread "C2 CompilerThread1" daemon [_thread_in_native, id=1104, stack(0x000000f24a000000,0x000000f24a100000)]

Other Threads:
  0x00000268feaa7800 VMThread "VM Thread" [stack: 0x000000f248a00000,0x000000f248b00000] [id=11600]
  0x00000268ff5dd000 WatcherThread [stack: 0x000000f249400000,0x000000f249500000] [id=9720]
  0x00000268fd924000 GCTaskThread "GC Thread#0" [stack: 0x000000f248500000,0x000000f248600000] [id=9636]
  0x000002689c817800 GCTaskThread "GC Thread#1" [stack: 0x000000f249600000,0x000000f249700000] [id=3688]
  0x000002689f0cd800 GCTaskThread "GC Thread#2" [stack: 0x000000f24a100000,0x000000f24a200000] [id=5820]
  0x000002689e448800 GCTaskThread "GC Thread#3" [stack: 0x000000f24a200000,0x000000f24a300000] [id=9116]
  0x00000268fd953800 ConcurrentGCThread "G1 Main Marker" [stack: 0x000000f248600000,0x000000f248700000] [id=2904]
  0x00000268fd955000 ConcurrentGCThread "G1 Conc#0" [stack: 0x000000f248700000,0x000000f248800000] [id=12304]
  0x00000268fd9e7000 ConcurrentGCThread "G1 Refine#0" [stack: 0x000000f248800000,0x000000f248900000] [id=6840]
  0x00000268fd9e8000 ConcurrentGCThread "G1 Young RemSet Sampling" [stack: 0x000000f248900000,0x000000f248a00000] [id=12228]

Threads with active compile tasks:
C2 CompilerThread1    27004 8518 %     4       org.gradle.internal.instantiation.generator.AbstractClassGenerator::inspectType @ 107 (560 bytes)

VM state:not at safepoint (normal execution)

VM Mutex/Monitor currently owned by a thread: None

Heap address: 0x0000000080000000, size: 2048 MB, Compressed Oops mode: 32-bit
Narrow klass base: 0x0000000000000000, Narrow klass shift: 3
Compressed class space size: 528482304 Address: 0x0000000100000000

Heap:
 garbage-first heap   total 183296K, used 100754K [0x0000000080000000, 0x0000000100000000)
  region size 1024K, 38 young (38912K), 12 survivors (12288K)
 Metaspace       used 79006K, capacity 81175K, committed 81308K, reserved 587776K
  class space    used 10379K, capacity 11278K, committed 11296K, reserved 516096K
Heap Regions: E=young(eden), S=young(survivor), O=old, HS=humongous(starts), HC=humongous(continues), CS=collection set, F=free, A=archive, TAMS=top-at-mark-start (previous, next)
|   0|0x0000000080000000, 0x0000000080100000, 0x0000000080100000|100%|HS|  |TAMS 0x0000000080100000, 0x0000000080000000| Complete 
|   1|0x0000000080100000, 0x0000000080200000, 0x0000000080200000|100%|HC|  |TAMS 0x0000000080200000, 0x0000000080100000| Complete 
|   2|0x0000000080200000, 0x0000000080300000, 0x0000000080300000|100%|HC|  |TAMS 0x0000000080300000, 0x0000000080200000| Complete 
|   3|0x0000000080300000, 0x0000000080400000, 0x0000000080400000|100%| O|  |TAMS 0x0000000080400000, 0x0000000080300000| Untracked 
|   4|0x0000000080400000, 0x0000000080500000, 0x0000000080500000|100%| O|  |TAMS 0x0000000080500000, 0x0000000080400000| Untracked 
|   5|0x0000000080500000, 0x0000000080600000, 0x0000000080600000|100%| O|  |TAMS 0x0000000080600000, 0x0000000080500000| Untracked 
|   6|0x0000000080600000, 0x0000000080700000, 0x0000000080700000|100%| O|  |TAMS 0x0000000080700000, 0x0000000080600000| Untracked 
|   7|0x0000000080700000, 0x0000000080800000, 0x0000000080800000|100%| O|  |TAMS 0x0000000080800000, 0x0000000080700000| Untracked 
|   8|0x0000000080800000, 0x0000000080900000, 0x0000000080900000|100%| O|  |TAMS 0x0000000080900000, 0x0000000080800000| Untracked 
|   9|0x0000000080900000, 0x0000000080a00000, 0x0000000080a00000|100%| O|  |TAMS 0x0000000080a00000, 0x0000000080900000| Untracked 
|  10|0x0000000080a00000, 0x0000000080b00000, 0x0000000080b00000|100%| O|  |TAMS 0x0000000080b00000, 0x0000000080a00000| Untracked 
|  11|0x0000000080b00000, 0x0000000080c00000, 0x0000000080c00000|100%| O|  |TAMS 0x0000000080c00000, 0x0000000080b00000| Untracked 
|  12|0x0000000080c00000, 0x0000000080d00000, 0x0000000080d00000|100%| O|  |TAMS 0x0000000080d00000, 0x0000000080c00000| Untracked 
|  13|0x0000000080d00000, 0x0000000080e00000, 0x0000000080e00000|100%| O|  |TAMS 0x0000000080e00000, 0x0000000080d00000| Untracked 
|  14|0x0000000080e00000, 0x0000000080f00000, 0x0000000080f00000|100%|HS|  |TAMS 0x0000000080f00000, 0x0000000080e00000| Complete 
|  15|0x0000000080f00000, 0x0000000081000000, 0x0000000081000000|100%| O|  |TAMS 0x0000000081000000, 0x0000000080f00000| Untracked 
|  16|0x0000000081000000, 0x0000000081100000, 0x0000000081100000|100%| O|  |TAMS 0x0000000081100000, 0x0000000081000000| Untracked 
|  17|0x0000000081100000, 0x0000000081200000, 0x0000000081200000|100%| O|  |TAMS 0x0000000081200000, 0x0000000081100000| Untracked 
|  18|0x0000000081200000, 0x0000000081300000, 0x0000000081300000|100%| O|  |TAMS 0x0000000081300000, 0x0000000081200000| Untracked 
|  19|0x0000000081300000, 0x0000000081400000, 0x0000000081400000|100%| O|  |TAMS 0x0000000081400000, 0x0000000081300000| Untracked 
|  20|0x0000000081400000, 0x0000000081500000, 0x0000000081500000|100%| O|  |TAMS 0x0000000081500000, 0x0000000081400000| Untracked 
|  21|0x0000000081500000, 0x0000000081600000, 0x0000000081600000|100%| O|  |TAMS 0x0000000081600000, 0x0000000081500000| Untracked 
|  22|0x0000000081600000, 0x0000000081700000, 0x0000000081700000|100%| O|  |TAMS 0x0000000081700000, 0x0000000081600000| Untracked 
|  23|0x0000000081700000, 0x0000000081800000, 0x0000000081800000|100%| O|  |TAMS 0x0000000081800000, 0x0000000081700000| Untracked 
|  24|0x0000000081800000, 0x0000000081900000, 0x0000000081900000|100%| O|  |TAMS 0x0000000081900000, 0x0000000081800000| Untracked 
|  25|0x0000000081900000, 0x0000000081a00000, 0x0000000081a00000|100%|HS|  |TAMS 0x0000000081a00000, 0x0000000081900000| Complete 
|  26|0x0000000081a00000, 0x0000000081b00000, 0x0000000081b00000|100%|HC|  |TAMS 0x0000000081b00000, 0x0000000081a00000| Complete 
|  27|0x0000000081b00000, 0x0000000081c00000, 0x0000000081c00000|100%|HC|  |TAMS 0x0000000081c00000, 0x0000000081b00000| Complete 
|  28|0x0000000081c00000, 0x0000000081d00000, 0x0000000081d00000|100%| O|  |TAMS 0x0000000081d00000, 0x0000000081c00000| Untracked 
|  29|0x0000000081d00000, 0x0000000081e00000, 0x0000000081e00000|100%| O|  |TAMS 0x0000000081e00000, 0x0000000081d00000| Untracked 
|  30|0x0000000081e00000, 0x0000000081f00000, 0x0000000081f00000|100%| O|  |TAMS 0x0000000081f00000, 0x0000000081e00000| Untracked 
|  31|0x0000000081f00000, 0x0000000082000000, 0x0000000082000000|100%| O|  |TAMS 0x0000000082000000, 0x0000000081f00000| Untracked 
|  32|0x0000000082000000, 0x0000000082100000, 0x0000000082100000|100%| O|  |TAMS 0x0000000082100000, 0x0000000082000000| Untracked 
|  33|0x0000000082100000, 0x0000000082200000, 0x0000000082200000|100%| O|  |TAMS 0x0000000082200000, 0x0000000082100000| Untracked 
|  34|0x0000000082200000, 0x0000000082300000, 0x0000000082300000|100%| O|  |TAMS 0x0000000082300000, 0x0000000082200000| Untracked 
|  35|0x0000000082300000, 0x0000000082400000, 0x0000000082400000|100%| O|  |TAMS 0x0000000082400000, 0x0000000082300000| Untracked 
|  36|0x0000000082400000, 0x0000000082500000, 0x0000000082500000|100%| O|  |TAMS 0x0000000082500000, 0x0000000082400000| Untracked 
|  37|0x0000000082500000, 0x0000000082600000, 0x0000000082600000|100%| O|  |TAMS 0x0000000082600000, 0x0000000082500000| Untracked 
|  38|0x0000000082600000, 0x0000000082700000, 0x0000000082700000|100%| O|  |TAMS 0x0000000082700000, 0x0000000082600000| Untracked 
|  39|0x0000000082700000, 0x0000000082800000, 0x0000000082800000|100%| O|  |TAMS 0x0000000082800000, 0x0000000082700000| Untracked 
|  40|0x0000000082800000, 0x0000000082900000, 0x0000000082900000|100%| O|  |TAMS 0x0000000082900000, 0x0000000082800000| Untracked 
|  41|0x0000000082900000, 0x0000000082a00000, 0x0000000082a00000|100%| O|  |TAMS 0x0000000082a00000, 0x0000000082900000| Untracked 
|  42|0x0000000082a00000, 0x0000000082b00000, 0x0000000082b00000|100%| O|  |TAMS 0x0000000082ad4000, 0x0000000082a00000| Untracked 
|  43|0x0000000082b00000, 0x0000000082c00000, 0x0000000082c00000|100%|HS|  |TAMS 0x0000000082b00000, 0x0000000082b00000| Complete 
|  44|0x0000000082c00000, 0x0000000082d00000, 0x0000000082d00000|100%|HS|  |TAMS 0x0000000082c00000, 0x0000000082c00000| Complete 
|  45|0x0000000082d00000, 0x0000000082e00000, 0x0000000082e00000|100%|HS|  |TAMS 0x0000000082d00000, 0x0000000082d00000| Complete 
|  46|0x0000000082e00000, 0x0000000082f00000, 0x0000000082f00000|100%|HS|  |TAMS 0x0000000082e00000, 0x0000000082e00000| Complete 
|  47|0x0000000082f00000, 0x0000000083000000, 0x0000000083000000|100%|HC|  |TAMS 0x0000000082f00000, 0x0000000082f00000| Complete 
|  48|0x0000000083000000, 0x0000000083100000, 0x0000000083100000|100%|HS|  |TAMS 0x0000000083000000, 0x0000000083000000| Complete 
|  49|0x0000000083100000, 0x0000000083200000, 0x0000000083200000|100%|HS|  |TAMS 0x0000000083100000, 0x0000000083100000| Complete 
|  50|0x0000000083200000, 0x0000000083300000, 0x0000000083300000|100%| O|  |TAMS 0x0000000083200000, 0x0000000083200000| Untracked 
|  51|0x0000000083300000, 0x0000000083400000, 0x0000000083400000|100%| O|  |TAMS 0x0000000083300000, 0x0000000083300000| Untracked 
|  52|0x0000000083400000, 0x0000000083500000, 0x0000000083500000|100%| O|  |TAMS 0x0000000083400000, 0x0000000083400000| Untracked 
|  53|0x0000000083500000, 0x0000000083600000, 0x0000000083600000|100%| O|  |TAMS 0x0000000083500000, 0x0000000083500000| Untracked 
|  54|0x0000000083600000, 0x0000000083700000, 0x0000000083700000|100%| O|  |TAMS 0x0000000083600000, 0x0000000083600000| Untracked 
|  55|0x0000000083700000, 0x0000000083800000, 0x0000000083800000|100%| O|  |TAMS 0x0000000083700000, 0x0000000083700000| Untracked 
|  56|0x0000000083800000, 0x0000000083900000, 0x0000000083900000|100%| O|  |TAMS 0x0000000083800000, 0x0000000083800000| Untracked 
|  57|0x0000000083900000, 0x0000000083a00000, 0x0000000083a00000|100%| O|  |TAMS 0x0000000083900000, 0x0000000083900000| Untracked 
|  58|0x0000000083a00000, 0x0000000083a64a00, 0x0000000083b00000| 39%| O|  |TAMS 0x0000000083a00000, 0x0000000083a00000| Untracked 
|  59|0x0000000083b00000, 0x0000000083c00000, 0x0000000083c00000|100%|HS|  |TAMS 0x0000000083b00000, 0x0000000083b00000| Complete 
|  60|0x0000000083c00000, 0x0000000083d00000, 0x0000000083d00000|100%|HS|  |TAMS 0x0000000083c00000, 0x0000000083c00000| Complete 
|  61|0x0000000083d00000, 0x0000000083e00000, 0x0000000083e00000|100%|HS|  |TAMS 0x0000000083d00000, 0x0000000083d00000| Complete 
|  62|0x0000000083e00000, 0x0000000083e00000, 0x0000000083f00000|  0%| F|  |TAMS 0x0000000083e00000, 0x0000000083e00000| Untracked 
|  63|0x0000000083f00000, 0x0000000083f00000, 0x0000000084000000|  0%| F|  |TAMS 0x0000000083f00000, 0x0000000083f00000| Untracked 
|  64|0x0000000084000000, 0x0000000084000000, 0x0000000084100000|  0%| F|  |TAMS 0x0000000084000000, 0x0000000084000000| Untracked 
|  65|0x0000000084100000, 0x0000000084100000, 0x0000000084200000|  0%| F|  |TAMS 0x0000000084100000, 0x0000000084100000| Untracked 
|  66|0x0000000084200000, 0x0000000084200000, 0x0000000084300000|  0%| F|  |TAMS 0x0000000084200000, 0x0000000084200000| Untracked 
|  67|0x0000000084300000, 0x0000000084300000, 0x0000000084400000|  0%| F|  |TAMS 0x0000000084300000, 0x0000000084300000| Untracked 
|  68|0x0000000084400000, 0x0000000084400000, 0x0000000084500000|  0%| F|  |TAMS 0x0000000084400000, 0x0000000084400000| Untracked 
|  69|0x0000000084500000, 0x0000000084500000, 0x0000000084600000|  0%| F|  |TAMS 0x0000000084500000, 0x0000000084500000| Untracked 
|  70|0x0000000084600000, 0x0000000084600000, 0x0000000084700000|  0%| F|  |TAMS 0x0000000084600000, 0x0000000084600000| Untracked 
|  71|0x0000000084700000, 0x0000000084700000, 0x0000000084800000|  0%| F|  |TAMS 0x0000000084700000, 0x0000000084700000| Untracked 
|  72|0x0000000084800000, 0x0000000084800000, 0x0000000084900000|  0%| F|  |TAMS 0x0000000084800000, 0x0000000084800000| Untracked 
|  73|0x0000000084900000, 0x0000000084900000, 0x0000000084a00000|  0%| F|  |TAMS 0x0000000084900000, 0x0000000084900000| Untracked 
|  74|0x0000000084a00000, 0x0000000084b00000, 0x0000000084b00000|100%| S|CS|TAMS 0x0000000084a00000, 0x0000000084a00000| Complete 
|  75|0x0000000084b00000, 0x0000000084c00000, 0x0000000084c00000|100%| S|CS|TAMS 0x0000000084b00000, 0x0000000084b00000| Complete 
|  76|0x0000000084c00000, 0x0000000084d00000, 0x0000000084d00000|100%| S|CS|TAMS 0x0000000084c00000, 0x0000000084c00000| Complete 
|  77|0x0000000084d00000, 0x0000000084e00000, 0x0000000084e00000|100%| S|CS|TAMS 0x0000000084d00000, 0x0000000084d00000| Complete 
|  78|0x0000000084e00000, 0x0000000084e00000, 0x0000000084f00000|  0%| F|  |TAMS 0x0000000084e00000, 0x0000000084e00000| Untracked 
|  79|0x0000000084f00000, 0x0000000084f00000, 0x0000000085000000|  0%| F|  |TAMS 0x0000000084f00000, 0x0000000084f00000| Untracked 
|  80|0x0000000085000000, 0x0000000085000000, 0x0000000085100000|  0%| F|  |TAMS 0x0000000085000000, 0x0000000085000000| Untracked 
|  81|0x0000000085100000, 0x0000000085100000, 0x0000000085200000|  0%| F|  |TAMS 0x0000000085100000, 0x0000000085100000| Untracked 
|  82|0x0000000085200000, 0x0000000085300000, 0x0000000085300000|100%| S|CS|TAMS 0x0000000085200000, 0x0000000085200000| Complete 
|  83|0x0000000085300000, 0x0000000085400000, 0x0000000085400000|100%| S|CS|TAMS 0x0000000085300000, 0x0000000085300000| Complete 
|  84|0x0000000085400000, 0x0000000085500000, 0x0000000085500000|100%| S|CS|TAMS 0x0000000085400000, 0x0000000085400000| Complete 
|  85|0x0000000085500000, 0x0000000085600000, 0x0000000085600000|100%| S|CS|TAMS 0x0000000085500000, 0x0000000085500000| Complete 
|  86|0x0000000085600000, 0x0000000085700000, 0x0000000085700000|100%| S|CS|TAMS 0x0000000085600000, 0x0000000085600000| Complete 
|  87|0x0000000085700000, 0x0000000085800000, 0x0000000085800000|100%| S|CS|TAMS 0x0000000085700000, 0x0000000085700000| Complete 
|  88|0x0000000085800000, 0x0000000085800000, 0x0000000085900000|  0%| F|  |TAMS 0x0000000085800000, 0x0000000085800000| Untracked 
|  89|0x0000000085900000, 0x0000000085900000, 0x0000000085a00000|  0%| F|  |TAMS 0x0000000085900000, 0x0000000085900000| Untracked 
|  90|0x0000000085a00000, 0x0000000085a00000, 0x0000000085b00000|  0%| F|  |TAMS 0x0000000085a00000, 0x0000000085a00000| Untracked 
|  91|0x0000000085b00000, 0x0000000085b00000, 0x0000000085c00000|  0%| F|  |TAMS 0x0000000085b00000, 0x0000000085b00000| Untracked 
|  92|0x0000000085c00000, 0x0000000085c00000, 0x0000000085d00000|  0%| F|  |TAMS 0x0000000085c00000, 0x0000000085c00000| Untracked 
|  93|0x0000000085d00000, 0x0000000085d00000, 0x0000000085e00000|  0%| F|  |TAMS 0x0000000085d00000, 0x0000000085d00000| Untracked 
|  94|0x0000000085e00000, 0x0000000085e00000, 0x0000000085f00000|  0%| F|  |TAMS 0x0000000085e00000, 0x0000000085e00000| Untracked 
|  95|0x0000000085f00000, 0x0000000086000000, 0x0000000086000000|100%| S|CS|TAMS 0x0000000085f00000, 0x0000000085f00000| Complete 
|  96|0x0000000086000000, 0x0000000086100000, 0x0000000086100000|100%| S|CS|TAMS 0x0000000086000000, 0x0000000086000000| Complete 
|  97|0x0000000086100000, 0x0000000086100000, 0x0000000086200000|  0%| F|  |TAMS 0x0000000086100000, 0x0000000086100000| Untracked 
|  98|0x0000000086200000, 0x0000000086200000, 0x0000000086300000|  0%| F|  |TAMS 0x0000000086200000, 0x0000000086200000| Untracked 
|  99|0x0000000086300000, 0x0000000086300000, 0x0000000086400000|  0%| F|  |TAMS 0x0000000086300000, 0x0000000086300000| Untracked 
| 100|0x0000000086400000, 0x0000000086400000, 0x0000000086500000|  0%| F|  |TAMS 0x0000000086400000, 0x0000000086400000| Untracked 
| 101|0x0000000086500000, 0x0000000086500000, 0x0000000086600000|  0%| F|  |TAMS 0x0000000086500000, 0x0000000086500000| Untracked 
| 102|0x0000000086600000, 0x0000000086600000, 0x0000000086700000|  0%| F|  |TAMS 0x0000000086600000, 0x0000000086600000| Untracked 
| 103|0x0000000086700000, 0x0000000086700000, 0x0000000086800000|  0%| F|  |TAMS 0x0000000086700000, 0x0000000086700000| Untracked 
| 104|0x0000000086800000, 0x0000000086800000, 0x0000000086900000|  0%| F|  |TAMS 0x0000000086800000, 0x0000000086800000| Untracked 
| 105|0x0000000086900000, 0x0000000086900000, 0x0000000086a00000|  0%| F|  |TAMS 0x0000000086900000, 0x0000000086900000| Untracked 
| 106|0x0000000086a00000, 0x0000000086a00000, 0x0000000086b00000|  0%| F|  |TAMS 0x0000000086a00000, 0x0000000086a00000| Untracked 
| 107|0x0000000086b00000, 0x0000000086b00000, 0x0000000086c00000|  0%| F|  |TAMS 0x0000000086b00000, 0x0000000086b00000| Untracked 
| 108|0x0000000086c00000, 0x0000000086c00000, 0x0000000086d00000|  0%| F|  |TAMS 0x0000000086c00000, 0x0000000086c00000| Untracked 
| 109|0x0000000086d00000, 0x0000000086d00000, 0x0000000086e00000|  0%| F|  |TAMS 0x0000000086d00000, 0x0000000086d00000| Untracked 
| 110|0x0000000086e00000, 0x0000000086e00000, 0x0000000086f00000|  0%| F|  |TAMS 0x0000000086e00000, 0x0000000086e00000| Untracked 
| 111|0x0000000086f00000, 0x0000000086f00000, 0x0000000087000000|  0%| F|  |TAMS 0x0000000086f00000, 0x0000000086f00000| Untracked 
| 112|0x0000000087000000, 0x0000000087000000, 0x0000000087100000|  0%| F|  |TAMS 0x0000000087000000, 0x0000000087000000| Untracked 
| 113|0x0000000087100000, 0x0000000087100000, 0x0000000087200000|  0%| F|  |TAMS 0x0000000087100000, 0x0000000087100000| Untracked 
| 114|0x0000000087200000, 0x0000000087200000, 0x0000000087300000|  0%| F|  |TAMS 0x0000000087200000, 0x0000000087200000| Untracked 
| 115|0x0000000087300000, 0x0000000087300000, 0x0000000087400000|  0%| F|  |TAMS 0x0000000087300000, 0x0000000087300000| Untracked 
| 116|0x0000000087400000, 0x0000000087400000, 0x0000000087500000|  0%| F|  |TAMS 0x0000000087400000, 0x0000000087400000| Untracked 
| 117|0x0000000087500000, 0x0000000087500000, 0x0000000087600000|  0%| F|  |TAMS 0x0000000087500000, 0x0000000087500000| Untracked 
| 118|0x0000000087600000, 0x0000000087600000, 0x0000000087700000|  0%| F|  |TAMS 0x0000000087600000, 0x0000000087600000| Untracked 
| 119|0x0000000087700000, 0x0000000087700000, 0x0000000087800000|  0%| F|  |TAMS 0x0000000087700000, 0x0000000087700000| Untracked 
| 120|0x0000000087800000, 0x0000000087800000, 0x0000000087900000|  0%| F|  |TAMS 0x0000000087800000, 0x0000000087800000| Untracked 
| 121|0x0000000087900000, 0x0000000087900000, 0x0000000087a00000|  0%| F|  |TAMS 0x0000000087900000, 0x0000000087900000| Untracked 
| 122|0x0000000087a00000, 0x0000000087a00000, 0x0000000087b00000|  0%| F|  |TAMS 0x0000000087a00000, 0x0000000087a00000| Untracked 
| 123|0x0000000087b00000, 0x0000000087b00000, 0x0000000087c00000|  0%| F|  |TAMS 0x0000000087b00000, 0x0000000087b00000| Untracked 
| 124|0x0000000087c00000, 0x0000000087c00000, 0x0000000087d00000|  0%| F|  |TAMS 0x0000000087c00000, 0x0000000087c00000| Untracked 
| 125|0x0000000087d00000, 0x0000000087d00000, 0x0000000087e00000|  0%| F|  |TAMS 0x0000000087d00000, 0x0000000087d00000| Untracked 
| 126|0x0000000087e00000, 0x0000000087e00000, 0x0000000087f00000|  0%| F|  |TAMS 0x0000000087e00000, 0x0000000087e00000| Untracked 
| 127|0x0000000087f00000, 0x0000000087f00000, 0x0000000088000000|  0%| F|  |TAMS 0x0000000087f00000, 0x0000000087f00000| Untracked 
| 128|0x0000000088000000, 0x0000000088000000, 0x0000000088100000|  0%| F|  |TAMS 0x0000000088000000, 0x0000000088000000| Untracked 
| 129|0x0000000088100000, 0x0000000088100000, 0x0000000088200000|  0%| F|  |TAMS 0x0000000088100000, 0x0000000088100000| Untracked 
| 130|0x0000000088200000, 0x0000000088200000, 0x0000000088300000|  0%| F|  |TAMS 0x0000000088200000, 0x0000000088200000| Untracked 
| 131|0x0000000088300000, 0x0000000088300000, 0x0000000088400000|  0%| F|  |TAMS 0x0000000088300000, 0x0000000088300000| Untracked 
| 132|0x0000000088400000, 0x0000000088400000, 0x0000000088500000|  0%| F|  |TAMS 0x0000000088400000, 0x0000000088400000| Untracked 
| 133|0x0000000088500000, 0x0000000088500000, 0x0000000088600000|  0%| F|  |TAMS 0x0000000088500000, 0x0000000088500000| Untracked 
| 134|0x0000000088600000, 0x0000000088600000, 0x0000000088700000|  0%| F|  |TAMS 0x0000000088600000, 0x0000000088600000| Untracked 
| 135|0x0000000088700000, 0x0000000088700000, 0x0000000088800000|  0%| F|  |TAMS 0x0000000088700000, 0x0000000088700000| Untracked 
| 136|0x0000000088800000, 0x0000000088800000, 0x0000000088900000|  0%| F|  |TAMS 0x0000000088800000, 0x0000000088800000| Untracked 
| 137|0x0000000088900000, 0x0000000088900000, 0x0000000088a00000|  0%| F|  |TAMS 0x0000000088900000, 0x0000000088900000| Untracked 
| 138|0x0000000088a00000, 0x0000000088a00000, 0x0000000088b00000|  0%| F|  |TAMS 0x0000000088a00000, 0x0000000088a00000| Untracked 
| 139|0x0000000088b00000, 0x0000000088b00000, 0x0000000088c00000|  0%| F|  |TAMS 0x0000000088b00000, 0x0000000088b00000| Untracked 
| 140|0x0000000088c00000, 0x0000000088c00000, 0x0000000088d00000|  0%| F|  |TAMS 0x0000000088c00000, 0x0000000088c00000| Untracked 
| 141|0x0000000088d00000, 0x0000000088d00000, 0x0000000088e00000|  0%| F|  |TAMS 0x0000000088d00000, 0x0000000088d00000| Untracked 
| 142|0x0000000088e00000, 0x0000000088e00000, 0x0000000088f00000|  0%| F|  |TAMS 0x0000000088e00000, 0x0000000088e00000| Untracked 
| 143|0x0000000088f00000, 0x0000000088f00000, 0x0000000089000000|  0%| F|  |TAMS 0x0000000088f00000, 0x0000000088f00000| Untracked 
| 144|0x0000000089000000, 0x0000000089000000, 0x0000000089100000|  0%| F|  |TAMS 0x0000000089000000, 0x0000000089000000| Untracked 
| 145|0x0000000089100000, 0x0000000089100000, 0x0000000089200000|  0%| F|  |TAMS 0x0000000089100000, 0x0000000089100000| Untracked 
| 146|0x0000000089200000, 0x0000000089200000, 0x0000000089300000|  0%| F|  |TAMS 0x0000000089200000, 0x0000000089200000| Untracked 
| 147|0x0000000089300000, 0x0000000089300000, 0x0000000089400000|  0%| F|  |TAMS 0x0000000089300000, 0x0000000089300000| Untracked 
| 148|0x0000000089400000, 0x0000000089400000, 0x0000000089500000|  0%| F|  |TAMS 0x0000000089400000, 0x0000000089400000| Untracked 
| 149|0x0000000089500000, 0x0000000089500000, 0x0000000089600000|  0%| F|  |TAMS 0x0000000089500000, 0x0000000089500000| Untracked 
| 150|0x0000000089600000, 0x0000000089600000, 0x0000000089700000|  0%| F|  |TAMS 0x0000000089600000, 0x0000000089600000| Untracked 
| 151|0x0000000089700000, 0x0000000089700000, 0x0000000089800000|  0%| F|  |TAMS 0x0000000089700000, 0x0000000089700000| Untracked 
| 152|0x0000000089800000, 0x0000000089800000, 0x0000000089900000|  0%| F|  |TAMS 0x0000000089800000, 0x0000000089800000| Untracked 
| 153|0x0000000089900000, 0x0000000089980800, 0x0000000089a00000| 50%| E|  |TAMS 0x0000000089900000, 0x0000000089900000| Complete 
| 154|0x0000000089a00000, 0x0000000089b00000, 0x0000000089b00000|100%| E|CS|TAMS 0x0000000089a00000, 0x0000000089a00000| Complete 
| 155|0x0000000089b00000, 0x0000000089c00000, 0x0000000089c00000|100%| E|CS|TAMS 0x0000000089b00000, 0x0000000089b00000| Complete 
| 156|0x0000000089c00000, 0x0000000089d00000, 0x0000000089d00000|100%| E|CS|TAMS 0x0000000089c00000, 0x0000000089c00000| Complete 
| 157|0x0000000089d00000, 0x0000000089e00000, 0x0000000089e00000|100%| E|CS|TAMS 0x0000000089d00000, 0x0000000089d00000| Complete 
| 158|0x0000000089e00000, 0x0000000089f00000, 0x0000000089f00000|100%| E|CS|TAMS 0x0000000089e00000, 0x0000000089e00000| Complete 
| 159|0x0000000089f00000, 0x000000008a000000, 0x000000008a000000|100%| E|CS|TAMS 0x0000000089f00000, 0x0000000089f00000| Complete 
| 160|0x000000008a000000, 0x000000008a100000, 0x000000008a100000|100%| E|CS|TAMS 0x000000008a000000, 0x000000008a000000| Complete 
| 161|0x000000008a100000, 0x000000008a200000, 0x000000008a200000|100%| E|CS|TAMS 0x000000008a100000, 0x000000008a100000| Complete 
| 162|0x000000008a200000, 0x000000008a300000, 0x000000008a300000|100%| E|CS|TAMS 0x000000008a200000, 0x000000008a200000| Complete 
| 163|0x000000008a300000, 0x000000008a400000, 0x000000008a400000|100%| E|CS|TAMS 0x000000008a300000, 0x000000008a300000| Complete 
| 164|0x000000008a400000, 0x000000008a500000, 0x000000008a500000|100%| E|CS|TAMS 0x000000008a400000, 0x000000008a400000| Complete 
| 165|0x000000008a500000, 0x000000008a600000, 0x000000008a600000|100%| E|CS|TAMS 0x000000008a500000, 0x000000008a500000| Complete 
| 166|0x000000008a600000, 0x000000008a700000, 0x000000008a700000|100%| E|CS|TAMS 0x000000008a600000, 0x000000008a600000| Complete 
| 167|0x000000008a700000, 0x000000008a800000, 0x000000008a800000|100%| E|CS|TAMS 0x000000008a700000, 0x000000008a700000| Complete 
| 168|0x000000008a800000, 0x000000008a900000, 0x000000008a900000|100%| E|CS|TAMS 0x000000008a800000, 0x000000008a800000| Complete 
| 169|0x000000008a900000, 0x000000008aa00000, 0x000000008aa00000|100%| E|CS|TAMS 0x000000008a900000, 0x000000008a900000| Complete 
| 170|0x000000008aa00000, 0x000000008ab00000, 0x000000008ab00000|100%| E|CS|TAMS 0x000000008aa00000, 0x000000008aa00000| Complete 
| 171|0x000000008ab00000, 0x000000008ac00000, 0x000000008ac00000|100%| E|CS|TAMS 0x000000008ab00000, 0x000000008ab00000| Complete 
| 172|0x000000008ac00000, 0x000000008ad00000, 0x000000008ad00000|100%| E|CS|TAMS 0x000000008ac00000, 0x000000008ac00000| Complete 
| 173|0x000000008ad00000, 0x000000008ae00000, 0x000000008ae00000|100%| E|CS|TAMS 0x000000008ad00000, 0x000000008ad00000| Complete 
| 174|0x000000008ae00000, 0x000000008af00000, 0x000000008af00000|100%| E|CS|TAMS 0x000000008ae00000, 0x000000008ae00000| Complete 
| 175|0x000000008af00000, 0x000000008b000000, 0x000000008b000000|100%| E|CS|TAMS 0x000000008af00000, 0x000000008af00000| Complete 
| 176|0x000000008b000000, 0x000000008b100000, 0x000000008b100000|100%| E|CS|TAMS 0x000000008b000000, 0x000000008b000000| Complete 
| 177|0x000000008b100000, 0x000000008b200000, 0x000000008b200000|100%| E|CS|TAMS 0x000000008b100000, 0x000000008b100000| Complete 
| 178|0x000000008b200000, 0x000000008b300000, 0x000000008b300000|100%| E|CS|TAMS 0x000000008b200000, 0x000000008b200000| Complete 

Card table byte_map: [0x00000268fddf0000,0x00000268fe1f0000] _byte_map_base: 0x00000268fd9f0000

Marking Bits (Prev, Next): (CMBitMap*) 0x00000268fd94ab88, (CMBitMap*) 0x00000268fd94abc0
 Prev Bits: [0x00000268965f0000, 0x00000268985f0000)
 Next Bits: [0x00000268985f0000, 0x000002689a5f0000)

Polling page: 0x00000268fb870000

Metaspace:

Usage:
  Non-class:     68.26 MB capacity,    67.05 MB ( 98%) used,  1008.36 KB (  1%) free+waste,   231.38 KB ( <1%) overhead. 
      Class:     11.01 MB capacity,    10.14 MB ( 92%) used,   782.49 KB (  7%) free+waste,   112.94 KB (  1%) overhead. 
       Both:     79.27 MB capacity,    77.19 MB ( 97%) used,     1.75 MB (  2%) free+waste,   344.31 KB ( <1%) overhead. 

Virtual space:
  Non-class space:       70.00 MB reserved,      68.37 MB ( 98%) committed 
      Class space:      504.00 MB reserved,      11.03 MB (  2%) committed 
             Both:      574.00 MB reserved,      79.40 MB ( 14%) committed 

Chunk freelists:
   Non-Class:  6.38 KB
       Class:  2.25 KB
        Both:  8.63 KB

CodeHeap 'non-profiled nmethods': size=120064Kb used=4761Kb max_used=4761Kb free=115302Kb
 bounds [0x000002688f0b0000, 0x000002688f560000, 0x00000268965f0000]
CodeHeap 'profiled nmethods': size=120000Kb used=17795Kb max_used=17795Kb free=102204Kb
 bounds [0x0000026887b80000, 0x0000026888cf0000, 0x000002688f0b0000]
CodeHeap 'non-nmethods': size=5696Kb used=2289Kb max_used=2328Kb free=3406Kb
 bounds [0x00000268875f0000, 0x0000026887860000, 0x0000026887b80000]
 total_blobs=9417 nmethods=8523 adapters=804
 compilation: enabled
              stopped_count=0, restarted_count=0
 full_count=0

Compilation events (10 events):
Event: 26.899 Thread 0x00000268ff42d000 8556       3       org.gradle.api.internal.attributes.DefaultImmutableAttributesFactory::mutable (10 bytes)
Event: 26.899 Thread 0x00000268ff42d000 nmethod 8556 0x0000026888ccb490 code [0x0000026888ccb660, 0x0000026888ccba78]
Event: 26.903 Thread 0x00000268ff42d000 8557       3       org.gradle.api.internal.collections.AbstractIterationOrderRetainingElementSource::<init> (27 bytes)
Event: 26.904 Thread 0x00000268ff42d000 nmethod 8557 0x0000026888ccbb90 code [0x0000026888ccbdc0, 0x0000026888ccc698]
Event: 26.905 Thread 0x00000268ff42d000 8558       3       org.gradle.api.internal.DefaultDomainObjectSet::<init> (21 bytes)
Event: 26.907 Thread 0x00000268ff42d000 nmethod 8558 0x0000026888ccc990 code [0x0000026888cccca0, 0x0000026888cce248]
Event: 26.907 Thread 0x00000268ff42d000 8559       3       org.gradle.api.internal.collections.IterationOrderRetainingSetElementSource::<init> (28 bytes)
Event: 26.909 Thread 0x00000268ff42d000 nmethod 8559 0x0000026888cce910 code [0x0000026888cceba0, 0x0000026888ccfa98]
Event: 26.909 Thread 0x00000268ff42d000 8560       3       org.gradle.api.internal.collections.IterationOrderRetainingSetElementSource$1::<init> (10 bytes)
Event: 26.909 Thread 0x00000268ff42d000 nmethod 8560 0x0000026888ccff10 code [0x0000026888cd00a0, 0x0000026888cd0258]

GC Heap History (10 events):
Event: 18.327 GC heap before
{Heap before GC invocations=11 (full 0):
 garbage-first heap   total 183296K, used 135709K [0x0000000080000000, 0x0000000100000000)
  region size 1024K, 106 young (108544K), 11 survivors (11264K)
 Metaspace       used 54293K, capacity 55854K, committed 56188K, reserved 565248K
  class space    used 7160K, capacity 7827K, committed 7936K, reserved 516096K
}
Event: 18.349 GC heap after
{Heap after GC invocations=12 (full 0):
 garbage-first heap   total 183296K, used 43832K [0x0000000080000000, 0x0000000100000000)
  region size 1024K, 10 young (10240K), 10 survivors (10240K)
 Metaspace       used 54293K, capacity 55854K, committed 56188K, reserved 565248K
  class space    used 7160K, capacity 7827K, committed 7936K, reserved 516096K
}
Event: 19.137 GC heap before
{Heap before GC invocations=12 (full 0):
 garbage-first heap   total 183296K, used 91960K [0x0000000080000000, 0x0000000100000000)
  region size 1024K, 58 young (59392K), 10 survivors (10240K)
 Metaspace       used 58049K, capacity 59691K, committed 59728K, reserved 569344K
  class space    used 7699K, capacity 8381K, committed 8404K, reserved 516096K
}
Event: 19.154 GC heap after
{Heap after GC invocations=13 (full 0):
 garbage-first heap   total 183296K, used 45866K [0x0000000080000000, 0x0000000100000000)
  region size 1024K, 8 young (8192K), 8 survivors (8192K)
 Metaspace       used 58049K, capacity 59691K, committed 59728K, reserved 569344K
  class space    used 7699K, capacity 8381K, committed 8404K, reserved 516096K
}
Event: 20.590 GC heap before
{Heap before GC invocations=14 (full 0):
 garbage-first heap   total 183296K, used 130858K [0x0000000080000000, 0x0000000100000000)
  region size 1024K, 91 young (93184K), 8 survivors (8192K)
 Metaspace       used 63170K, capacity 65016K, committed 65180K, reserved 573440K
  class space    used 8381K, capacity 9165K, committed 9248K, reserved 516096K
}
Event: 20.610 GC heap after
{Heap after GC invocations=15 (full 0):
 garbage-first heap   total 183296K, used 49693K [0x0000000080000000, 0x0000000100000000)
  region size 1024K, 6 young (6144K), 6 survivors (6144K)
 Metaspace       used 63170K, capacity 65016K, committed 65180K, reserved 573440K
  class space    used 8381K, capacity 9165K, committed 9248K, reserved 516096K
}
Event: 22.876 GC heap before
{Heap before GC invocations=16 (full 0):
 garbage-first heap   total 183296K, used 134685K [0x0000000080000000, 0x0000000100000000)
  region size 1024K, 90 young (92160K), 6 survivors (6144K)
 Metaspace       used 69234K, capacity 71374K, committed 71452K, reserved 577536K
  class space    used 9218K, capacity 10095K, committed 10144K, reserved 516096K
}
Event: 22.897 GC heap after
{Heap after GC invocations=17 (full 0):
 garbage-first heap   total 183296K, used 55120K [0x0000000080000000, 0x0000000100000000)
  region size 1024K, 11 young (11264K), 11 survivors (11264K)
 Metaspace       used 69234K, capacity 71374K, committed 71452K, reserved 577536K
  class space    used 9218K, capacity 10095K, committed 10144K, reserved 516096K
}
Event: 25.518 GC heap before
{Heap before GC invocations=17 (full 0):
 garbage-first heap   total 183296K, used 145232K [0x0000000080000000, 0x0000000100000000)
  region size 1024K, 93 young (95232K), 11 survivors (11264K)
 Metaspace       used 77354K, capacity 79511K, committed 79644K, reserved 585728K
  class space    used 10161K, capacity 11049K, committed 11168K, reserved 516096K
}
Event: 25.556 GC heap after
{Heap after GC invocations=18 (full 0):
 garbage-first heap   total 183296K, used 70034K [0x0000000080000000, 0x0000000100000000)
  region size 1024K, 12 young (12288K), 12 survivors (12288K)
 Metaspace       used 77354K, capacity 79511K, committed 79644K, reserved 585728K
  class space    used 10161K, capacity 11049K, committed 11168K, reserved 516096K
}

Deoptimization events (10 events):
Event: 25.573 Thread 0x000002689e651000 Uncommon trap: reason=unstable_if action=reinterpret pc=0x000002688f50fc1c method=sun.security.util.ManifestDigester.findSection(ILsun/security/util/ManifestDigester$Position;)Z @ 28 c2
Event: 25.574 Thread 0x000002689e651000 Uncommon trap: reason=unstable_if action=reinterpret pc=0x000002688f3f124c method=java.util.LinkedHashMap.get(Ljava/lang/Object;)Ljava/lang/Object; @ 20 c2
Event: 25.574 Thread 0x000002689e651000 Uncommon trap: reason=unstable_if action=reinterpret pc=0x000002688f4f4e5c method=java.util.LinkedHashMap.afterNodeAccess(Ljava/util/HashMap$Node;)V @ 4 c2
Event: 25.596 Thread 0x000002689e651000 Uncommon trap: reason=profile_predicate action=maybe_recompile pc=0x000002688f5246f8 method=java.math.BigInteger.montReduce([I[III)[I @ 56 c2
Event: 25.596 Thread 0x000002689e651000 Uncommon trap: reason=profile_predicate action=maybe_recompile pc=0x000002688f5246f8 method=java.math.BigInteger.montReduce([I[III)[I @ 56 c2
Event: 25.596 Thread 0x000002689e651000 Uncommon trap: reason=profile_predicate action=maybe_recompile pc=0x000002688f5246f8 method=java.math.BigInteger.montReduce([I[III)[I @ 56 c2
Event: 25.596 Thread 0x000002689e651000 Uncommon trap: reason=profile_predicate action=maybe_recompile pc=0x000002688f5246f8 method=java.math.BigInteger.montReduce([I[III)[I @ 56 c2
Event: 25.639 Thread 0x000002689e651000 Uncommon trap: reason=bimorphic_or_optimized_type_check action=maybe_recompile pc=0x000002688f224350 method=java.lang.Throwable.<init>(Ljava/lang/String;Ljava/lang/Throwable;)V @ 24 c2
Event: 26.393 Thread 0x000002689e651000 Uncommon trap: reason=unstable_if action=reinterpret pc=0x000002688f4f025c method=java.util.regex.Pattern.compile()V @ 133 c2
Event: 26.393 Thread 0x000002689e651000 Uncommon trap: reason=unstable_if action=reinterpret pc=0x000002688f2e8ed4 method=java.util.regex.Pattern.has(I)Z @ 6 c2

Classes redefined (0 events):
No events

Internal exceptions (10 events):
Event: 23.309 Thread 0x000002689e651000 Exception <a 'java/security/PrivilegedActionException'{0x000000008a159830}> (0x000000008a159830) thrown at [./open/src/hotspot/share/prims/jvm.cpp, line 1305]
Event: 23.309 Thread 0x000002689e651000 Exception <a 'java/security/PrivilegedActionException'{0x000000008a15c9b0}> (0x000000008a15c9b0) thrown at [./open/src/hotspot/share/prims/jvm.cpp, line 1305]
Event: 23.309 Thread 0x000002689e651000 Exception <a 'java/security/PrivilegedActionException'{0x000000008a15df18}> (0x000000008a15df18) thrown at [./open/src/hotspot/share/prims/jvm.cpp, line 1305]
Event: 23.309 Thread 0x000002689e651000 Exception <a 'java/security/PrivilegedActionException'{0x000000008a1610e8}> (0x000000008a1610e8) thrown at [./open/src/hotspot/share/prims/jvm.cpp, line 1305]
Event: 23.309 Thread 0x000002689e651000 Exception <a 'java/security/PrivilegedActionException'{0x000000008a162650}> (0x000000008a162650) thrown at [./open/src/hotspot/share/prims/jvm.cpp, line 1305]
Event: 23.309 Thread 0x000002689e651000 Exception <a 'java/security/PrivilegedActionException'{0x000000008a165880}> (0x000000008a165880) thrown at [./open/src/hotspot/share/prims/jvm.cpp, line 1305]
Event: 23.309 Thread 0x000002689e651000 Exception <a 'java/security/PrivilegedActionException'{0x000000008a166de8}> (0x000000008a166de8) thrown at [./open/src/hotspot/share/prims/jvm.cpp, line 1305]
Event: 23.859 Thread 0x000002689e651000 Implicit null exception at 0x000002688f4ce376 to 0x000002688f4cf41b
Event: 25.113 Thread 0x000002689e651000 Implicit null exception at 0x000002688f38fb4f to 0x000002688f3907cc
Event: 25.836 Thread 0x000002689e651000 Exception <a 'sun/nio/fs/WindowsException'{0x000000008a84a270}> (0x000000008a84a270) thrown at [./open/src/hotspot/share/prims/jni.cpp, line 611]

Events (10 events):
Event: 26.908 loading class com/android/build/gradle/internal/variant/LegacyVariantInputManager$4
Event: 26.908 loading class com/android/build/gradle/internal/variant/LegacyVariantInputManager$4 done
Event: 26.909 loading class com/android/build/gradle/internal/variant/LegacyVariantInputManager$5
Event: 26.909 loading class com/android/build/gradle/internal/variant/LegacyVariantInputManager$5 done
Event: 26.910 loading class com/android/build/gradle/internal/variant/LegacyVariantInputManager$6
Event: 26.910 loading class com/android/build/gradle/internal/variant/LegacyVariantInputManager$6 done
Event: 26.911 loading class com/android/build/gradle/internal/dsl/ApplicationExtensionImpl$AgpDecorated
Event: 26.911 loading class com/android/build/gradle/internal/dsl/ApplicationExtensionImpl$AgpDecorated done
Event: 26.913 loading class com/android/build/api/dsl/TestFixtures
Event: 26.913 loading class com/android/build/api/dsl/TestFixtures done


Dynamic libraries:
0x00007ff7d3950000 - 0x00007ff7d395f000 	C:\Program Files\Java\jdk\bin\java.exe
0x00007ff8da4f0000 - 0x00007ff8da6e8000 	C:\Windows\SYSTEM32\ntdll.dll
0x00007ff8da390000 - 0x00007ff8da44f000 	C:\Windows\System32\KERNEL32.DLL
0x00007ff8d81c0000 - 0x00007ff8d84b6000 	C:\Windows\System32\KERNELBASE.dll
0x00007ff8d7df0000 - 0x00007ff8d7ef0000 	C:\Windows\System32\ucrtbase.dll
0x00007ff8cc380000 - 0x00007ff8cc398000 	C:\Program Files\Java\jdk\bin\jli.dll
0x00007ff8c04c0000 - 0x00007ff8c04d5000 	C:\Program Files\Java\jdk\bin\VCRUNTIME140.dll
0x00007ff8d9f20000 - 0x00007ff8d9fcf000 	C:\Windows\System32\ADVAPI32.dll
0x00007ff8d8b00000 - 0x00007ff8d8b9e000 	C:\Windows\System32\msvcrt.dll
0x00007ff8d9000000 - 0x00007ff8d909c000 	C:\Windows\System32\sechost.dll
0x00007ff8d9df0000 - 0x00007ff8d9f16000 	C:\Windows\System32\RPCRT4.dll
0x00007ff8d9220000 - 0x00007ff8d93bd000 	C:\Windows\System32\USER32.dll
0x00007ff8c2920000 - 0x00007ff8c2bba000 	C:\Windows\WinSxS\amd64_microsoft.windows.common-controls_6595b64144ccf1df_6.0.19041.1110_none_60b5254171f9507e\COMCTL32.dll
0x00007ff8d7d90000 - 0x00007ff8d7db2000 	C:\Windows\System32\win32u.dll
0x00007ff8d8ba0000 - 0x00007ff8d8bcc000 	C:\Windows\System32\GDI32.dll
0x00007ff8d7bd0000 - 0x00007ff8d7ce5000 	C:\Windows\System32\gdi32full.dll
0x00007ff8d7cf0000 - 0x00007ff8d7d8d000 	C:\Windows\System32\msvcp_win.dll
0x00007ff8d0670000 - 0x00007ff8d067a000 	C:\Windows\SYSTEM32\VERSION.dll
0x00007ff8d94e0000 - 0x00007ff8d9510000 	C:\Windows\System32\IMM32.DLL
0x00007ff886c90000 - 0x00007ff886d2b000 	C:\Program Files\Java\jdk\bin\msvcp140.dll
0x00007ff886170000 - 0x00007ff886c8a000 	C:\Program Files\Java\jdk\bin\server\jvm.dll
0x00007ff8d9510000 - 0x00007ff8d9518000 	C:\Windows\System32\PSAPI.DLL
0x00007ff8bcf50000 - 0x00007ff8bcf59000 	C:\Windows\SYSTEM32\WSOCK32.dll
0x00007ff8b44e0000 - 0x00007ff8b4507000 	C:\Windows\SYSTEM32\WINMM.dll
0x00007ff8d8cb0000 - 0x00007ff8d8d1b000 	C:\Windows\System32\WS2_32.dll
0x00007ff8d5a40000 - 0x00007ff8d5a52000 	C:\Windows\SYSTEM32\kernel.appcore.dll
0x00007ff8d09b0000 - 0x00007ff8d09c0000 	C:\Program Files\Java\jdk\bin\verify.dll
0x00007ff8bcd60000 - 0x00007ff8bcf44000 	C:\Windows\SYSTEM32\DBGHELP.DLL
0x00007ff8bcc30000 - 0x00007ff8bcc64000 	C:\Windows\SYSTEM32\dbgcore.DLL
0x00007ff8d84c0000 - 0x00007ff8d8542000 	C:\Windows\System32\bcryptPrimitives.dll
0x00007ff89ce40000 - 0x00007ff89ce68000 	C:\Program Files\Java\jdk\bin\java.dll
0x00007ff8d09a0000 - 0x00007ff8d09aa000 	C:\Program Files\Java\jdk\bin\jimage.dll
0x00007ff8a92a0000 - 0x00007ff8a92b6000 	C:\Program Files\Java\jdk\bin\zip.dll
0x00007ff8d9520000 - 0x00007ff8d9c64000 	C:\Windows\System32\SHELL32.dll
0x00007ff8d5c40000 - 0x00007ff8d63d3000 	C:\Windows\SYSTEM32\windows.storage.dll
0x00007ff8da030000 - 0x00007ff8da384000 	C:\Windows\System32\combase.dll
0x00007ff8d7460000 - 0x00007ff8d748e000 	C:\Windows\SYSTEM32\Wldp.dll
0x00007ff8d9110000 - 0x00007ff8d91bd000 	C:\Windows\System32\SHCORE.dll
0x00007ff8d90b0000 - 0x00007ff8d9105000 	C:\Windows\System32\shlwapi.dll
0x00007ff8d7b10000 - 0x00007ff8d7b2f000 	C:\Windows\SYSTEM32\profapi.dll
0x00007ff8a2f40000 - 0x00007ff8a2f59000 	C:\Program Files\Java\jdk\bin\net.dll
0x00007ff8cf3d0000 - 0x00007ff8cf4da000 	C:\Windows\SYSTEM32\WINHTTP.dll
0x00007ff8d7240000 - 0x00007ff8d72aa000 	C:\Windows\system32\mswsock.dll
0x00007ff8a1990000 - 0x00007ff8a19a2000 	C:\Program Files\Java\jdk\bin\nio.dll
0x00007ff89eb00000 - 0x00007ff89eb27000 	C:\Users\hafiz\.gradle\native\e1d6ef7f7dcc3fd88c89a11ec53ec762bb8ba0a96d01ffa2cd45eb1d1d8dd5c5\windows-amd64\native-platform.dll
0x00007ff89e1a0000 - 0x00007ff89e2e4000 	C:\Users\hafiz\.gradle\native\0d407fdbe67a94daf76414ababcb853783967236a71b16ec16e742cd7a986fd3\windows-amd64\native-platform-file-events.dll
0x00007ff8cd710000 - 0x00007ff8cd719000 	C:\Program Files\Java\jdk\bin\management.dll
0x00007ff8cbb10000 - 0x00007ff8cbb1b000 	C:\Program Files\Java\jdk\bin\management_ext.dll
0x00007ff8d77e0000 - 0x00007ff8d77f8000 	C:\Windows\SYSTEM32\CRYPTSP.dll
0x00007ff8d6b80000 - 0x00007ff8d6bb4000 	C:\Windows\system32\rsaenh.dll
0x00007ff8d7dc0000 - 0x00007ff8d7de7000 	C:\Windows\System32\bcrypt.dll
0x00007ff8d7a90000 - 0x00007ff8d7abe000 	C:\Windows\SYSTEM32\USERENV.dll
0x00007ff8d73d0000 - 0x00007ff8d73dc000 	C:\Windows\SYSTEM32\CRYPTBASE.dll
0x00007ff8d6f50000 - 0x00007ff8d6f8c000 	C:\Windows\SYSTEM32\IPHLPAPI.DLL
0x00007ff8d8680000 - 0x00007ff8d8688000 	C:\Windows\System32\NSI.dll
0x00007ff8cf870000 - 0x00007ff8cf887000 	C:\Windows\SYSTEM32\dhcpcsvc6.DLL
0x00007ff8cf850000 - 0x00007ff8cf86d000 	C:\Windows\SYSTEM32\dhcpcsvc.DLL
0x00007ff8d6f90000 - 0x00007ff8d705a000 	C:\Windows\SYSTEM32\DNSAPI.dll

dbghelp: loaded successfully - version: 4.0.5 - missing functions: none
symbol engine: initialized successfully - sym options: 0x614 - pdb path: .;C:\Program Files\Java\jdk\bin;C:\Windows\SYSTEM32;C:\Windows\WinSxS\amd64_microsoft.windows.common-controls_6595b64144ccf1df_6.0.19041.1110_none_60b5254171f9507e;C:\Program Files\Java\jdk\bin\server;C:\Users\hafiz\.gradle\native\e1d6ef7f7dcc3fd88c89a11ec53ec762bb8ba0a96d01ffa2cd45eb1d1d8dd5c5\windows-amd64;C:\Users\hafiz\.gradle\native\0d407fdbe67a94daf76414ababcb853783967236a71b16ec16e742cd7a986fd3\windows-amd64

VM Arguments:
jvm_args: -XX:MaxMetaspaceSize=512m --add-opens=java.base/java.util=ALL-UNNAMED --add-opens=java.base/java.lang=ALL-UNNAMED --add-opens=java.base/java.lang.invoke=ALL-UNNAMED --add-opens=java.base/java.util=ALL-UNNAMED --add-opens=java.prefs/java.util.prefs=ALL-UNNAMED --add-opens=java.prefs/java.util.prefs=ALL-UNNAMED --add-opens=java.base/java.nio.charset=ALL-UNNAMED --add-opens=java.base/java.net=ALL-UNNAMED --add-opens=java.base/java.util.concurrent.atomic=ALL-UNNAMED -Xmx2048m -Dfile.encoding=windows-1252 -Duser.country=US -Duser.language=en -Duser.variant 
java_command: org.gradle.launcher.daemon.bootstrap.GradleDaemon 7.5.1
java_class_path (initial): C:\Users\hafiz\.gradle\wrapper\dists\gradle-7.5.1-all\1ehga6e77gqps5uk2kc5kf1vc\gradle-7.5.1\lib\gradle-launcher-7.5.1.jar
Launcher Type: SUN_STANDARD

[Global flags]
     intx CICompilerCount                          = 3                                         {product} {ergonomic}
   size_t CompressedClassSpaceSize                 = 528482304                                 {product} {ergonomic}
     uint ConcGCThreads                            = 1                                         {product} {ergonomic}
     uint G1ConcRefinementThreads                  = 4                                         {product} {ergonomic}
   size_t G1HeapRegionSize                         = 1048576                                   {product} {ergonomic}
    uintx GCDrainStackTargetSize                   = 64                                        {product} {ergonomic}
   size_t InitialHeapSize                          = 130023424                                 {product} {ergonomic}
   size_t MarkStackSize                            = 4194304                                   {product} {ergonomic}
   size_t MaxHeapSize                              = 2147483648                                {product} {command line}
   size_t MaxMetaspaceSize                         = 536870912                                 {product} {command line}
   size_t MaxNewSize                               = 1287651328                                {product} {ergonomic}
   size_t MinHeapDeltaBytes                        = 1048576                                   {product} {ergonomic}
    uintx NonNMethodCodeHeapSize                   = 5830732                                {pd product} {ergonomic}
    uintx NonProfiledCodeHeapSize                  = 122913754                              {pd product} {ergonomic}
    uintx ProfiledCodeHeapSize                     = 122913754                              {pd product} {ergonomic}
    uintx ReservedCodeCacheSize                    = 251658240                              {pd product} {ergonomic}
     bool SegmentedCodeCache                       = true                                      {product} {ergonomic}
     bool UseCompressedClassPointers               = true                                 {lp64_product} {ergonomic}
     bool UseCompressedOops                        = true                                 {lp64_product} {ergonomic}
     bool UseG1GC                                  = true                                      {product} {ergonomic}
     bool UseLargePagesIndividualAllocation        = false                                  {pd product} {ergonomic}

Logging:
Log output configuration:
 #0: stdout all=warning uptime,level,tags
 #1: stderr all=off uptime,level,tags

Environment Variables:
JAVA_HOME=C:\Program Files\Java\jdk
CLASSPATH=C:\Users\hafiz\OneDrive\Desktop\HelpSoEasy\video-call-aapp\android\\gradle\wrapper\gradle-wrapper.jar
PATH=C:\Users\hafiz\OneDrive\Desktop\HelpSoEasy\video-call-aapp\android\node_modules\.bin;C:\Users\hafiz\OneDrive\Desktop\HelpSoEasy\video-call-aapp\node_modules\.bin;C:\Users\hafiz\OneDrive\Desktop\HelpSoEasy\node_modules\.bin;C:\Users\hafiz\OneDrive\Desktop\node_modules\.bin;C:\Users\hafiz\OneDrive\node_modules\.bin;C:\Users\hafiz\node_modules\.bin;C:\Users\node_modules\.bin;C:\node_modules\.bin;C:\Program Files\nodejs;C:\Users\hafiz\OneDrive\Desktop\HelpSoEasy\video-call-aapp\node_modules\.bin;C:\Users\hafiz\OneDrive\Desktop\HelpSoEasy\video-call-aapp\node_modules\.bin;C:\Users\hafiz\OneDrive\Desktop\HelpSoEasy\node_modules\.bin;C:\Users\hafiz\OneDrive\Desktop\node_modules\.bin;C:\Users\hafiz\OneDrive\node_modules\.bin;C:\Users\hafiz\node_modules\.bin;C:\Users\node_modules\.bin;C:\node_modules\.bin;C:\Program Files\nodejs\node_modules\npm\node_modules\@npmcli\run-script\lib\node-gyp-bin;C:\Program Files\Common Files\Oracle\Java\javapath;C:\Windows\system32;C:\Windows;C:\Windows\System32\Wbem;C:\Windows\System32\WindowsPowerShell\v1.0\;C:\Windows\System32\OpenSSH\;D:\laragon\bin\php\php-8.1;D:\ComposerSetup;C:\ProgramData\chocolatey\bin;C:\Users\hafiz\AppData\Roaming\nvm;C:\Program Files\nodejs;C:\Program Files\nodejs\;C:\Users\hafiz\AppData\Local\Android\Sdk\platform-tools;C:\Program Files\Git\cmd;C:\Program Files\Microsoft SQL Server\Client SDK\ODBC\130\Tools\Binn\;C:\Program Files (x86)\Microsoft SQL Server\140\Tools\Binn\;C:\Program Files\Microsoft SQL Server\140\Tools\Binn\;C:\Program Files\Microsoft SQL Server\140\DTS\Binn\;C:\Program Files (x86)\Microsoft SQL Server\160\DTS\Binn\;C:\Program Files\Azure Data Studio\bin;C:\Program Files\dotnet\;C:\Users\hafiz\AppData\Local\Programs\Python\Python311\Scripts\;C:\Users\hafiz\AppData\Local\Programs\Python\Python311\;C:\Users\hafiz\AppData\Local\Microsoft\WindowsApps;C:\Users\hafiz\AppData\Local\Programs\Microsoft VS Code\bin;C:\Users\hafiz\AppData\Roaming\Composer\vendor\bin;C:\Users\hafiz\AppData\Roaming\nvm;C:\Pro
USERNAME=hafiz
OS=Windows_NT
PROCESSOR_IDENTIFIER=Intel64 Family 6 Model 78 Stepping 3, GenuineIntel



---------------  S Y S T E M  ---------------

OS: Windows 10 , 64 bit Build 19041 (10.0.19041.3031)
Hyper-V role detected

CPU:total 4 (initial active 4) (2 cores per cpu, 2 threads per core) family 6 model 78 stepping 3 microcode 0xcc, cmov, cx8, fxsr, mmx, sse, sse2, sse3, ssse3, sse4.1, sse4.2, popcnt, avx, avx2, aes, clmul, erms, rtm, 3dnowpref, lzcnt, ht, tsc, tscinvbit, bmi1, bmi2, adx, fma

Memory: 4k page, system-wide physical 7866M (871M free)
TotalPageFile size 9914M (AvailPageFile size 2M)
current process WorkingSet (physical memory assigned to process): 402M, peak: 404M
current process commit charge ("private bytes"): 441M, peak: 444M

vm_info: Java HotSpot(TM) 64-Bit Server VM (11.0.17+10-LTS-269) for windows-amd64 JRE (11.0.17+10-LTS-269), built on Sep 13 2022 19:26:37 by "mach5one" with MS VC++ 15.9 (VS2017)

END.
