#
# There is insufficient memory for the Java Runtime Environment to continue.
# Native memory allocation (mmap) failed to map 26214400 bytes for Failed to commit area from 0x0000000087c00000 to 0x0000000089500000 of length 26214400.
# Possible reasons:
#   The system is out of physical RAM or swap space
#   The process is running with CompressedOops enabled, and the Java Heap may be blocking the growth of the native heap
# Possible solutions:
#   Reduce memory load on the system
#   Increase physical memory or swap space
#   Check if swap backing store is full
#   Decrease Java heap size (-Xmx/-Xms)
#   Decrease number of Java threads
#   Decrease Java thread stack sizes (-Xss)
#   Set larger code cache with -XX:ReservedCodeCacheSize=
#   JVM is running with Unscaled Compressed Oops mode in which the Java heap is
#     placed in the first 4GB address space. The Java Heap base address is the
#     maximum limit for the native heap growth. Please use -XX:HeapBaseMinAddress
#     to set the Java Heap base and to place the Java Heap above 4GB virtual address.
# This output file may be truncated or incomplete.
#
#  Out of Memory Error (./open/src/hotspot/os/windows/os_windows.cpp:3283), pid=13192, tid=5156
#
# JRE version: Java(TM) SE Runtime Environment 18.9 (11.0.17+10) (build 11.0.17+10-LTS-269)
# Java VM: Java HotSpot(TM) 64-Bit Server VM 18.9 (11.0.17+10-LTS-269, mixed mode, tiered, compressed oops, g1 gc, windows-amd64)
# No core dump will be written. Minidumps are not enabled by default on client versions of Windows
#

---------------  S U M M A R Y ------------

Command Line: -XX:MaxMetaspaceSize=512m --add-opens=java.base/java.util=ALL-UNNAMED --add-opens=java.base/java.lang=ALL-UNNAMED --add-opens=java.base/java.lang.invoke=ALL-UNNAMED --add-opens=java.base/java.util=ALL-UNNAMED --add-opens=java.prefs/java.util.prefs=ALL-UNNAMED --add-opens=java.prefs/java.util.prefs=ALL-UNNAMED --add-opens=java.base/java.nio.charset=ALL-UNNAMED --add-opens=java.base/java.net=ALL-UNNAMED --add-opens=java.base/java.util.concurrent.atomic=ALL-UNNAMED -Xmx2048m -Dfile.encoding=windows-1252 -Duser.country=US -Duser.language=en -Duser.variant org.gradle.launcher.daemon.bootstrap.GradleDaemon 7.5.1

Host: Intel(R) Core(TM) i3-6100U CPU @ 2.30GHz, 4 cores, 7G,  Windows 10 , 64 bit Build 19041 (10.0.19041.3031)
Time: Sat Jun 17 23:25:47 2023 Pakistan Standard Time elapsed time: 48.515627 seconds (0d 0h 0m 48s)

---------------  T H R E A D  ---------------

Current thread (0x0000014d071c7000):  VMThread "VM Thread" [stack: 0x00000043cb900000,0x00000043cba00000] [id=5156]

Stack: [0x00000043cb900000,0x00000043cba00000]
[error occurred during error reporting (printing stack bounds), id 0xc0000005, EXCEPTION_ACCESS_VIOLATION (0xc0000005) at pc=0x0000014d70970f2d]

Native frames: (J=compiled Java code, j=interpreted, Vv=VM code, C=native code)
V  [jvm.dll+0x62b5da]
V  [jvm.dll+0x7653df]
V  [jvm.dll+0x766a89]
V  [jvm.dll+0x767075]
V  [jvm.dll+0x76702b]
V  [jvm.dll+0x62aac3]
V  [jvm.dll+0x62b1d8]
C  [ntdll.dll+0xa247f]
C  [ntdll.dll+0x514f4]
C  [ntdll.dll+0xa0f8e]
C  0x0000014d70970f2d

VM_Operation (0x00000043cd3fe2d0): G1CollectForAllocation, mode: safepoint, requested by thread 0x0000014d09d6e000


---------------  P R O C E S S  ---------------

Threads class SMR info:
_java_thread_list=0x0000014d0f849880, length=87, elements={
0x0000014d67ac1000, 0x0000014d071c9800, 0x0000014d071cd000, 0x0000014d071e6800,
0x0000014d071e7800, 0x0000014d071e9800, 0x0000014d07b40800, 0x0000014d07b43800,
0x0000014d07b78000, 0x0000014d07ca8000, 0x0000014d08f94000, 0x0000014d09392800,
0x0000014d0ac10800, 0x0000014d094dd000, 0x0000014d09d94800, 0x0000014d0a12a800,
0x0000014d07e64800, 0x0000014d0961f000, 0x0000014d09491800, 0x0000014d09d68000,
0x0000014d09d69000, 0x0000014d09d6a800, 0x0000014d09d6e000, 0x0000014d09d6c000,
0x0000014d09d6e800, 0x0000014d09d69800, 0x0000014d09d6b800, 0x0000014d09d6d000,
0x0000014d08beb800, 0x0000014d08bea800, 0x0000014d08bec000, 0x0000014d08bed000,
0x0000014d08bee000, 0x0000014d08be9000, 0x0000014d08be9800, 0x0000014d0ba1b800,
0x0000014d0ba20800, 0x0000014d0ba1c800, 0x0000014d0ba1d000, 0x0000014d0ba1a800,
0x0000014d0ba1f800, 0x0000014d0ba23000, 0x0000014d0ba1e000, 0x0000014d0ba21000,
0x0000014d0ba22000, 0x0000014d0ba24800, 0x0000014d0ba1f000, 0x0000014d0ba26000,
0x0000014d0ba25800, 0x0000014d0ba29800, 0x0000014d0ba28000, 0x0000014d0ba23800,
0x0000014d0ba27000, 0x0000014d0ba28800, 0x0000014d0af52800, 0x0000014d0af53000,
0x0000014d0af51800, 0x0000014d0af54000, 0x0000014d0af50000, 0x0000014d0af55000,
0x0000014d0af55800, 0x0000014d0af56800, 0x0000014d0af50800, 0x0000014d0dd25000,
0x0000014d0dd25800, 0x0000014d0dd26800, 0x0000014d0dd22800, 0x0000014d0dd20800,
0x0000014d0dd24000, 0x0000014d0dd27800, 0x0000014d0dd21800, 0x0000014d0dd28000,
0x0000014d0dd23000, 0x0000014d0dd2e800, 0x0000014d0dd2b800, 0x0000014d0dd2a800,
0x0000014d0dd2f800, 0x0000014d0dd29800, 0x0000014d0dd2d000, 0x0000014d0dd2c000,
0x0000014d0dd2e000, 0x0000014d0eebb800, 0x0000014d0eebc000, 0x0000014d0eeb9800,
0x0000014d0eeb6800, 0x0000014d0eebd000, 0x0000014d0b277000
}

Java Threads: ( => current thread )
  0x0000014d67ac1000 JavaThread "main" [_thread_blocked, id=7992, stack(0x00000043cb300000,0x00000043cb400000)]
  0x0000014d071c9800 JavaThread "Reference Handler" daemon [_thread_blocked, id=9968, stack(0x00000043cba00000,0x00000043cbb00000)]
  0x0000014d071cd000 JavaThread "Finalizer" daemon [_thread_blocked, id=12292, stack(0x00000043cbb00000,0x00000043cbc00000)]
  0x0000014d071e6800 JavaThread "Signal Dispatcher" daemon [_thread_blocked, id=7736, stack(0x00000043cbc00000,0x00000043cbd00000)]
  0x0000014d071e7800 JavaThread "Attach Listener" daemon [_thread_blocked, id=9032, stack(0x00000043cbd00000,0x00000043cbe00000)]
  0x0000014d071e9800 JavaThread "Service Thread" daemon [_thread_blocked, id=7588, stack(0x00000043cbe00000,0x00000043cbf00000)]
  0x0000014d07b40800 JavaThread "C2 CompilerThread0" daemon [_thread_blocked, id=12272, stack(0x00000043cbf00000,0x00000043cc000000)]
  0x0000014d07b43800 JavaThread "C1 CompilerThread0" daemon [_thread_blocked, id=4564, stack(0x00000043cc000000,0x00000043cc100000)]
  0x0000014d07b78000 JavaThread "Sweeper thread" daemon [_thread_blocked, id=11236, stack(0x00000043cc100000,0x00000043cc200000)]
  0x0000014d07ca8000 JavaThread "Common-Cleaner" daemon [_thread_blocked, id=5000, stack(0x00000043cc200000,0x00000043cc300000)]
  0x0000014d08f94000 JavaThread "Daemon health stats" [_thread_blocked, id=1160, stack(0x00000043cc600000,0x00000043cc700000)]
  0x0000014d09392800 JavaThread "Incoming local TCP Connector on port 56279" [_thread_in_native, id=9224, stack(0x00000043cc500000,0x00000043cc600000)]
  0x0000014d0ac10800 JavaThread "Daemon periodic checks" [_thread_blocked, id=9148, stack(0x00000043cc700000,0x00000043cc800000)]
  0x0000014d094dd000 JavaThread "Daemon" [_thread_blocked, id=12320, stack(0x00000043cc800000,0x00000043cc900000)]
  0x0000014d09d94800 JavaThread "Handler for socket connection from /127.0.0.1:56279 to /127.0.0.1:56280" [_thread_in_native, id=5992, stack(0x00000043cc900000,0x00000043cca00000)]
  0x0000014d0a12a800 JavaThread "Cancel handler" [_thread_blocked, id=7724, stack(0x00000043cca00000,0x00000043ccb00000)]
  0x0000014d07e64800 JavaThread "Daemon worker" [_thread_blocked, id=3220, stack(0x00000043ccb00000,0x00000043ccc00000)]
  0x0000014d0961f000 JavaThread "Asynchronous log dispatcher for DefaultDaemonConnection: socket connection from /127.0.0.1:56279 to /127.0.0.1:56280" [_thread_blocked, id=9264, stack(0x00000043ccc00000,0x00000043ccd00000)]
  0x0000014d09491800 JavaThread "Stdin handler" [_thread_blocked, id=6188, stack(0x00000043ccd00000,0x00000043cce00000)]
  0x0000014d09d68000 JavaThread "Daemon client event forwarder" [_thread_blocked, id=7312, stack(0x00000043cce00000,0x00000043ccf00000)]
  0x0000014d09d69000 JavaThread "Cache worker for journal cache (C:\Users\hafiz\.gradle\caches\journal-1)" [_thread_blocked, id=2484, stack(0x00000043cd100000,0x00000043cd200000)]
  0x0000014d09d6a800 JavaThread "File lock request listener" [_thread_in_native, id=10028, stack(0x00000043cd200000,0x00000043cd300000)]
  0x0000014d09d6e000 JavaThread "Cache worker for file hash cache (C:\Users\hafiz\.gradle\caches\7.5.1\fileHashes)" [_thread_blocked, id=8124, stack(0x00000043cd300000,0x00000043cd400000)]
  0x0000014d09d6c000 JavaThread "File watcher server" daemon [_thread_in_native, id=11672, stack(0x00000043cd500000,0x00000043cd600000)]
  0x0000014d09d6e800 JavaThread "File watcher consumer" daemon [_thread_blocked, id=9860, stack(0x00000043cd600000,0x00000043cd700000)]
  0x0000014d09d69800 JavaThread "Cache worker for checksums cache (C:\Users\hafiz\OneDrive\Desktop\HelpSoEasy\video-call-aapp\android\.gradle\7.5.1\checksums)" [_thread_blocked, id=5276, stack(0x00000043cd400000,0x00000043cd500000)]
  0x0000014d09d6b800 JavaThread "Cache worker for cache directory md-rule (C:\Users\hafiz\.gradle\caches\7.5.1\md-rule)" [_thread_blocked, id=11440, stack(0x00000043cd700000,0x00000043cd800000)]
  0x0000014d09d6d000 JavaThread "Cache worker for file content cache (C:\Users\hafiz\.gradle\caches\7.5.1\fileContent)" [_thread_blocked, id=11172, stack(0x00000043cd800000,0x00000043cd900000)]
  0x0000014d08beb800 JavaThread "Cache worker for file hash cache (C:\Users\hafiz\OneDrive\Desktop\HelpSoEasy\video-call-aapp\android\.gradle\7.5.1\fileHashes)" [_thread_blocked, id=8084, stack(0x00000043cda00000,0x00000043cdb00000)]
  0x0000014d08bea800 JavaThread "Cache worker for cache directory md-supplier (C:\Users\hafiz\.gradle\caches\7.5.1\md-supplier)" [_thread_blocked, id=3704, stack(0x00000043cdb00000,0x00000043cdc00000)]
  0x0000014d08bec000 JavaThread "Cache worker for execution history cache (C:\Users\hafiz\.gradle\caches\7.5.1\executionHistory)" [_thread_blocked, id=13276, stack(0x00000043cdc00000,0x00000043cdd00000)]
  0x0000014d08bed000 JavaThread "jar transforms" [_thread_blocked, id=9332, stack(0x00000043cdd00000,0x00000043cde00000)]
  0x0000014d08bee000 JavaThread "jar transforms Thread 2" [_thread_blocked, id=11520, stack(0x00000043cde00000,0x00000043cdf00000)]
  0x0000014d08be9000 JavaThread "jar transforms Thread 3" [_thread_blocked, id=10812, stack(0x00000043cdf00000,0x00000043ce000000)]
  0x0000014d08be9800 JavaThread "jar transforms Thread 4" [_thread_blocked, id=9496, stack(0x00000043ce000000,0x00000043ce100000)]
  0x0000014d0ba1b800 JavaThread "Cache worker for kotlin-dsl (C:\Users\hafiz\.gradle\caches\7.5.1\kotlin-dsl)" [_thread_blocked, id=2672, stack(0x00000043ce100000,0x00000043ce200000)]
  0x0000014d0ba20800 JavaThread "Cache worker for dependencies-accessors (C:\Users\hafiz\OneDrive\Desktop\HelpSoEasy\video-call-aapp\android\.gradle\7.5.1\dependencies-accessors)" [_thread_blocked, id=10052, stack(0x00000043ce200000,0x00000043ce300000)]
  0x0000014d0ba1c800 JavaThread "Cache worker for Build Output Cleanup Cache (C:\Users\hafiz\OneDrive\Desktop\HelpSoEasy\video-call-aapp\node_modules\react-native-gradle-plugin\.gradle\buildOutputCleanup)" [_thread_blocked, id=2144, stack(0x00000043ce300000,0x00000043ce400000)]
  0x0000014d0ba1d000 JavaThread "Unconstrained build operations" [_thread_blocked, id=7668, stack(0x00000043ce400000,0x00000043ce500000)]
  0x0000014d0ba1a800 JavaThread "Unconstrained build operations Thread 2" [_thread_blocked, id=1352, stack(0x00000043ce500000,0x00000043ce600000)]
  0x0000014d0ba1f800 JavaThread "Unconstrained build operations Thread 3" [_thread_blocked, id=10664, stack(0x00000043ce600000,0x00000043ce700000)]
  0x0000014d0ba23000 JavaThread "Unconstrained build operations Thread 4" [_thread_blocked, id=4040, stack(0x00000043ce700000,0x00000043ce800000)]
  0x0000014d0ba1e000 JavaThread "Unconstrained build operations Thread 5" [_thread_blocked, id=8652, stack(0x00000043ce800000,0x00000043ce900000)]
  0x0000014d0ba21000 JavaThread "Unconstrained build operations Thread 6" [_thread_blocked, id=8508, stack(0x00000043ce900000,0x00000043cea00000)]
  0x0000014d0ba22000 JavaThread "Unconstrained build operations Thread 7" [_thread_blocked, id=9544, stack(0x00000043cea00000,0x00000043ceb00000)]
  0x0000014d0ba24800 JavaThread "Unconstrained build operations Thread 8" [_thread_blocked, id=8888, stack(0x00000043ceb00000,0x00000043cec00000)]
  0x0000014d0ba1f000 JavaThread "Unconstrained build operations Thread 9" [_thread_blocked, id=10796, stack(0x00000043cec00000,0x00000043ced00000)]
  0x0000014d0ba26000 JavaThread "Unconstrained build operations Thread 10" [_thread_blocked, id=6028, stack(0x00000043ced00000,0x00000043cee00000)]
  0x0000014d0ba25800 JavaThread "Unconstrained build operations Thread 11" [_thread_blocked, id=7500, stack(0x00000043cee00000,0x00000043cef00000)]
  0x0000014d0ba29800 JavaThread "Unconstrained build operations Thread 12" [_thread_blocked, id=7496, stack(0x00000043cef00000,0x00000043cf000000)]
  0x0000014d0ba28000 JavaThread "Unconstrained build operations Thread 13" [_thread_blocked, id=4364, stack(0x00000043cf000000,0x00000043cf100000)]
  0x0000014d0ba23800 JavaThread "Unconstrained build operations Thread 14" [_thread_blocked, id=11116, stack(0x00000043cf100000,0x00000043cf200000)]
  0x0000014d0ba27000 JavaThread "Unconstrained build operations Thread 15" [_thread_blocked, id=620, stack(0x00000043cf200000,0x00000043cf300000)]
  0x0000014d0ba28800 JavaThread "Unconstrained build operations Thread 16" [_thread_blocked, id=260, stack(0x00000043cf300000,0x00000043cf400000)]
  0x0000014d0af52800 JavaThread "Unconstrained build operations Thread 17" [_thread_blocked, id=6888, stack(0x00000043cf400000,0x00000043cf500000)]
  0x0000014d0af53000 JavaThread "Unconstrained build operations Thread 18" [_thread_blocked, id=5988, stack(0x00000043cf500000,0x00000043cf600000)]
  0x0000014d0af51800 JavaThread "Unconstrained build operations Thread 19" [_thread_blocked, id=3876, stack(0x00000043cf600000,0x00000043cf700000)]
  0x0000014d0af54000 JavaThread "Unconstrained build operations Thread 20" [_thread_blocked, id=9988, stack(0x00000043cf700000,0x00000043cf800000)]
  0x0000014d0af50000 JavaThread "Unconstrained build operations Thread 21" [_thread_blocked, id=9948, stack(0x00000043cf800000,0x00000043cf900000)]
  0x0000014d0af55000 JavaThread "Unconstrained build operations Thread 22" [_thread_blocked, id=12472, stack(0x00000043cf900000,0x00000043cfa00000)]
  0x0000014d0af55800 JavaThread "Unconstrained build operations Thread 23" [_thread_blocked, id=10724, stack(0x00000043cfa00000,0x00000043cfb00000)]
  0x0000014d0af56800 JavaThread "Unconstrained build operations Thread 24" [_thread_blocked, id=2324, stack(0x00000043cfb00000,0x00000043cfc00000)]
  0x0000014d0af50800 JavaThread "Unconstrained build operations Thread 25" [_thread_blocked, id=3312, stack(0x00000043cfc00000,0x00000043cfd00000)]
  0x0000014d0dd25000 JavaThread "Unconstrained build operations Thread 26" [_thread_blocked, id=6128, stack(0x00000043cfd00000,0x00000043cfe00000)]
  0x0000014d0dd25800 JavaThread "Unconstrained build operations Thread 27" [_thread_blocked, id=1228, stack(0x00000043cfe00000,0x00000043cff00000)]
  0x0000014d0dd26800 JavaThread "Unconstrained build operations Thread 28" [_thread_blocked, id=4656, stack(0x00000043cff00000,0x00000043d0000000)]
  0x0000014d0dd22800 JavaThread "Unconstrained build operations Thread 29" [_thread_blocked, id=6004, stack(0x00000043d0000000,0x00000043d0100000)]
  0x0000014d0dd20800 JavaThread "Unconstrained build operations Thread 30" [_thread_blocked, id=5228, stack(0x00000043d0100000,0x00000043d0200000)]
  0x0000014d0dd24000 JavaThread "Unconstrained build operations Thread 31" [_thread_blocked, id=6532, stack(0x00000043d0200000,0x00000043d0300000)]
  0x0000014d0dd27800 JavaThread "Unconstrained build operations Thread 32" [_thread_blocked, id=6260, stack(0x00000043d0300000,0x00000043d0400000)]
  0x0000014d0dd21800 JavaThread "Unconstrained build operations Thread 33" [_thread_blocked, id=8640, stack(0x00000043d0400000,0x00000043d0500000)]
  0x0000014d0dd28000 JavaThread "build event listener" [_thread_blocked, id=10432, stack(0x00000043d0500000,0x00000043d0600000)]
  0x0000014d0dd23000 JavaThread "Memory manager" [_thread_blocked, id=5780, stack(0x00000043d0600000,0x00000043d0700000)]
  0x0000014d0dd2e800 JavaThread "Cache worker for Build Output Cleanup Cache (C:\Users\hafiz\OneDrive\Desktop\HelpSoEasy\video-call-aapp\android\.gradle\buildOutputCleanup)" [_thread_blocked, id=13296, stack(0x00000043d0700000,0x00000043d0800000)]
  0x0000014d0dd2b800 JavaThread "included builds" [_thread_blocked, id=2284, stack(0x00000043d0800000,0x00000043d0900000)]
  0x0000014d0dd2a800 JavaThread "Execution worker" [_thread_blocked, id=10200, stack(0x00000043d0900000,0x00000043d0a00000)]
  0x0000014d0dd2f800 JavaThread "Execution worker Thread 2" [_thread_blocked, id=3592, stack(0x00000043d0a00000,0x00000043d0b00000)]
  0x0000014d0dd29800 JavaThread "Execution worker Thread 3" [_thread_blocked, id=8276, stack(0x00000043d0b00000,0x00000043d0c00000)]
  0x0000014d0dd2d000 JavaThread "Cache worker for execution history cache (C:\Users\hafiz\OneDrive\Desktop\HelpSoEasy\video-call-aapp\node_modules\react-native-gradle-plugin\.gradle\7.5.1\executionHistory)" [_thread_blocked, id=10020, stack(0x00000043d0c00000,0x00000043d0d00000)]
  0x0000014d0dd2c000 JavaThread "Unconstrained build operations Thread 34" [_thread_blocked, id=11600, stack(0x00000043cb100000,0x00000043cb200000)]
  0x0000014d0dd2e000 JavaThread "Unconstrained build operations Thread 35" [_thread_blocked, id=12228, stack(0x00000043d0d00000,0x00000043d0e00000)]
  0x0000014d0eebb800 JavaThread "Unconstrained build operations Thread 36" [_thread_blocked, id=6840, stack(0x00000043d0e00000,0x00000043d0f00000)]
  0x0000014d0eebc000 JavaThread "Unconstrained build operations Thread 37" [_thread_blocked, id=12304, stack(0x00000043d0f00000,0x00000043d1000000)]
  0x0000014d0eeb9800 JavaThread "Unconstrained build operations Thread 38" [_thread_blocked, id=3732, stack(0x00000043d1000000,0x00000043d1100000)]
  0x0000014d0eeb6800 JavaThread "Unconstrained build operations Thread 39" [_thread_blocked, id=8532, stack(0x00000043d1100000,0x00000043d1200000)]
  0x0000014d0eebd000 JavaThread "Unconstrained build operations Thread 40" [_thread_blocked, id=12888, stack(0x00000043d1200000,0x00000043d1300000)]
  0x0000014d0b277000 JavaThread "C2 CompilerThread1" daemon [_thread_blocked, id=6424, stack(0x00000043cd900000,0x00000043cda00000)]

Other Threads:
=>0x0000014d071c7000 VMThread "VM Thread" [stack: 0x00000043cb900000,0x00000043cba00000] [id=5156]
  0x0000014d07ce6000 WatcherThread [stack: 0x00000043cc300000,0x00000043cc400000] [id=12808]
  0x0000014d67ad5800 GCTaskThread "GC Thread#0" [stack: 0x00000043cb400000,0x00000043cb500000] [id=3120]
  0x0000014d080c4000 GCTaskThread "GC Thread#1" [stack: 0x00000043cc400000,0x00000043cc500000] [id=12152]
  0x0000014d0a8dd800 GCTaskThread "GC Thread#2" [stack: 0x00000043ccf00000,0x00000043cd000000] [id=5864]
  0x0000014d0a8de800 GCTaskThread "GC Thread#3" [stack: 0x00000043cd000000,0x00000043cd100000] [id=5340]
  0x0000014d67b07000 ConcurrentGCThread "G1 Main Marker" [stack: 0x00000043cb500000,0x00000043cb600000] [id=1048]
  0x0000014d67b08000 ConcurrentGCThread "G1 Conc#0" [stack: 0x00000043cb600000,0x00000043cb700000] [id=8964]
  0x0000014d67b92800 ConcurrentGCThread "G1 Refine#0" [stack: 0x00000043cb700000,0x00000043cb800000] [id=12256]
  0x0000014d67b93800 ConcurrentGCThread "G1 Young RemSet Sampling" [stack: 0x00000043cb800000,0x00000043cb900000] [id=1688]

Threads with active compile tasks:
C2 CompilerThread0    48561 11074       4       org.gradle.internal.file.FileHierarchySet$Node::isChildOfOrThis (110 bytes)
C2 CompilerThread1    48561 11072       4       sun.security.provider.MD5::implDigest (96 bytes)

VM state:at safepoint (normal execution)

VM Mutex/Monitor currently owned by a thread:  ([mutex/lock_event])
[0x0000014d67abbaa0] Threads_lock - owner thread: 0x0000014d071c7000
[0x0000014d67abbb30] Heap_lock - owner thread: 0x0000014d09d6e000

Heap address: 0x0000000080000000, size: 2048 MB, Compressed Oops mode: 32-bit
Narrow klass base: 0x0000000000000000, Narrow klass shift: 3
Compressed class space size: 528482304 Address: 0x0000000100000000

Heap:
 garbage-first heap   total 152576K, used 107504K [0x0000000080000000, 0x0000000100000000)
  region size 1024K, 1 young (1024K), 1 survivors (1024K)
 Metaspace       used 91796K, capacity 95183K, committed 95484K, reserved 598016K
  class space    used 12307K, capacity 13650K, committed 13696K, reserved 516096K
Heap Regions: E=young(eden), S=young(survivor), O=old, HS=humongous(starts), HC=humongous(continues), CS=collection set, F=free, A=archive, TAMS=top-at-mark-start (previous, next)
|   0|0x0000000080000000, 0x0000000080100000, 0x0000000080100000|100%|HS|  |TAMS 0x0000000080100000, 0x0000000080000000| Complete 
|   1|0x0000000080100000, 0x0000000080200000, 0x0000000080200000|100%|HC|  |TAMS 0x0000000080200000, 0x0000000080100000| Complete 
|   2|0x0000000080200000, 0x0000000080300000, 0x0000000080300000|100%|HC|  |TAMS 0x0000000080300000, 0x0000000080200000| Complete 
|   3|0x0000000080300000, 0x0000000080400000, 0x0000000080400000|100%| O|  |TAMS 0x0000000080400000, 0x0000000080300000| Updating 
|   4|0x0000000080400000, 0x0000000080500000, 0x0000000080500000|100%| O|  |TAMS 0x0000000080500000, 0x0000000080400000| Updating 
|   5|0x0000000080500000, 0x0000000080600000, 0x0000000080600000|100%| O|  |TAMS 0x0000000080600000, 0x0000000080500000| Updating 
|   6|0x0000000080600000, 0x0000000080700000, 0x0000000080700000|100%| O|  |TAMS 0x0000000080700000, 0x0000000080600000| Updating 
|   7|0x0000000080700000, 0x0000000080800000, 0x0000000080800000|100%| O|  |TAMS 0x0000000080800000, 0x0000000080700000| Updating 
|   8|0x0000000080800000, 0x0000000080900000, 0x0000000080900000|100%| O|  |TAMS 0x0000000080900000, 0x0000000080800000| Updating 
|   9|0x0000000080900000, 0x0000000080a00000, 0x0000000080a00000|100%| O|  |TAMS 0x0000000080a00000, 0x0000000080900000| Updating 
|  10|0x0000000080a00000, 0x0000000080b00000, 0x0000000080b00000|100%| O|  |TAMS 0x0000000080b00000, 0x0000000080a00000| Updating 
|  11|0x0000000080b00000, 0x0000000080c00000, 0x0000000080c00000|100%| O|  |TAMS 0x0000000080c00000, 0x0000000080b00000| Updating 
|  12|0x0000000080c00000, 0x0000000080d00000, 0x0000000080d00000|100%| O|  |TAMS 0x0000000080d00000, 0x0000000080c00000| Updating 
|  13|0x0000000080d00000, 0x0000000080e00000, 0x0000000080e00000|100%| O|  |TAMS 0x0000000080e00000, 0x0000000080d00000| Updating 
|  14|0x0000000080e00000, 0x0000000080f00000, 0x0000000080f00000|100%| O|  |TAMS 0x0000000080f00000, 0x0000000080e00000| Updating 
|  15|0x0000000080f00000, 0x0000000081000000, 0x0000000081000000|100%| O|  |TAMS 0x0000000081000000, 0x0000000080f00000| Updating 
|  16|0x0000000081000000, 0x0000000081100000, 0x0000000081100000|100%| O|  |TAMS 0x0000000081100000, 0x0000000081000000| Updating 
|  17|0x0000000081100000, 0x0000000081200000, 0x0000000081200000|100%| O|  |TAMS 0x0000000081200000, 0x0000000081100000| Updating 
|  18|0x0000000081200000, 0x0000000081300000, 0x0000000081300000|100%| O|  |TAMS 0x0000000081300000, 0x0000000081200000| Updating 
|  19|0x0000000081300000, 0x0000000081400000, 0x0000000081400000|100%| O|  |TAMS 0x0000000081400000, 0x0000000081300000| Updating 
|  20|0x0000000081400000, 0x0000000081500000, 0x0000000081500000|100%| O|  |TAMS 0x0000000081500000, 0x0000000081400000| Updating 
|  21|0x0000000081500000, 0x0000000081600000, 0x0000000081600000|100%| O|  |TAMS 0x0000000081600000, 0x0000000081500000| Updating 
|  22|0x0000000081600000, 0x0000000081700000, 0x0000000081700000|100%| O|  |TAMS 0x0000000081700000, 0x0000000081600000| Updating 
|  23|0x0000000081700000, 0x0000000081800000, 0x0000000081800000|100%|HS|  |TAMS 0x0000000081800000, 0x0000000081700000| Complete 
|  24|0x0000000081800000, 0x0000000081900000, 0x0000000081900000|100%| O|  |TAMS 0x0000000081900000, 0x0000000081800000| Updating 
|  25|0x0000000081900000, 0x0000000081a00000, 0x0000000081a00000|100%| O|  |TAMS 0x0000000081a00000, 0x0000000081900000| Updating 
|  26|0x0000000081a00000, 0x0000000081b00000, 0x0000000081b00000|100%| O|  |TAMS 0x0000000081b00000, 0x0000000081a00000| Updating 
|  27|0x0000000081b00000, 0x0000000081c00000, 0x0000000081c00000|100%| O|  |TAMS 0x0000000081c00000, 0x0000000081b00000| Updating 
|  28|0x0000000081c00000, 0x0000000081d00000, 0x0000000081d00000|100%|HS|  |TAMS 0x0000000081d00000, 0x0000000081c00000| Complete 
|  29|0x0000000081d00000, 0x0000000081e00000, 0x0000000081e00000|100%|HC|  |TAMS 0x0000000081e00000, 0x0000000081d00000| Complete 
|  30|0x0000000081e00000, 0x0000000081f00000, 0x0000000081f00000|100%|HC|  |TAMS 0x0000000081f00000, 0x0000000081e00000| Complete 
|  31|0x0000000081f00000, 0x0000000082000000, 0x0000000082000000|100%| O|  |TAMS 0x0000000082000000, 0x0000000081f00000| Updating 
|  32|0x0000000082000000, 0x0000000082100000, 0x0000000082100000|100%| O|  |TAMS 0x0000000082100000, 0x0000000082000000| Updating 
|  33|0x0000000082100000, 0x0000000082200000, 0x0000000082200000|100%| O|  |TAMS 0x0000000082200000, 0x0000000082100000| Updating 
|  34|0x0000000082200000, 0x0000000082300000, 0x0000000082300000|100%| O|  |TAMS 0x0000000082300000, 0x0000000082200000| Updating 
|  35|0x0000000082300000, 0x0000000082400000, 0x0000000082400000|100%| O|  |TAMS 0x0000000082400000, 0x0000000082300000| Updating 
|  36|0x0000000082400000, 0x0000000082500000, 0x0000000082500000|100%| O|  |TAMS 0x0000000082500000, 0x0000000082400000| Updating 
|  37|0x0000000082500000, 0x0000000082600000, 0x0000000082600000|100%| O|  |TAMS 0x0000000082600000, 0x0000000082500000| Updating 
|  38|0x0000000082600000, 0x0000000082700000, 0x0000000082700000|100%| O|  |TAMS 0x0000000082700000, 0x0000000082600000| Updating 
|  39|0x0000000082700000, 0x0000000082800000, 0x0000000082800000|100%| O|  |TAMS 0x0000000082800000, 0x0000000082700000| Updating 
|  40|0x0000000082800000, 0x0000000082900000, 0x0000000082900000|100%| O|  |TAMS 0x0000000082900000, 0x0000000082800000| Updating 
|  41|0x0000000082900000, 0x0000000082a00000, 0x0000000082a00000|100%| O|  |TAMS 0x0000000082a00000, 0x0000000082900000| Updating 
|  42|0x0000000082a00000, 0x0000000082b00000, 0x0000000082b00000|100%| O|  |TAMS 0x0000000082b00000, 0x0000000082a00000| Updating 
|  43|0x0000000082b00000, 0x0000000082c00000, 0x0000000082c00000|100%| O|  |TAMS 0x0000000082c00000, 0x0000000082b00000| Updating 
|  44|0x0000000082c00000, 0x0000000082d00000, 0x0000000082d00000|100%| O|  |TAMS 0x0000000082d00000, 0x0000000082c00000| Updating 
|  45|0x0000000082d00000, 0x0000000082e00000, 0x0000000082e00000|100%| O|  |TAMS 0x0000000082e00000, 0x0000000082d00000| Updating 
|  46|0x0000000082e00000, 0x0000000082f00000, 0x0000000082f00000|100%|HS|  |TAMS 0x0000000082f00000, 0x0000000082e00000| Complete 
|  47|0x0000000082f00000, 0x0000000083000000, 0x0000000083000000|100%|HS|  |TAMS 0x0000000083000000, 0x0000000082f00000| Complete 
|  48|0x0000000083000000, 0x0000000083100000, 0x0000000083100000|100%| O|  |TAMS 0x0000000083100000, 0x0000000083000000| Updating 
|  49|0x0000000083100000, 0x0000000083200000, 0x0000000083200000|100%| O|  |TAMS 0x0000000083200000, 0x0000000083100000| Updating 
|  50|0x0000000083200000, 0x0000000083300000, 0x0000000083300000|100%| O|  |TAMS 0x0000000083300000, 0x0000000083200000| Updating 
|  51|0x0000000083300000, 0x0000000083400000, 0x0000000083400000|100%| O|  |TAMS 0x0000000083400000, 0x0000000083300000| Updating 
|  52|0x0000000083400000, 0x0000000083500000, 0x0000000083500000|100%| O|  |TAMS 0x0000000083500000, 0x0000000083400000| Updating 
|  53|0x0000000083500000, 0x0000000083600000, 0x0000000083600000|100%| O|  |TAMS 0x0000000083600000, 0x0000000083500000| Updating 
|  54|0x0000000083600000, 0x0000000083700000, 0x0000000083700000|100%| O|  |TAMS 0x0000000083700000, 0x0000000083600000| Updating 
|  55|0x0000000083700000, 0x0000000083800000, 0x0000000083800000|100%| O|  |TAMS 0x0000000083800000, 0x0000000083700000| Updating 
|  56|0x0000000083800000, 0x0000000083900000, 0x0000000083900000|100%| O|  |TAMS 0x0000000083900000, 0x0000000083800000| Updating 
|  57|0x0000000083900000, 0x0000000083a00000, 0x0000000083a00000|100%| O|  |TAMS 0x0000000083a00000, 0x0000000083900000| Updating 
|  58|0x0000000083a00000, 0x0000000083b00000, 0x0000000083b00000|100%| O|  |TAMS 0x0000000083b00000, 0x0000000083a00000| Updating 
|  59|0x0000000083b00000, 0x0000000083c00000, 0x0000000083c00000|100%| O|  |TAMS 0x0000000083c00000, 0x0000000083b00000| Updating 
|  60|0x0000000083c00000, 0x0000000083d00000, 0x0000000083d00000|100%|HS|  |TAMS 0x0000000083d00000, 0x0000000083c00000| Complete 
|  61|0x0000000083d00000, 0x0000000083e00000, 0x0000000083e00000|100%|HC|  |TAMS 0x0000000083e00000, 0x0000000083d00000| Complete 
|  62|0x0000000083e00000, 0x0000000083f00000, 0x0000000083f00000|100%| O|  |TAMS 0x0000000083f00000, 0x0000000083e00000| Updating 
|  63|0x0000000083f00000, 0x0000000084000000, 0x0000000084000000|100%| O|  |TAMS 0x0000000084000000, 0x0000000083f00000| Updating 
|  64|0x0000000084000000, 0x0000000084100000, 0x0000000084100000|100%| O|  |TAMS 0x0000000084100000, 0x0000000084000000| Updating 
|  65|0x0000000084100000, 0x0000000084200000, 0x0000000084200000|100%| O|  |TAMS 0x0000000084200000, 0x0000000084100000| Updating 
|  66|0x0000000084200000, 0x0000000084300000, 0x0000000084300000|100%| O|  |TAMS 0x0000000084300000, 0x0000000084200000| Updating 
|  67|0x0000000084300000, 0x0000000084400000, 0x0000000084400000|100%| O|  |TAMS 0x0000000084400000, 0x0000000084300000| Updating 
|  68|0x0000000084400000, 0x0000000084500000, 0x0000000084500000|100%| O|  |TAMS 0x0000000084500000, 0x0000000084400000| Updating 
|  69|0x0000000084500000, 0x0000000084600000, 0x0000000084600000|100%| O|  |TAMS 0x0000000084600000, 0x0000000084500000| Updating 
|  70|0x0000000084600000, 0x0000000084700000, 0x0000000084700000|100%| O|  |TAMS 0x0000000084700000, 0x0000000084600000| Updating 
|  71|0x0000000084700000, 0x0000000084800000, 0x0000000084800000|100%| O|  |TAMS 0x0000000084800000, 0x0000000084700000| Updating 
|  72|0x0000000084800000, 0x0000000084900000, 0x0000000084900000|100%| O|  |TAMS 0x0000000084900000, 0x0000000084800000| Updating 
|  73|0x0000000084900000, 0x0000000084a00000, 0x0000000084a00000|100%| O|  |TAMS 0x0000000084a00000, 0x0000000084900000| Updating 
|  74|0x0000000084a00000, 0x0000000084b00000, 0x0000000084b00000|100%| O|  |TAMS 0x0000000084b00000, 0x0000000084a00000| Updating 
|  75|0x0000000084b00000, 0x0000000084c00000, 0x0000000084c00000|100%| O|  |TAMS 0x0000000084c00000, 0x0000000084b00000| Updating 
|  76|0x0000000084c00000, 0x0000000084d00000, 0x0000000084d00000|100%| O|  |TAMS 0x0000000084d00000, 0x0000000084c00000| Updating 
|  77|0x0000000084d00000, 0x0000000084e00000, 0x0000000084e00000|100%| O|  |TAMS 0x0000000084e00000, 0x0000000084d00000| Updating 
|  78|0x0000000084e00000, 0x0000000084f00000, 0x0000000084f00000|100%| O|  |TAMS 0x0000000084f00000, 0x0000000084e00000| Updating 
|  79|0x0000000084f00000, 0x0000000085000000, 0x0000000085000000|100%| O|  |TAMS 0x0000000085000000, 0x0000000084f00000| Updating 
|  80|0x0000000085000000, 0x0000000085100000, 0x0000000085100000|100%| O|  |TAMS 0x0000000085100000, 0x0000000085000000| Updating 
|  81|0x0000000085100000, 0x0000000085200000, 0x0000000085200000|100%| O|  |TAMS 0x0000000085200000, 0x0000000085100000| Updating 
|  82|0x0000000085200000, 0x0000000085300000, 0x0000000085300000|100%| O|  |TAMS 0x0000000085300000, 0x0000000085200000| Updating 
|  83|0x0000000085300000, 0x0000000085400000, 0x0000000085400000|100%| O|  |TAMS 0x0000000085400000, 0x0000000085300000| Updating 
|  84|0x0000000085400000, 0x0000000085500000, 0x0000000085500000|100%| O|  |TAMS 0x0000000085500000, 0x0000000085400000| Updating 
|  85|0x0000000085500000, 0x0000000085600000, 0x0000000085600000|100%| O|  |TAMS 0x0000000085600000, 0x0000000085500000| Updating 
|  86|0x0000000085600000, 0x0000000085700000, 0x0000000085700000|100%|HS|  |TAMS 0x0000000085700000, 0x0000000085600000| Complete 
|  87|0x0000000085700000, 0x0000000085800000, 0x0000000085800000|100%|HC|  |TAMS 0x0000000085800000, 0x0000000085700000| Complete 
|  88|0x0000000085800000, 0x0000000085900000, 0x0000000085900000|100%|HS|  |TAMS 0x0000000085900000, 0x0000000085800000| Complete 
|  89|0x0000000085900000, 0x0000000085a00000, 0x0000000085a00000|100%|HC|  |TAMS 0x0000000085a00000, 0x0000000085900000| Complete 
|  90|0x0000000085a00000, 0x0000000085b00000, 0x0000000085b00000|100%|HC|  |TAMS 0x0000000085b00000, 0x0000000085a00000| Complete 
|  91|0x0000000085b00000, 0x0000000085c00000, 0x0000000085c00000|100%|HC|  |TAMS 0x0000000085c00000, 0x0000000085b00000| Complete 
|  92|0x0000000085c00000, 0x0000000085d00000, 0x0000000085d00000|100%| O|  |TAMS 0x0000000085d00000, 0x0000000085c00000| Updating 
|  93|0x0000000085d00000, 0x0000000085e00000, 0x0000000085e00000|100%| O|  |TAMS 0x0000000085e00000, 0x0000000085d00000| Updating 
|  94|0x0000000085e00000, 0x0000000085f00000, 0x0000000085f00000|100%| O|  |TAMS 0x0000000085f00000, 0x0000000085e00000| Updating 
|  95|0x0000000085f00000, 0x0000000086000000, 0x0000000086000000|100%| O|  |TAMS 0x0000000086000000, 0x0000000085f00000| Updating 
|  96|0x0000000086000000, 0x0000000086100000, 0x0000000086100000|100%| O|  |TAMS 0x0000000086100000, 0x0000000086000000| Updating 
|  97|0x0000000086100000, 0x0000000086200000, 0x0000000086200000|100%| O|  |TAMS 0x0000000086200000, 0x0000000086100000| Updating 
|  98|0x0000000086200000, 0x0000000086300000, 0x0000000086300000|100%| O|  |TAMS 0x0000000086300000, 0x0000000086200000| Updating 
|  99|0x0000000086300000, 0x0000000086400000, 0x0000000086400000|100%| O|  |TAMS 0x0000000086400000, 0x0000000086300000| Updating 
| 100|0x0000000086400000, 0x0000000086500000, 0x0000000086500000|100%| O|  |TAMS 0x0000000086500000, 0x0000000086400000| Updating 
| 101|0x0000000086500000, 0x0000000086600000, 0x0000000086600000|100%| O|  |TAMS 0x0000000086600000, 0x0000000086500000| Updating 
| 102|0x0000000086600000, 0x0000000086700000, 0x0000000086700000|100%| O|  |TAMS 0x00000000866dcc00, 0x0000000086600000| Updating 
| 103|0x0000000086700000, 0x0000000086800000, 0x0000000086800000|100%| O|  |TAMS 0x0000000086700000, 0x0000000086700000| Updating 
| 104|0x0000000086800000, 0x00000000868a1800, 0x0000000086900000| 63%| O|  |TAMS 0x0000000086800000, 0x0000000086800000| Untracked 
| 105|0x0000000086900000, 0x0000000086900000, 0x0000000086a00000|  0%| F|  |TAMS 0x0000000086900000, 0x0000000086900000| Untracked 
| 106|0x0000000086a00000, 0x0000000086a00000, 0x0000000086b00000|  0%| F|  |TAMS 0x0000000086a00000, 0x0000000086a00000| Untracked 
| 107|0x0000000086b00000, 0x0000000086b00000, 0x0000000086c00000|  0%| F|  |TAMS 0x0000000086b00000, 0x0000000086b00000| Untracked 
| 108|0x0000000086c00000, 0x0000000086c00000, 0x0000000086d00000|  0%| F|  |TAMS 0x0000000086c00000, 0x0000000086c00000| Untracked 
| 109|0x0000000086d00000, 0x0000000086d00000, 0x0000000086e00000|  0%| F|  |TAMS 0x0000000086d00000, 0x0000000086d00000| Untracked 
| 110|0x0000000086e00000, 0x0000000086e00000, 0x0000000086f00000|  0%| F|  |TAMS 0x0000000086e00000, 0x0000000086e00000| Untracked 
| 111|0x0000000086f00000, 0x0000000086f00000, 0x0000000087000000|  0%| F|  |TAMS 0x0000000086f00000, 0x0000000086f00000| Untracked 
| 112|0x0000000087000000, 0x0000000087000000, 0x0000000087100000|  0%| F|  |TAMS 0x0000000087000000, 0x0000000087000000| Untracked 
| 113|0x0000000087100000, 0x0000000087100000, 0x0000000087200000|  0%| F|  |TAMS 0x0000000087100000, 0x0000000087100000| Untracked 
| 114|0x0000000087200000, 0x0000000087200000, 0x0000000087300000|  0%| F|  |TAMS 0x0000000087200000, 0x0000000087200000| Untracked 
| 115|0x0000000087300000, 0x0000000087300000, 0x0000000087400000|  0%| F|  |TAMS 0x0000000087300000, 0x0000000087300000| Untracked 
| 116|0x0000000087400000, 0x0000000087400000, 0x0000000087500000|  0%| F|  |TAMS 0x0000000087400000, 0x0000000087400000| Untracked 
| 117|0x0000000087500000, 0x0000000087500000, 0x0000000087600000|  0%| F|  |TAMS 0x0000000087500000, 0x0000000087500000| Untracked 
| 118|0x0000000087600000, 0x000000008765a950, 0x0000000087700000| 35%| S|CS|TAMS 0x0000000087600000, 0x0000000087600000| Complete 
| 119|0x0000000087700000, 0x0000000087700000, 0x0000000087800000|  0%| F|  |TAMS 0x0000000087700000, 0x0000000087700000| Untracked 
| 120|0x0000000087800000, 0x0000000087800000, 0x0000000087900000|  0%| F|  |TAMS 0x0000000087800000, 0x0000000087800000| Untracked 
| 121|0x0000000087900000, 0x0000000087900000, 0x0000000087a00000|  0%| F|  |TAMS 0x0000000087900000, 0x0000000087900000| Untracked 
| 122|0x0000000087a00000, 0x0000000087a00000, 0x0000000087b00000|  0%| F|  |TAMS 0x0000000087a00000, 0x0000000087a00000| Untracked 
| 123|0x0000000087b00000, 0x0000000087b00000, 0x0000000087c00000|  0%| F|  |TAMS 0x0000000087b00000, 0x0000000087b00000| Untracked 

Card table byte_map: [0x0000014d00400000,0x0000014d00800000] _byte_map_base: 0x0000014d00000000

Marking Bits (Prev, Next): (CMBitMap*) 0x0000014d67afdf80, (CMBitMap*) 0x0000014d67afdf48
 Prev Bits: [0x0000014d02c00000, 0x0000014d04c00000)
 Next Bits: [0x0000014d00c00000, 0x0000014d02c00000)

Polling page: 0x0000014d67ba0000

Metaspace:

Usage:
  Non-class:     79.62 MB capacity,    77.63 MB ( 97%) used,     1.72 MB (  2%) free+waste,   284.19 KB ( <1%) overhead. 
      Class:     13.33 MB capacity,    12.02 MB ( 90%) used,     1.18 MB (  9%) free+waste,   137.25 KB (  1%) overhead. 
       Both:     92.95 MB capacity,    89.65 MB ( 96%) used,     2.90 MB (  3%) free+waste,   421.44 KB ( <1%) overhead. 

Virtual space:
  Non-class space:       80.00 MB reserved,      79.87 MB (>99%) committed 
      Class space:      504.00 MB reserved,      13.38 MB (  3%) committed 
             Both:      584.00 MB reserved,      93.25 MB ( 16%) committed 

Chunk freelists:
   Non-Class:  0 bytes
       Class:  1.75 KB
        Both:  1.75 KB

CodeHeap 'non-profiled nmethods': size=120064Kb used=6237Kb max_used=6237Kb free=113826Kb
 bounds [0x0000014d78430000, 0x0000014d78a50000, 0x0000014d7f970000]
CodeHeap 'profiled nmethods': size=120000Kb used=24200Kb max_used=24200Kb free=95799Kb
 bounds [0x0000014d70f00000, 0x0000014d726b0000, 0x0000014d78430000]
CodeHeap 'non-nmethods': size=5696Kb used=2306Kb max_used=2361Kb free=3389Kb
 bounds [0x0000014d70970000, 0x0000014d70be0000, 0x0000014d70f00000]
 total_blobs=11883 nmethods=10964 adapters=829
 compilation: enabled
              stopped_count=0, restarted_count=0
 full_count=0

Compilation events (10 events):
Event: 48.471 Thread 0x0000014d07b43800 11070       3       org.gradle.internal.classpath.DefaultCachedClasspathTransformer$$Lambda$393/0x0000000100514040::call (20 bytes)
Event: 48.472 Thread 0x0000014d07b43800 nmethod 11070 0x0000014d7269ec10 code [0x0000014d7269ee00, 0x0000014d7269f338]
Event: 48.472 Thread 0x0000014d07b43800 11071       3       org.gradle.internal.classpath.InstrumentingClasspathFileTransformer::hashOf (41 bytes)
Event: 48.474 Thread 0x0000014d07b43800 nmethod 11071 0x0000014d7269f610 code [0x0000014d7269fa00, 0x0000014d726a16d8]
Event: 48.478 Thread 0x0000014d0b277000 nmethod 11066 0x0000014d78a40290 code [0x0000014d78a40440, 0x0000014d78a40af8]
Event: 48.478 Thread 0x0000014d0b277000 11067       4       java.util.concurrent.locks.ReentrantLock$FairSync::tryAcquire (74 bytes)
Event: 48.482 Thread 0x0000014d0b277000 nmethod 11067 0x0000014d78a40e10 code [0x0000014d78a40f80, 0x0000014d78a41198]
Event: 48.482 Thread 0x0000014d0b277000 11072       4       sun.security.provider.MD5::implDigest (96 bytes)
Event: 48.503 Thread 0x0000014d07b40800 nmethod 10982 0x0000014d78a41290 code [0x0000014d78a41740, 0x0000014d78a45908]
Event: 48.504 Thread 0x0000014d07b40800 11074       4       org.gradle.internal.file.FileHierarchySet$Node::isChildOfOrThis (110 bytes)

GC Heap History (10 events):
Event: 47.568 GC heap after
{Heap after GC invocations=45 (full 0):
 garbage-first heap   total 126976K, used 103819K [0x0000000080000000, 0x0000000100000000)
  region size 1024K, 2 young (2048K), 2 survivors (2048K)
 Metaspace       used 91445K, capacity 94655K, committed 94972K, reserved 598016K
  class space    used 12290K, capacity 13596K, committed 13696K, reserved 516096K
}
Event: 47.751 GC heap before
{Heap before GC invocations=46 (full 0):
 garbage-first heap   total 126976K, used 108939K [0x0000000080000000, 0x0000000100000000)
  region size 1024K, 7 young (7168K), 2 survivors (2048K)
 Metaspace       used 91566K, capacity 94893K, committed 94972K, reserved 598016K
  class space    used 12306K, capacity 13648K, committed 13696K, reserved 516096K
}
Event: 47.768 GC heap after
{Heap after GC invocations=47 (full 0):
 garbage-first heap   total 126976K, used 105090K [0x0000000080000000, 0x0000000100000000)
  region size 1024K, 1 young (1024K), 1 survivors (1024K)
 Metaspace       used 91566K, capacity 94893K, committed 94972K, reserved 598016K
  class space    used 12306K, capacity 13648K, committed 13696K, reserved 516096K
}
Event: 47.957 GC heap before
{Heap before GC invocations=47 (full 0):
 garbage-first heap   total 126976K, used 110210K [0x0000000080000000, 0x0000000100000000)
  region size 1024K, 6 young (6144K), 1 survivors (1024K)
 Metaspace       used 91634K, capacity 95026K, committed 95228K, reserved 598016K
  class space    used 12306K, capacity 13648K, committed 13696K, reserved 516096K
}
Event: 47.962 GC heap after
{Heap after GC invocations=48 (full 0):
 garbage-first heap   total 126976K, used 106334K [0x0000000080000000, 0x0000000100000000)
  region size 1024K, 1 young (1024K), 1 survivors (1024K)
 Metaspace       used 91634K, capacity 95026K, committed 95228K, reserved 598016K
  class space    used 12306K, capacity 13648K, committed 13696K, reserved 516096K
}
Event: 48.222 GC heap before
{Heap before GC invocations=48 (full 0):
 garbage-first heap   total 126976K, used 110430K [0x0000000080000000, 0x0000000100000000)
  region size 1024K, 6 young (6144K), 1 survivors (1024K)
 Metaspace       used 91752K, capacity 95171K, committed 95228K, reserved 598016K
  class space    used 12307K, capacity 13650K, committed 13696K, reserved 516096K
}
Event: 48.227 GC heap after
{Heap after GC invocations=49 (full 0):
 garbage-first heap   total 126976K, used 107215K [0x0000000080000000, 0x0000000100000000)
  region size 1024K, 1 young (1024K), 1 survivors (1024K)
 Metaspace       used 91752K, capacity 95171K, committed 95228K, reserved 598016K
  class space    used 12307K, capacity 13650K, committed 13696K, reserved 516096K
}
Event: 48.364 GC heap before
{Heap before GC invocations=49 (full 0):
 garbage-first heap   total 126976K, used 111311K [0x0000000080000000, 0x0000000100000000)
  region size 1024K, 6 young (6144K), 1 survivors (1024K)
 Metaspace       used 91782K, capacity 95178K, committed 95228K, reserved 598016K
  class space    used 12307K, capacity 13650K, committed 13696K, reserved 516096K
}
Event: 48.369 GC heap after
{Heap after GC invocations=50 (full 0):
 garbage-first heap   total 126976K, used 107353K [0x0000000080000000, 0x0000000100000000)
  region size 1024K, 1 young (1024K), 1 survivors (1024K)
 Metaspace       used 91782K, capacity 95178K, committed 95228K, reserved 598016K
  class space    used 12307K, capacity 13650K, committed 13696K, reserved 516096K
}
Event: 48.510 GC heap before
{Heap before GC invocations=50 (full 0):
 garbage-first heap   total 126976K, used 111449K [0x0000000080000000, 0x0000000100000000)
  region size 1024K, 6 young (6144K), 1 survivors (1024K)
 Metaspace       used 91796K, capacity 95183K, committed 95484K, reserved 598016K
  class space    used 12307K, capacity 13650K, committed 13696K, reserved 516096K
}

Deoptimization events (10 events):
Event: 45.345 Thread 0x0000014d07e64800 Uncommon trap: reason=unstable_if action=reinterpret pc=0x0000014d7884c7fc method=groovy.lang.MetaClassImpl.checkIfStdMethod(Lgroovy/lang/MetaMethod;)V @ 167 c2
Event: 45.446 Thread 0x0000014d07e64800 Uncommon trap: reason=unstable_if action=reinterpret pc=0x0000014d78975260 method=java.lang.PublicMethods$MethodList.getMostSpecific()Ljava/lang/reflect/Method; @ 35 c2
Event: 46.773 Thread 0x0000014d0dd25000 Uncommon trap: reason=unstable_if action=reinterpret pc=0x0000014d788529c8 method=java.util.concurrent.ConcurrentHashMap.addCount(JI)V @ 34 c2
Event: 46.773 Thread 0x0000014d0af56800 Uncommon trap: reason=unstable_if action=reinterpret pc=0x0000014d784d0d08 method=java.util.concurrent.ConcurrentHashMap.addCount(JI)V @ 7 c2
Event: 46.774 Thread 0x0000014d0ba23800 Uncommon trap: reason=unstable_if action=reinterpret pc=0x0000014d787e5ce4 method=java.util.concurrent.ConcurrentHashMap.addCount(JI)V @ 7 c2
Event: 47.052 Thread 0x0000014d07e64800 Uncommon trap: reason=unstable_if action=reinterpret pc=0x0000014d788d1ef8 method=org.gradle.internal.reflect.PropertyAccessorType.of(Ljava/lang/reflect/Method;)Lorg/gradle/internal/reflect/PropertyAccessorType; @ 68 c2
Event: 47.053 Thread 0x0000014d07e64800 Uncommon trap: reason=unstable_if action=reinterpret pc=0x0000014d78969a98 method=org.gradle.internal.reflect.PropertyAccessorType.of(Ljava/lang/reflect/Method;)Lorg/gradle/internal/reflect/PropertyAccessorType; @ 68 c2
Event: 47.058 Thread 0x0000014d07e64800 Uncommon trap: reason=unstable_if action=reinterpret pc=0x0000014d789cbd78 method=groovy.lang.MetaClassImpl.filterPropertyMethod(Ljava/lang/Object;ZZ)Ljava/lang/Object; @ 80 c2
Event: 48.144 Thread 0x0000014d07e64800 Uncommon trap: reason=unstable_if action=reinterpret pc=0x0000014d787c4010 method=com.esotericsoftware.kryo.io.Output.writeString(Ljava/lang/String;)V @ 39 c2
Event: 48.344 Thread 0x0000014d07e64800 Uncommon trap: reason=unstable_if action=reinterpret pc=0x0000014d78747f20 method=org.gradle.internal.snapshot.VfsRelativePath.isPrefix(Ljava/lang/String;ILjava/lang/String;ILorg/gradle/internal/snapshot/CaseSensitivity;)Z @ 101 c2

Classes redefined (0 events):
No events

Internal exceptions (10 events):
Event: 47.287 Thread 0x0000014d07e64800 Exception <a 'java/lang/NoClassDefFoundError'{0x0000000087973768}: org/jetbrains/kotlin/gradle/plugin/KotlinBasePluginWrapper> (0x0000000087973768) thrown at [./open/src/hotspot/share/oops/constantPool.cpp, line 770]
Event: 47.332 Thread 0x0000014d07e64800 Exception <a 'java/lang/ClassNotFoundException'{0x0000000087852c88}: build_dlej1vro1pfm08yyjtomoshnyBeanInfo> (0x0000000087852c88) thrown at [./open/src/hotspot/share/classfile/systemDictionary.cpp, line 226]
Event: 47.332 Thread 0x0000014d07e64800 Exception <a 'java/lang/ClassNotFoundException'{0x000000008785ece8}: build_dlej1vro1pfm08yyjtomoshnyCustomizer> (0x000000008785ece8) thrown at [./open/src/hotspot/share/classfile/systemDictionary.cpp, line 226]
Event: 47.348 Thread 0x0000014d07e64800 Exception <a 'java/lang/ClassNotFoundException'{0x000000008771bb10}: build_dlej1vro1pfm08yyjtomoshnyBeanInfo> (0x000000008771bb10) thrown at [./open/src/hotspot/share/classfile/systemDictionary.cpp, line 226]
Event: 47.349 Thread 0x0000014d07e64800 Exception <a 'java/lang/ClassNotFoundException'{0x0000000087727d60}: build_dlej1vro1pfm08yyjtomoshnyCustomizer> (0x0000000087727d60) thrown at [./open/src/hotspot/share/classfile/systemDictionary.cpp, line 226]
Event: 47.475 Thread 0x0000014d07e64800 Exception <a 'java/lang/ClassNotFoundException'{0x00000000876b2018}: build_dlej1vro1pfm08yyjtomoshny$_run_closure1BeanInfo> (0x00000000876b2018) thrown at [./open/src/hotspot/share/classfile/systemDictionary.cpp, line 226]
Event: 47.476 Thread 0x0000014d07e64800 Exception <a 'java/lang/ClassNotFoundException'{0x00000000876c1d80}: build_dlej1vro1pfm08yyjtomoshny$_run_closure1Customizer> (0x00000000876c1d80) thrown at [./open/src/hotspot/share/classfile/systemDictionary.cpp, line 226]
Event: 47.644 Thread 0x0000014d07e64800 Exception <a 'java/lang/NoClassDefFoundError'{0x0000000087af9ef8}: org/jetbrains/kotlin/gradle/plugin/KotlinBasePluginWrapper> (0x0000000087af9ef8) thrown at [./open/src/hotspot/share/oops/constantPool.cpp, line 770]
Event: 47.662 Thread 0x0000014d07e64800 Exception <a 'java/lang/ClassNotFoundException'{0x00000000879dce78}: build_87hb0kv4w8fm8jist49r2ob0yBeanInfo> (0x00000000879dce78) thrown at [./open/src/hotspot/share/classfile/systemDictionary.cpp, line 226]
Event: 47.662 Thread 0x0000014d07e64800 Exception <a 'java/lang/ClassNotFoundException'{0x00000000879e8ed8}: build_87hb0kv4w8fm8jist49r2ob0yCustomizer> (0x00000000879e8ed8) thrown at [./open/src/hotspot/share/classfile/systemDictionary.cpp, line 226]

Events (10 events):
Event: 48.299 Executing VM operation: CGC_Operation
Event: 48.312 Executing VM operation: CGC_Operation done
Event: 48.344 Thread 0x0000014d07e64800 Uncommon trap: trap_request=0xffffff4d fr.pc=0x0000014d78747f20 relative=0x0000000000000140
Event: 48.344 Thread 0x0000014d07e64800 DEOPT PACKING pc=0x0000014d78747f20 sp=0x00000043ccbf8f40
Event: 48.344 Thread 0x0000014d07e64800 DEOPT UNPACKING pc=0x0000014d7099662f sp=0x00000043ccbf8ec8 mode 2
Event: 48.364 Executing VM operation: G1CollectForAllocation
Event: 48.369 Executing VM operation: G1CollectForAllocation done
Event: 48.498 Thread 0x0000014d07e64800 DEOPT PACKING pc=0x0000014d71d1e168 sp=0x00000043ccbf8b20
Event: 48.498 Thread 0x0000014d07e64800 DEOPT UNPACKING pc=0x0000014d70996dde sp=0x00000043ccbf8038 mode 0
Event: 48.508 Executing VM operation: G1CollectForAllocation


Dynamic libraries:
0x00007ff7d3950000 - 0x00007ff7d395f000 	C:\Program Files\Java\jdk\bin\java.exe
0x00007ff8da4f0000 - 0x00007ff8da6e8000 	C:\Windows\SYSTEM32\ntdll.dll
0x00007ff8da390000 - 0x00007ff8da44f000 	C:\Windows\System32\KERNEL32.DLL
0x00007ff8d81c0000 - 0x00007ff8d84b6000 	C:\Windows\System32\KERNELBASE.dll
0x00007ff8d7df0000 - 0x00007ff8d7ef0000 	C:\Windows\System32\ucrtbase.dll
0x00007ff8cc380000 - 0x00007ff8cc398000 	C:\Program Files\Java\jdk\bin\jli.dll
0x00007ff8d9f20000 - 0x00007ff8d9fcf000 	C:\Windows\System32\ADVAPI32.dll
0x00007ff8d8b00000 - 0x00007ff8d8b9e000 	C:\Windows\System32\msvcrt.dll
0x00007ff8d9000000 - 0x00007ff8d909c000 	C:\Windows\System32\sechost.dll
0x00007ff8d9df0000 - 0x00007ff8d9f16000 	C:\Windows\System32\RPCRT4.dll
0x00007ff8d9220000 - 0x00007ff8d93bd000 	C:\Windows\System32\USER32.dll
0x00007ff8d7d90000 - 0x00007ff8d7db2000 	C:\Windows\System32\win32u.dll
0x00007ff8d8ba0000 - 0x00007ff8d8bcc000 	C:\Windows\System32\GDI32.dll
0x00007ff8d7bd0000 - 0x00007ff8d7ce5000 	C:\Windows\System32\gdi32full.dll
0x00007ff8d7cf0000 - 0x00007ff8d7d8d000 	C:\Windows\System32\msvcp_win.dll
0x00007ff8c2920000 - 0x00007ff8c2bba000 	C:\Windows\WinSxS\amd64_microsoft.windows.common-controls_6595b64144ccf1df_6.0.19041.1110_none_60b5254171f9507e\COMCTL32.dll
0x00007ff8d0670000 - 0x00007ff8d067a000 	C:\Windows\SYSTEM32\VERSION.dll
0x00007ff8c04c0000 - 0x00007ff8c04d5000 	C:\Program Files\Java\jdk\bin\VCRUNTIME140.dll
0x00007ff8d94e0000 - 0x00007ff8d9510000 	C:\Windows\System32\IMM32.DLL
0x00007ff886c90000 - 0x00007ff886d2b000 	C:\Program Files\Java\jdk\bin\msvcp140.dll
0x00007ff886170000 - 0x00007ff886c8a000 	C:\Program Files\Java\jdk\bin\server\jvm.dll
0x00007ff8d9510000 - 0x00007ff8d9518000 	C:\Windows\System32\PSAPI.DLL
0x00007ff8bcf50000 - 0x00007ff8bcf59000 	C:\Windows\SYSTEM32\WSOCK32.dll
0x00007ff8d8cb0000 - 0x00007ff8d8d1b000 	C:\Windows\System32\WS2_32.dll
0x00007ff8b44e0000 - 0x00007ff8b4507000 	C:\Windows\SYSTEM32\WINMM.dll
0x00007ff8d5a40000 - 0x00007ff8d5a52000 	C:\Windows\SYSTEM32\kernel.appcore.dll
0x00007ff8d09b0000 - 0x00007ff8d09c0000 	C:\Program Files\Java\jdk\bin\verify.dll
0x00007ff8bcd60000 - 0x00007ff8bcf44000 	C:\Windows\SYSTEM32\DBGHELP.DLL
0x00007ff8bcc30000 - 0x00007ff8bcc64000 	C:\Windows\SYSTEM32\dbgcore.DLL
0x00007ff8d84c0000 - 0x00007ff8d8542000 	C:\Windows\System32\bcryptPrimitives.dll
0x00007ff89ce40000 - 0x00007ff89ce68000 	C:\Program Files\Java\jdk\bin\java.dll
0x00007ff8d09a0000 - 0x00007ff8d09aa000 	C:\Program Files\Java\jdk\bin\jimage.dll
0x00007ff8a92a0000 - 0x00007ff8a92b6000 	C:\Program Files\Java\jdk\bin\zip.dll
0x00007ff8d9520000 - 0x00007ff8d9c64000 	C:\Windows\System32\SHELL32.dll
0x00007ff8d5c40000 - 0x00007ff8d63d3000 	C:\Windows\SYSTEM32\windows.storage.dll
0x00007ff8da030000 - 0x00007ff8da384000 	C:\Windows\System32\combase.dll
0x00007ff8d7460000 - 0x00007ff8d748e000 	C:\Windows\SYSTEM32\Wldp.dll
0x00007ff8d9110000 - 0x00007ff8d91bd000 	C:\Windows\System32\SHCORE.dll
0x00007ff8d90b0000 - 0x00007ff8d9105000 	C:\Windows\System32\shlwapi.dll
0x00007ff8d7b10000 - 0x00007ff8d7b2f000 	C:\Windows\SYSTEM32\profapi.dll
0x00007ff8a2f40000 - 0x00007ff8a2f59000 	C:\Program Files\Java\jdk\bin\net.dll
0x00007ff8cf3d0000 - 0x00007ff8cf4da000 	C:\Windows\SYSTEM32\WINHTTP.dll
0x00007ff8d7240000 - 0x00007ff8d72aa000 	C:\Windows\system32\mswsock.dll
0x00007ff8a1990000 - 0x00007ff8a19a2000 	C:\Program Files\Java\jdk\bin\nio.dll
0x00007ff89e990000 - 0x00007ff89e9b7000 	C:\Users\hafiz\.gradle\native\e1d6ef7f7dcc3fd88c89a11ec53ec762bb8ba0a96d01ffa2cd45eb1d1d8dd5c5\windows-amd64\native-platform.dll
0x00007ff89e1a0000 - 0x00007ff89e2e4000 	C:\Users\hafiz\.gradle\native\0d407fdbe67a94daf76414ababcb853783967236a71b16ec16e742cd7a986fd3\windows-amd64\native-platform-file-events.dll
0x00007ff8cd710000 - 0x00007ff8cd719000 	C:\Program Files\Java\jdk\bin\management.dll
0x00007ff8cbb10000 - 0x00007ff8cbb1b000 	C:\Program Files\Java\jdk\bin\management_ext.dll
0x00007ff8d77e0000 - 0x00007ff8d77f8000 	C:\Windows\SYSTEM32\CRYPTSP.dll
0x00007ff8d6b80000 - 0x00007ff8d6bb4000 	C:\Windows\system32\rsaenh.dll
0x00007ff8d7dc0000 - 0x00007ff8d7de7000 	C:\Windows\System32\bcrypt.dll
0x00007ff8d7a90000 - 0x00007ff8d7abe000 	C:\Windows\SYSTEM32\USERENV.dll
0x00007ff8d73d0000 - 0x00007ff8d73dc000 	C:\Windows\SYSTEM32\CRYPTBASE.dll
0x00007ff8d6f50000 - 0x00007ff8d6f8c000 	C:\Windows\SYSTEM32\IPHLPAPI.DLL
0x00007ff8d8680000 - 0x00007ff8d8688000 	C:\Windows\System32\NSI.dll
0x00007ff8cf870000 - 0x00007ff8cf887000 	C:\Windows\SYSTEM32\dhcpcsvc6.DLL
0x00007ff8cf850000 - 0x00007ff8cf86d000 	C:\Windows\SYSTEM32\dhcpcsvc.DLL
0x00007ff8d6f90000 - 0x00007ff8d705a000 	C:\Windows\SYSTEM32\DNSAPI.dll

dbghelp: loaded successfully - version: 4.0.5 - missing functions: none
symbol engine: initialized successfully - sym options: 0x614 - pdb path: .;C:\Program Files\Java\jdk\bin;C:\Windows\SYSTEM32;C:\Windows\WinSxS\amd64_microsoft.windows.common-controls_6595b64144ccf1df_6.0.19041.1110_none_60b5254171f9507e;C:\Program Files\Java\jdk\bin\server;C:\Users\hafiz\.gradle\native\e1d6ef7f7dcc3fd88c89a11ec53ec762bb8ba0a96d01ffa2cd45eb1d1d8dd5c5\windows-amd64;C:\Users\hafiz\.gradle\native\0d407fdbe67a94daf76414ababcb853783967236a71b16ec16e742cd7a986fd3\windows-amd64

VM Arguments:
jvm_args: -XX:MaxMetaspaceSize=512m --add-opens=java.base/java.util=ALL-UNNAMED --add-opens=java.base/java.lang=ALL-UNNAMED --add-opens=java.base/java.lang.invoke=ALL-UNNAMED --add-opens=java.base/java.util=ALL-UNNAMED --add-opens=java.prefs/java.util.prefs=ALL-UNNAMED --add-opens=java.prefs/java.util.prefs=ALL-UNNAMED --add-opens=java.base/java.nio.charset=ALL-UNNAMED --add-opens=java.base/java.net=ALL-UNNAMED --add-opens=java.base/java.util.concurrent.atomic=ALL-UNNAMED -Xmx2048m -Dfile.encoding=windows-1252 -Duser.country=US -Duser.language=en -Duser.variant 
java_command: org.gradle.launcher.daemon.bootstrap.GradleDaemon 7.5.1
java_class_path (initial): C:\Users\hafiz\.gradle\wrapper\dists\gradle-7.5.1-all\1ehga6e77gqps5uk2kc5kf1vc\gradle-7.5.1\lib\gradle-launcher-7.5.1.jar
Launcher Type: SUN_STANDARD

[Global flags]
     intx CICompilerCount                          = 3                                         {product} {ergonomic}
   size_t CompressedClassSpaceSize                 = 528482304                                 {product} {ergonomic}
     uint ConcGCThreads                            = 1                                         {product} {ergonomic}
     uint G1ConcRefinementThreads                  = 4                                         {product} {ergonomic}
   size_t G1HeapRegionSize                         = 1048576                                   {product} {ergonomic}
    uintx GCDrainStackTargetSize                   = 64                                        {product} {ergonomic}
   size_t InitialHeapSize                          = 130023424                                 {product} {ergonomic}
   size_t MarkStackSize                            = 4194304                                   {product} {ergonomic}
   size_t MaxHeapSize                              = 2147483648                                {product} {command line}
   size_t MaxMetaspaceSize                         = 536870912                                 {product} {command line}
   size_t MaxNewSize                               = 1287651328                                {product} {ergonomic}
   size_t MinHeapDeltaBytes                        = 1048576                                   {product} {ergonomic}
    uintx NonNMethodCodeHeapSize                   = 5830732                                {pd product} {ergonomic}
    uintx NonProfiledCodeHeapSize                  = 122913754                              {pd product} {ergonomic}
    uintx ProfiledCodeHeapSize                     = 122913754                              {pd product} {ergonomic}
    uintx ReservedCodeCacheSize                    = 251658240                              {pd product} {ergonomic}
     bool SegmentedCodeCache                       = true                                      {product} {ergonomic}
     bool UseCompressedClassPointers               = true                                 {lp64_product} {ergonomic}
     bool UseCompressedOops                        = true                                 {lp64_product} {ergonomic}
     bool UseG1GC                                  = true                                      {product} {ergonomic}
     bool UseLargePagesIndividualAllocation        = false                                  {pd product} {ergonomic}

Logging:
Log output configuration:
 #0: stdout all=warning uptime,level,tags
 #1: stderr all=off uptime,level,tags

Environment Variables:
JAVA_HOME=C:\Program Files\Java\jdk
CLASSPATH=C:\Users\hafiz\OneDrive\Desktop\HelpSoEasy\video-call-aapp\android\\gradle\wrapper\gradle-wrapper.jar
PATH=C:\Users\hafiz\OneDrive\Desktop\HelpSoEasy\video-call-aapp\android\node_modules\.bin;C:\Users\hafiz\OneDrive\Desktop\HelpSoEasy\video-call-aapp\node_modules\.bin;C:\Users\hafiz\OneDrive\Desktop\HelpSoEasy\node_modules\.bin;C:\Users\hafiz\OneDrive\Desktop\node_modules\.bin;C:\Users\hafiz\OneDrive\node_modules\.bin;C:\Users\hafiz\node_modules\.bin;C:\Users\node_modules\.bin;C:\node_modules\.bin;C:\Program Files\nodejs;C:\Users\hafiz\OneDrive\Desktop\HelpSoEasy\video-call-aapp\node_modules\.bin;C:\Users\hafiz\OneDrive\Desktop\HelpSoEasy\video-call-aapp\node_modules\.bin;C:\Users\hafiz\OneDrive\Desktop\HelpSoEasy\node_modules\.bin;C:\Users\hafiz\OneDrive\Desktop\node_modules\.bin;C:\Users\hafiz\OneDrive\node_modules\.bin;C:\Users\hafiz\node_modules\.bin;C:\Users\node_modules\.bin;C:\node_modules\.bin;C:\Program Files\nodejs\node_modules\npm\node_modules\@npmcli\run-script\lib\node-gyp-bin;C:\Program Files\Common Files\Oracle\Java\javapath;C:\Windows\system32;C:\Windows;C:\Windows\System32\Wbem;C:\Windows\System32\WindowsPowerShell\v1.0\;C:\Windows\System32\OpenSSH\;D:\laragon\bin\php\php-8.1;D:\ComposerSetup;C:\ProgramData\chocolatey\bin;C:\Users\hafiz\AppData\Roaming\nvm;C:\Program Files\nodejs;C:\Program Files\nodejs\;C:\Users\hafiz\AppData\Local\Android\Sdk\platform-tools;C:\Program Files\Git\cmd;C:\Program Files\Microsoft SQL Server\Client SDK\ODBC\130\Tools\Binn\;C:\Program Files (x86)\Microsoft SQL Server\140\Tools\Binn\;C:\Program Files\Microsoft SQL Server\140\Tools\Binn\;C:\Program Files\Microsoft SQL Server\140\DTS\Binn\;C:\Program Files (x86)\Microsoft SQL Server\160\DTS\Binn\;C:\Program Files\Azure Data Studio\bin;C:\Program Files\dotnet\;C:\Users\hafiz\AppData\Local\Programs\Python\Python311\Scripts\;C:\Users\hafiz\AppData\Local\Programs\Python\Python311\;C:\Users\hafiz\AppData\Local\Microsoft\WindowsApps;C:\Users\hafiz\AppData\Local\Programs\Microsoft VS Code\bin;C:\Users\hafiz\AppData\Roaming\Composer\vendor\bin;C:\Users\hafiz\AppData\Roaming\nvm;C:\Pro
USERNAME=hafiz
OS=Windows_NT
PROCESSOR_IDENTIFIER=Intel64 Family 6 Model 78 Stepping 3, GenuineIntel



---------------  S Y S T E M  ---------------

OS: Windows 10 , 64 bit Build 19041 (10.0.19041.3031)
Hyper-V role detected

CPU:total 4 (initial active 4) (2 cores per cpu, 2 threads per core) family 6 model 78 stepping 3 microcode 0xcc, cmov, cx8, fxsr, mmx, sse, sse2, sse3, ssse3, sse4.1, sse4.2, popcnt, avx, avx2, aes, clmul, erms, rtm, 3dnowpref, lzcnt, ht, tsc, tscinvbit, bmi1, bmi2, adx, fma

Memory: 4k page, system-wide physical 7866M (873M free)
TotalPageFile size 9914M (AvailPageFile size 16M)
current process WorkingSet (physical memory assigned to process): 401M, peak: 408M
current process commit charge ("private bytes"): 439M, peak: 464M

vm_info: Java HotSpot(TM) 64-Bit Server VM (11.0.17+10-LTS-269) for windows-amd64 JRE (11.0.17+10-LTS-269), built on Sep 13 2022 19:26:37 by "mach5one" with MS VC++ 15.9 (VS2017)

END.
